Calling target program-options parser
[07:16:17.313] [bmv2] [D] [thread 5727] Set default default entry for table 'MyIngress.ipv4_lpm': NoAction - 
[07:16:17.313] [bmv2] [D] [thread 5727] Set default default entry for table 'tbl_activate_INT': MyIngress.activate_INT - 
[07:16:17.313] [bmv2] [D] [thread 5727] Set default default entry for table 'MyIngress.INT_tab': NoAction - 
[07:16:17.313] [bmv2] [D] [thread 5727] Set default default entry for table 'MyIngress.sink_config': NoAction - 
[07:16:17.313] [bmv2] [D] [thread 5727] Set default default entry for table 'tbl_int264': int264 - 
[07:16:17.314] [bmv2] [D] [thread 5727] Set default default entry for table 'tbl_remove_sink_header': MyEgress.remove_sink_header - 
[07:16:17.314] [bmv2] [D] [thread 5727] Set default default entry for table 'MyEgress.direct_report': NoAction - 
[07:16:17.314] [bmv2] [D] [thread 5727] Set default default entry for table 'tbl_int321': int321 - 
Adding interface s1-eth1 as port 1
[07:16:17.315] [bmv2] [D] [thread 5727] Adding interface s1-eth1 as port 1
Adding interface s1-eth2 as port 2
[07:16:17.350] [bmv2] [D] [thread 5727] Adding interface s1-eth2 as port 2
Adding interface s1-eth3 as port 3
[07:16:17.410] [bmv2] [D] [thread 5727] Adding interface s1-eth3 as port 3
Server listening on 0.0.0.0:50051
[07:16:17.450] [bmv2] [I] [thread 5727] Starting Thrift server on port 9090
[07:16:17.451] [bmv2] [I] [thread 5727] Thrift server was started
[07:16:17.474] [bmv2] [D] [thread 5737] [0.0] [cxt 0] Processing packet received on port 3
[07:16:17.475] [bmv2] [D] [thread 5737] [0.0] [cxt 0] Parser 'parser': start
[07:16:17.475] [bmv2] [D] [thread 5737] [0.0] [cxt 0] Parser 'parser' entering state 'start'
[07:16:17.475] [bmv2] [D] [thread 5737] [0.0] [cxt 0] Extracting header 'ethernet'
[07:16:17.475] [bmv2] [D] [thread 5737] [0.0] [cxt 0] Parser state 'start': key is 86dd
[07:16:17.475] [bmv2] [T] [thread 5737] [0.0] [cxt 0] Bytes parsed: 14
[07:16:17.475] [bmv2] [D] [thread 5737] [0.0] [cxt 0] Parser 'parser': end
[07:16:17.475] [bmv2] [D] [thread 5737] [0.0] [cxt 0] Pipeline 'ingress': start
[07:16:17.475] [bmv2] [T] [thread 5737] [0.0] [cxt 0] int.p4(240) Condition "hdr.ipv4.isValid()" (node_2) is false
[07:16:17.475] [bmv2] [D] [thread 5737] [0.0] [cxt 0] Pipeline 'ingress': end
[07:16:17.475] [bmv2] [D] [thread 5737] [0.0] [cxt 0] Egress port is 0
[07:16:17.475] [bmv2] [D] [thread 5738] [0.0] [cxt 0] Pipeline 'egress': start
[07:16:17.475] [bmv2] [T] [thread 5738] [0.0] [cxt 0] int.p4(309) Condition "standard_metadata.instance_type == 0" (node_13) is true
[07:16:17.475] [bmv2] [T] [thread 5738] [0.0] [cxt 0] int.p4(310) Condition "hdr.ipv4_option.optionLength==4" (node_14) is false
[07:16:17.475] [bmv2] [T] [thread 5738] [0.0] [cxt 0] int.p4(318) Condition "standard_metadata.instance_type == 1" (node_17) is false
[07:16:17.475] [bmv2] [D] [thread 5738] [0.0] [cxt 0] Pipeline 'egress': end
[07:16:17.475] [bmv2] [D] [thread 5738] [0.0] [cxt 0] Deparser 'deparser': start
[07:16:17.475] [bmv2] [T] [thread 5738] [0.0] [cxt 0] Skipping checksum 'cksum' update because condition not met
[07:16:17.475] [bmv2] [D] [thread 5738] [0.0] [cxt 0] Deparsing header 'ethernet'
[07:16:17.475] [bmv2] [D] [thread 5738] [0.0] [cxt 0] Deparser 'deparser': end
[07:16:17.475] [bmv2] [D] [thread 5742] [0.0] [cxt 0] Transmitting packet of size 86 out of port 0
[07:16:17.538] [bmv2] [D] [thread 5737] [1.0] [cxt 0] Processing packet received on port 1
[07:16:17.538] [bmv2] [D] [thread 5737] [1.0] [cxt 0] Parser 'parser': start
[07:16:17.538] [bmv2] [D] [thread 5737] [1.0] [cxt 0] Parser 'parser' entering state 'start'
[07:16:17.538] [bmv2] [D] [thread 5737] [1.0] [cxt 0] Extracting header 'ethernet'
[07:16:17.538] [bmv2] [D] [thread 5737] [1.0] [cxt 0] Parser state 'start': key is 86dd
[07:16:17.538] [bmv2] [T] [thread 5737] [1.0] [cxt 0] Bytes parsed: 14
[07:16:17.538] [bmv2] [D] [thread 5737] [1.0] [cxt 0] Parser 'parser': end
[07:16:17.538] [bmv2] [D] [thread 5737] [1.0] [cxt 0] Pipeline 'ingress': start
[07:16:17.538] [bmv2] [T] [thread 5737] [1.0] [cxt 0] int.p4(240) Condition "hdr.ipv4.isValid()" (node_2) is false
[07:16:17.538] [bmv2] [D] [thread 5737] [1.0] [cxt 0] Pipeline 'ingress': end
[07:16:17.538] [bmv2] [D] [thread 5737] [1.0] [cxt 0] Egress port is 0
[07:16:17.538] [bmv2] [D] [thread 5738] [1.0] [cxt 0] Pipeline 'egress': start
[07:16:17.538] [bmv2] [T] [thread 5738] [1.0] [cxt 0] int.p4(309) Condition "standard_metadata.instance_type == 0" (node_13) is true
[07:16:17.538] [bmv2] [T] [thread 5738] [1.0] [cxt 0] int.p4(310) Condition "hdr.ipv4_option.optionLength==4" (node_14) is false
[07:16:17.538] [bmv2] [T] [thread 5738] [1.0] [cxt 0] int.p4(318) Condition "standard_metadata.instance_type == 1" (node_17) is false
[07:16:17.538] [bmv2] [D] [thread 5738] [1.0] [cxt 0] Pipeline 'egress': end
[07:16:17.538] [bmv2] [D] [thread 5738] [1.0] [cxt 0] Deparser 'deparser': start
[07:16:17.538] [bmv2] [T] [thread 5738] [1.0] [cxt 0] Skipping checksum 'cksum' update because condition not met
[07:16:17.538] [bmv2] [D] [thread 5738] [1.0] [cxt 0] Deparsing header 'ethernet'
[07:16:17.538] [bmv2] [D] [thread 5738] [1.0] [cxt 0] Deparser 'deparser': end
[07:16:17.538] [bmv2] [D] [thread 5742] [1.0] [cxt 0] Transmitting packet of size 90 out of port 0
[07:16:17.604] [bmv2] [D] [thread 5737] [2.0] [cxt 0] Processing packet received on port 2
[07:16:17.605] [bmv2] [D] [thread 5737] [2.0] [cxt 0] Parser 'parser': start
[07:16:17.605] [bmv2] [D] [thread 5737] [2.0] [cxt 0] Parser 'parser' entering state 'start'
[07:16:17.605] [bmv2] [D] [thread 5737] [2.0] [cxt 0] Extracting header 'ethernet'
[07:16:17.605] [bmv2] [D] [thread 5737] [2.0] [cxt 0] Parser state 'start': key is 86dd
[07:16:17.605] [bmv2] [T] [thread 5737] [2.0] [cxt 0] Bytes parsed: 14
[07:16:17.605] [bmv2] [D] [thread 5737] [2.0] [cxt 0] Parser 'parser': end
[07:16:17.605] [bmv2] [D] [thread 5737] [2.0] [cxt 0] Pipeline 'ingress': start
[07:16:17.605] [bmv2] [T] [thread 5737] [2.0] [cxt 0] int.p4(240) Condition "hdr.ipv4.isValid()" (node_2) is false
[07:16:17.605] [bmv2] [D] [thread 5737] [2.0] [cxt 0] Pipeline 'ingress': end
[07:16:17.605] [bmv2] [D] [thread 5737] [2.0] [cxt 0] Egress port is 0
[07:16:17.606] [bmv2] [D] [thread 5737] [3.0] [cxt 0] Processing packet received on port 2
[07:16:17.606] [bmv2] [D] [thread 5737] [3.0] [cxt 0] Parser 'parser': start
[07:16:17.606] [bmv2] [D] [thread 5737] [3.0] [cxt 0] Parser 'parser' entering state 'start'
[07:16:17.606] [bmv2] [D] [thread 5737] [3.0] [cxt 0] Extracting header 'ethernet'
[07:16:17.606] [bmv2] [D] [thread 5737] [3.0] [cxt 0] Parser state 'start': key is 86dd
[07:16:17.606] [bmv2] [T] [thread 5737] [3.0] [cxt 0] Bytes parsed: 14
[07:16:17.606] [bmv2] [D] [thread 5737] [3.0] [cxt 0] Parser 'parser': end
[07:16:17.606] [bmv2] [D] [thread 5737] [3.0] [cxt 0] Pipeline 'ingress': start
[07:16:17.606] [bmv2] [T] [thread 5737] [3.0] [cxt 0] int.p4(240) Condition "hdr.ipv4.isValid()" (node_2) is false
[07:16:17.606] [bmv2] [D] [thread 5737] [3.0] [cxt 0] Pipeline 'ingress': end
[07:16:17.606] [bmv2] [D] [thread 5737] [3.0] [cxt 0] Egress port is 0
[07:16:17.607] [bmv2] [D] [thread 5738] [2.0] [cxt 0] Pipeline 'egress': start
[07:16:17.607] [bmv2] [T] [thread 5738] [2.0] [cxt 0] int.p4(309) Condition "standard_metadata.instance_type == 0" (node_13) is true
[07:16:17.607] [bmv2] [T] [thread 5738] [2.0] [cxt 0] int.p4(310) Condition "hdr.ipv4_option.optionLength==4" (node_14) is false
[07:16:17.607] [bmv2] [T] [thread 5738] [2.0] [cxt 0] int.p4(318) Condition "standard_metadata.instance_type == 1" (node_17) is false
[07:16:17.607] [bmv2] [D] [thread 5738] [2.0] [cxt 0] Pipeline 'egress': end
[07:16:17.607] [bmv2] [D] [thread 5738] [2.0] [cxt 0] Deparser 'deparser': start
[07:16:17.607] [bmv2] [T] [thread 5738] [2.0] [cxt 0] Skipping checksum 'cksum' update because condition not met
[07:16:17.607] [bmv2] [D] [thread 5738] [2.0] [cxt 0] Deparsing header 'ethernet'
[07:16:17.607] [bmv2] [D] [thread 5738] [2.0] [cxt 0] Deparser 'deparser': end
[07:16:17.607] [bmv2] [D] [thread 5742] [2.0] [cxt 0] Transmitting packet of size 90 out of port 0
[07:16:17.608] [bmv2] [D] [thread 5738] [3.0] [cxt 0] Pipeline 'egress': start
[07:16:17.608] [bmv2] [T] [thread 5738] [3.0] [cxt 0] int.p4(309) Condition "standard_metadata.instance_type == 0" (node_13) is true
[07:16:17.608] [bmv2] [T] [thread 5738] [3.0] [cxt 0] int.p4(310) Condition "hdr.ipv4_option.optionLength==4" (node_14) is false
[07:16:17.608] [bmv2] [T] [thread 5738] [3.0] [cxt 0] int.p4(318) Condition "standard_metadata.instance_type == 1" (node_17) is false
[07:16:17.608] [bmv2] [D] [thread 5738] [3.0] [cxt 0] Pipeline 'egress': end
[07:16:17.608] [bmv2] [D] [thread 5738] [3.0] [cxt 0] Deparser 'deparser': start
[07:16:17.608] [bmv2] [T] [thread 5738] [3.0] [cxt 0] Skipping checksum 'cksum' update because condition not met
[07:16:17.608] [bmv2] [D] [thread 5738] [3.0] [cxt 0] Deparsing header 'ethernet'
[07:16:17.608] [bmv2] [D] [thread 5738] [3.0] [cxt 0] Deparser 'deparser': end
[07:16:17.608] [bmv2] [D] [thread 5742] [3.0] [cxt 0] Transmitting packet of size 70 out of port 0
[07:16:17.670] [bmv2] [D] [thread 5737] [4.0] [cxt 0] Processing packet received on port 3
[07:16:17.670] [bmv2] [D] [thread 5737] [4.0] [cxt 0] Parser 'parser': start
[07:16:17.670] [bmv2] [D] [thread 5737] [4.0] [cxt 0] Parser 'parser' entering state 'start'
[07:16:17.670] [bmv2] [D] [thread 5737] [4.0] [cxt 0] Extracting header 'ethernet'
[07:16:17.670] [bmv2] [D] [thread 5737] [4.0] [cxt 0] Parser state 'start': key is 86dd
[07:16:17.670] [bmv2] [T] [thread 5737] [4.0] [cxt 0] Bytes parsed: 14
[07:16:17.670] [bmv2] [D] [thread 5737] [4.0] [cxt 0] Parser 'parser': end
[07:16:17.670] [bmv2] [D] [thread 5737] [4.0] [cxt 0] Pipeline 'ingress': start
[07:16:17.670] [bmv2] [T] [thread 5737] [4.0] [cxt 0] int.p4(240) Condition "hdr.ipv4.isValid()" (node_2) is false
[07:16:17.670] [bmv2] [D] [thread 5737] [4.0] [cxt 0] Pipeline 'ingress': end
[07:16:17.670] [bmv2] [D] [thread 5737] [4.0] [cxt 0] Egress port is 0
[07:16:17.670] [bmv2] [D] [thread 5737] [5.0] [cxt 0] Processing packet received on port 3
[07:16:17.670] [bmv2] [D] [thread 5737] [5.0] [cxt 0] Parser 'parser': start
[07:16:17.670] [bmv2] [D] [thread 5737] [5.0] [cxt 0] Parser 'parser' entering state 'start'
[07:16:17.670] [bmv2] [D] [thread 5737] [5.0] [cxt 0] Extracting header 'ethernet'
[07:16:17.670] [bmv2] [D] [thread 5737] [5.0] [cxt 0] Parser state 'start': key is 86dd
[07:16:17.670] [bmv2] [T] [thread 5737] [5.0] [cxt 0] Bytes parsed: 14
[07:16:17.670] [bmv2] [D] [thread 5737] [5.0] [cxt 0] Parser 'parser': end
[07:16:17.671] [bmv2] [D] [thread 5737] [5.0] [cxt 0] Pipeline 'ingress': start
[07:16:17.671] [bmv2] [T] [thread 5737] [5.0] [cxt 0] int.p4(240) Condition "hdr.ipv4.isValid()" (node_2) is false
[07:16:17.671] [bmv2] [D] [thread 5737] [5.0] [cxt 0] Pipeline 'ingress': end
[07:16:17.671] [bmv2] [D] [thread 5737] [5.0] [cxt 0] Egress port is 0
[07:16:17.672] [bmv2] [D] [thread 5738] [4.0] [cxt 0] Pipeline 'egress': start
[07:16:17.672] [bmv2] [T] [thread 5738] [4.0] [cxt 0] int.p4(309) Condition "standard_metadata.instance_type == 0" (node_13) is true
[07:16:17.672] [bmv2] [T] [thread 5738] [4.0] [cxt 0] int.p4(310) Condition "hdr.ipv4_option.optionLength==4" (node_14) is false
[07:16:17.672] [bmv2] [T] [thread 5738] [4.0] [cxt 0] int.p4(318) Condition "standard_metadata.instance_type == 1" (node_17) is false
[07:16:17.672] [bmv2] [D] [thread 5738] [4.0] [cxt 0] Pipeline 'egress': end
[07:16:17.672] [bmv2] [D] [thread 5738] [4.0] [cxt 0] Deparser 'deparser': start
[07:16:17.672] [bmv2] [T] [thread 5738] [4.0] [cxt 0] Skipping checksum 'cksum' update because condition not met
[07:16:17.672] [bmv2] [D] [thread 5738] [4.0] [cxt 0] Deparsing header 'ethernet'
[07:16:17.672] [bmv2] [D] [thread 5738] [4.0] [cxt 0] Deparser 'deparser': end
[07:16:17.672] [bmv2] [D] [thread 5742] [4.0] [cxt 0] Transmitting packet of size 90 out of port 0
[07:16:17.673] [bmv2] [D] [thread 5738] [5.0] [cxt 0] Pipeline 'egress': start
[07:16:17.673] [bmv2] [T] [thread 5738] [5.0] [cxt 0] int.p4(309) Condition "standard_metadata.instance_type == 0" (node_13) is true
[07:16:17.673] [bmv2] [T] [thread 5738] [5.0] [cxt 0] int.p4(310) Condition "hdr.ipv4_option.optionLength==4" (node_14) is false
[07:16:17.673] [bmv2] [T] [thread 5738] [5.0] [cxt 0] int.p4(318) Condition "standard_metadata.instance_type == 1" (node_17) is false
[07:16:17.673] [bmv2] [D] [thread 5738] [5.0] [cxt 0] Pipeline 'egress': end
[07:16:17.673] [bmv2] [D] [thread 5738] [5.0] [cxt 0] Deparser 'deparser': start
[07:16:17.673] [bmv2] [T] [thread 5738] [5.0] [cxt 0] Skipping checksum 'cksum' update because condition not met
[07:16:17.673] [bmv2] [D] [thread 5738] [5.0] [cxt 0] Deparsing header 'ethernet'
[07:16:17.673] [bmv2] [D] [thread 5738] [5.0] [cxt 0] Deparser 'deparser': end
[07:16:17.673] [bmv2] [D] [thread 5742] [5.0] [cxt 0] Transmitting packet of size 70 out of port 0
[07:16:17.701] [bmv2] [D] [thread 5737] [6.0] [cxt 0] Processing packet received on port 1
[07:16:17.701] [bmv2] [D] [thread 5737] [6.0] [cxt 0] Parser 'parser': start
[07:16:17.701] [bmv2] [D] [thread 5737] [6.0] [cxt 0] Parser 'parser' entering state 'start'
[07:16:17.701] [bmv2] [D] [thread 5737] [6.0] [cxt 0] Extracting header 'ethernet'
[07:16:17.701] [bmv2] [D] [thread 5737] [6.0] [cxt 0] Parser state 'start': key is 86dd
[07:16:17.701] [bmv2] [T] [thread 5737] [6.0] [cxt 0] Bytes parsed: 14
[07:16:17.701] [bmv2] [D] [thread 5737] [6.0] [cxt 0] Parser 'parser': end
[07:16:17.701] [bmv2] [D] [thread 5737] [6.0] [cxt 0] Pipeline 'ingress': start
[07:16:17.701] [bmv2] [T] [thread 5737] [6.0] [cxt 0] int.p4(240) Condition "hdr.ipv4.isValid()" (node_2) is false
[07:16:17.701] [bmv2] [D] [thread 5737] [6.0] [cxt 0] Pipeline 'ingress': end
[07:16:17.701] [bmv2] [D] [thread 5737] [6.0] [cxt 0] Egress port is 0
[07:16:17.701] [bmv2] [D] [thread 5737] [7.0] [cxt 0] Processing packet received on port 1
[07:16:17.701] [bmv2] [D] [thread 5737] [7.0] [cxt 0] Parser 'parser': start
[07:16:17.701] [bmv2] [D] [thread 5737] [7.0] [cxt 0] Parser 'parser' entering state 'start'
[07:16:17.701] [bmv2] [D] [thread 5737] [7.0] [cxt 0] Extracting header 'ethernet'
[07:16:17.701] [bmv2] [D] [thread 5737] [7.0] [cxt 0] Parser state 'start': key is 86dd
[07:16:17.701] [bmv2] [T] [thread 5737] [7.0] [cxt 0] Bytes parsed: 14
[07:16:17.702] [bmv2] [D] [thread 5737] [7.0] [cxt 0] Parser 'parser': end
[07:16:17.702] [bmv2] [D] [thread 5737] [7.0] [cxt 0] Pipeline 'ingress': start
[07:16:17.702] [bmv2] [T] [thread 5737] [7.0] [cxt 0] int.p4(240) Condition "hdr.ipv4.isValid()" (node_2) is false
[07:16:17.702] [bmv2] [D] [thread 5737] [7.0] [cxt 0] Pipeline 'ingress': end
[07:16:17.702] [bmv2] [D] [thread 5737] [7.0] [cxt 0] Egress port is 0
[07:16:17.702] [bmv2] [D] [thread 5738] [6.0] [cxt 0] Pipeline 'egress': start
[07:16:17.702] [bmv2] [T] [thread 5738] [6.0] [cxt 0] int.p4(309) Condition "standard_metadata.instance_type == 0" (node_13) is true
[07:16:17.702] [bmv2] [T] [thread 5738] [6.0] [cxt 0] int.p4(310) Condition "hdr.ipv4_option.optionLength==4" (node_14) is false
[07:16:17.702] [bmv2] [T] [thread 5738] [6.0] [cxt 0] int.p4(318) Condition "standard_metadata.instance_type == 1" (node_17) is false
[07:16:17.702] [bmv2] [D] [thread 5738] [6.0] [cxt 0] Pipeline 'egress': end
[07:16:17.702] [bmv2] [D] [thread 5738] [6.0] [cxt 0] Deparser 'deparser': start
[07:16:17.702] [bmv2] [T] [thread 5738] [6.0] [cxt 0] Skipping checksum 'cksum' update because condition not met
[07:16:17.702] [bmv2] [D] [thread 5738] [6.0] [cxt 0] Deparsing header 'ethernet'
[07:16:17.702] [bmv2] [D] [thread 5738] [6.0] [cxt 0] Deparser 'deparser': end
[07:16:17.702] [bmv2] [D] [thread 5742] [6.0] [cxt 0] Transmitting packet of size 90 out of port 0
[07:16:17.703] [bmv2] [D] [thread 5738] [7.0] [cxt 0] Pipeline 'egress': start
[07:16:17.703] [bmv2] [T] [thread 5738] [7.0] [cxt 0] int.p4(309) Condition "standard_metadata.instance_type == 0" (node_13) is true
[07:16:17.703] [bmv2] [T] [thread 5738] [7.0] [cxt 0] int.p4(310) Condition "hdr.ipv4_option.optionLength==4" (node_14) is false
[07:16:17.703] [bmv2] [T] [thread 5738] [7.0] [cxt 0] int.p4(318) Condition "standard_metadata.instance_type == 1" (node_17) is false
[07:16:17.704] [bmv2] [D] [thread 5738] [7.0] [cxt 0] Pipeline 'egress': end
[07:16:17.704] [bmv2] [D] [thread 5738] [7.0] [cxt 0] Deparser 'deparser': start
[07:16:17.704] [bmv2] [T] [thread 5738] [7.0] [cxt 0] Skipping checksum 'cksum' update because condition not met
[07:16:17.704] [bmv2] [D] [thread 5738] [7.0] [cxt 0] Deparsing header 'ethernet'
[07:16:17.704] [bmv2] [D] [thread 5738] [7.0] [cxt 0] Deparser 'deparser': end
[07:16:17.704] [bmv2] [D] [thread 5742] [7.0] [cxt 0] Transmitting packet of size 70 out of port 0
[07:16:17.762] [bmv2] [D] [thread 5737] [8.0] [cxt 0] Processing packet received on port 1
[07:16:17.762] [bmv2] [D] [thread 5737] [8.0] [cxt 0] Parser 'parser': start
[07:16:17.762] [bmv2] [D] [thread 5737] [8.0] [cxt 0] Parser 'parser' entering state 'start'
[07:16:17.762] [bmv2] [D] [thread 5737] [8.0] [cxt 0] Extracting header 'ethernet'
[07:16:17.762] [bmv2] [D] [thread 5737] [8.0] [cxt 0] Parser state 'start': key is 86dd
[07:16:17.762] [bmv2] [T] [thread 5737] [8.0] [cxt 0] Bytes parsed: 14
[07:16:17.762] [bmv2] [D] [thread 5737] [8.0] [cxt 0] Parser 'parser': end
[07:16:17.762] [bmv2] [D] [thread 5737] [8.0] [cxt 0] Pipeline 'ingress': start
[07:16:17.762] [bmv2] [T] [thread 5737] [8.0] [cxt 0] int.p4(240) Condition "hdr.ipv4.isValid()" (node_2) is false
[07:16:17.762] [bmv2] [D] [thread 5737] [8.0] [cxt 0] Pipeline 'ingress': end
[07:16:17.762] [bmv2] [D] [thread 5737] [8.0] [cxt 0] Egress port is 0
[07:16:17.762] [bmv2] [D] [thread 5738] [8.0] [cxt 0] Pipeline 'egress': start
[07:16:17.762] [bmv2] [T] [thread 5738] [8.0] [cxt 0] int.p4(309) Condition "standard_metadata.instance_type == 0" (node_13) is true
[07:16:17.762] [bmv2] [T] [thread 5738] [8.0] [cxt 0] int.p4(310) Condition "hdr.ipv4_option.optionLength==4" (node_14) is false
[07:16:17.762] [bmv2] [T] [thread 5738] [8.0] [cxt 0] int.p4(318) Condition "standard_metadata.instance_type == 1" (node_17) is false
[07:16:17.762] [bmv2] [D] [thread 5738] [8.0] [cxt 0] Pipeline 'egress': end
[07:16:17.762] [bmv2] [D] [thread 5738] [8.0] [cxt 0] Deparser 'deparser': start
[07:16:17.762] [bmv2] [T] [thread 5738] [8.0] [cxt 0] Skipping checksum 'cksum' update because condition not met
[07:16:17.762] [bmv2] [D] [thread 5738] [8.0] [cxt 0] Deparsing header 'ethernet'
[07:16:17.762] [bmv2] [D] [thread 5738] [8.0] [cxt 0] Deparser 'deparser': end
[07:16:17.762] [bmv2] [D] [thread 5742] [8.0] [cxt 0] Transmitting packet of size 90 out of port 0
[07:16:18.090] [bmv2] [D] [thread 5737] [9.0] [cxt 0] Processing packet received on port 2
[07:16:18.090] [bmv2] [D] [thread 5737] [9.0] [cxt 0] Parser 'parser': start
[07:16:18.090] [bmv2] [D] [thread 5737] [9.0] [cxt 0] Parser 'parser' entering state 'start'
[07:16:18.090] [bmv2] [D] [thread 5737] [9.0] [cxt 0] Extracting header 'ethernet'
[07:16:18.090] [bmv2] [D] [thread 5737] [9.0] [cxt 0] Parser state 'start': key is 86dd
[07:16:18.090] [bmv2] [T] [thread 5737] [9.0] [cxt 0] Bytes parsed: 14
[07:16:18.090] [bmv2] [D] [thread 5737] [9.0] [cxt 0] Parser 'parser': end
[07:16:18.090] [bmv2] [D] [thread 5737] [9.0] [cxt 0] Pipeline 'ingress': start
[07:16:18.090] [bmv2] [T] [thread 5737] [9.0] [cxt 0] int.p4(240) Condition "hdr.ipv4.isValid()" (node_2) is false
[07:16:18.090] [bmv2] [D] [thread 5737] [9.0] [cxt 0] Pipeline 'ingress': end
[07:16:18.090] [bmv2] [D] [thread 5737] [9.0] [cxt 0] Egress port is 0
[07:16:18.090] [bmv2] [D] [thread 5737] [10.0] [cxt 0] Processing packet received on port 2
[07:16:18.090] [bmv2] [D] [thread 5737] [10.0] [cxt 0] Parser 'parser': start
[07:16:18.090] [bmv2] [D] [thread 5737] [10.0] [cxt 0] Parser 'parser' entering state 'start'
[07:16:18.090] [bmv2] [D] [thread 5737] [10.0] [cxt 0] Extracting header 'ethernet'
[07:16:18.090] [bmv2] [D] [thread 5737] [10.0] [cxt 0] Parser state 'start': key is 86dd
[07:16:18.091] [bmv2] [T] [thread 5737] [10.0] [cxt 0] Bytes parsed: 14
[07:16:18.091] [bmv2] [D] [thread 5737] [10.0] [cxt 0] Parser 'parser': end
[07:16:18.091] [bmv2] [D] [thread 5737] [10.0] [cxt 0] Pipeline 'ingress': start
[07:16:18.091] [bmv2] [T] [thread 5737] [10.0] [cxt 0] int.p4(240) Condition "hdr.ipv4.isValid()" (node_2) is false
[07:16:18.091] [bmv2] [D] [thread 5737] [10.0] [cxt 0] Pipeline 'ingress': end
[07:16:18.091] [bmv2] [D] [thread 5737] [10.0] [cxt 0] Egress port is 0
[07:16:18.091] [bmv2] [D] [thread 5737] [11.0] [cxt 0] Processing packet received on port 2
[07:16:18.091] [bmv2] [D] [thread 5737] [11.0] [cxt 0] Parser 'parser': start
[07:16:18.091] [bmv2] [D] [thread 5737] [11.0] [cxt 0] Parser 'parser' entering state 'start'
[07:16:18.091] [bmv2] [D] [thread 5737] [11.0] [cxt 0] Extracting header 'ethernet'
[07:16:18.091] [bmv2] [D] [thread 5737] [11.0] [cxt 0] Parser state 'start': key is 86dd
[07:16:18.091] [bmv2] [T] [thread 5737] [11.0] [cxt 0] Bytes parsed: 14
[07:16:18.091] [bmv2] [D] [thread 5737] [11.0] [cxt 0] Parser 'parser': end
[07:16:18.091] [bmv2] [D] [thread 5737] [11.0] [cxt 0] Pipeline 'ingress': start
[07:16:18.091] [bmv2] [T] [thread 5737] [11.0] [cxt 0] int.p4(240) Condition "hdr.ipv4.isValid()" (node_2) is false
[07:16:18.091] [bmv2] [D] [thread 5737] [11.0] [cxt 0] Pipeline 'ingress': end
[07:16:18.091] [bmv2] [D] [thread 5737] [11.0] [cxt 0] Egress port is 0
[07:16:18.092] [bmv2] [D] [thread 5738] [9.0] [cxt 0] Pipeline 'egress': start
[07:16:18.092] [bmv2] [T] [thread 5738] [9.0] [cxt 0] int.p4(309) Condition "standard_metadata.instance_type == 0" (node_13) is true
[07:16:18.092] [bmv2] [T] [thread 5738] [9.0] [cxt 0] int.p4(310) Condition "hdr.ipv4_option.optionLength==4" (node_14) is false
[07:16:18.092] [bmv2] [T] [thread 5738] [9.0] [cxt 0] int.p4(318) Condition "standard_metadata.instance_type == 1" (node_17) is false
[07:16:18.092] [bmv2] [D] [thread 5738] [9.0] [cxt 0] Pipeline 'egress': end
[07:16:18.092] [bmv2] [D] [thread 5738] [9.0] [cxt 0] Deparser 'deparser': start
[07:16:18.092] [bmv2] [T] [thread 5738] [9.0] [cxt 0] Skipping checksum 'cksum' update because condition not met
[07:16:18.092] [bmv2] [D] [thread 5738] [9.0] [cxt 0] Deparsing header 'ethernet'
[07:16:18.092] [bmv2] [D] [thread 5738] [9.0] [cxt 0] Deparser 'deparser': end
[07:16:18.092] [bmv2] [D] [thread 5738] [10.0] [cxt 0] Pipeline 'egress': start
[07:16:18.092] [bmv2] [T] [thread 5738] [10.0] [cxt 0] int.p4(309) Condition "standard_metadata.instance_type == 0" (node_13) is true
[07:16:18.092] [bmv2] [T] [thread 5738] [10.0] [cxt 0] int.p4(310) Condition "hdr.ipv4_option.optionLength==4" (node_14) is false
[07:16:18.092] [bmv2] [T] [thread 5738] [10.0] [cxt 0] int.p4(318) Condition "standard_metadata.instance_type == 1" (node_17) is false
[07:16:18.092] [bmv2] [D] [thread 5738] [10.0] [cxt 0] Pipeline 'egress': end
[07:16:18.092] [bmv2] [D] [thread 5738] [10.0] [cxt 0] Deparser 'deparser': start
[07:16:18.092] [bmv2] [T] [thread 5738] [10.0] [cxt 0] Skipping checksum 'cksum' update because condition not met
[07:16:18.092] [bmv2] [D] [thread 5738] [10.0] [cxt 0] Deparsing header 'ethernet'
[07:16:18.092] [bmv2] [D] [thread 5738] [10.0] [cxt 0] Deparser 'deparser': end
[07:16:18.092] [bmv2] [D] [thread 5738] [11.0] [cxt 0] Pipeline 'egress': start
[07:16:18.092] [bmv2] [T] [thread 5738] [11.0] [cxt 0] int.p4(309) Condition "standard_metadata.instance_type == 0" (node_13) is true
[07:16:18.092] [bmv2] [T] [thread 5738] [11.0] [cxt 0] int.p4(310) Condition "hdr.ipv4_option.optionLength==4" (node_14) is false
[07:16:18.092] [bmv2] [T] [thread 5738] [11.0] [cxt 0] int.p4(318) Condition "standard_metadata.instance_type == 1" (node_17) is false
[07:16:18.093] [bmv2] [D] [thread 5738] [11.0] [cxt 0] Pipeline 'egress': end
[07:16:18.093] [bmv2] [D] [thread 5738] [11.0] [cxt 0] Deparser 'deparser': start
[07:16:18.093] [bmv2] [T] [thread 5738] [11.0] [cxt 0] Skipping checksum 'cksum' update because condition not met
[07:16:18.093] [bmv2] [D] [thread 5738] [11.0] [cxt 0] Deparsing header 'ethernet'
[07:16:18.093] [bmv2] [D] [thread 5738] [11.0] [cxt 0] Deparser 'deparser': end
[07:16:18.093] [bmv2] [D] [thread 5742] [9.0] [cxt 0] Transmitting packet of size 90 out of port 0
[07:16:18.093] [bmv2] [D] [thread 5742] [10.0] [cxt 0] Transmitting packet of size 70 out of port 0
[07:16:18.093] [bmv2] [D] [thread 5742] [11.0] [cxt 0] Transmitting packet of size 90 out of port 0
[07:16:18.254] [bmv2] [D] [thread 5737] [12.0] [cxt 0] Processing packet received on port 2
[07:16:18.254] [bmv2] [D] [thread 5737] [12.0] [cxt 0] Parser 'parser': start
[07:16:18.254] [bmv2] [D] [thread 5737] [12.0] [cxt 0] Parser 'parser' entering state 'start'
[07:16:18.254] [bmv2] [D] [thread 5737] [12.0] [cxt 0] Extracting header 'ethernet'
[07:16:18.254] [bmv2] [D] [thread 5737] [12.0] [cxt 0] Parser state 'start': key is 86dd
[07:16:18.254] [bmv2] [T] [thread 5737] [12.0] [cxt 0] Bytes parsed: 14
[07:16:18.254] [bmv2] [D] [thread 5737] [12.0] [cxt 0] Parser 'parser': end
[07:16:18.254] [bmv2] [D] [thread 5737] [12.0] [cxt 0] Pipeline 'ingress': start
[07:16:18.254] [bmv2] [T] [thread 5737] [12.0] [cxt 0] int.p4(240) Condition "hdr.ipv4.isValid()" (node_2) is false
[07:16:18.255] [bmv2] [D] [thread 5737] [12.0] [cxt 0] Pipeline 'ingress': end
[07:16:18.255] [bmv2] [D] [thread 5737] [12.0] [cxt 0] Egress port is 0
[07:16:18.255] [bmv2] [D] [thread 5738] [12.0] [cxt 0] Pipeline 'egress': start
[07:16:18.255] [bmv2] [T] [thread 5738] [12.0] [cxt 0] int.p4(309) Condition "standard_metadata.instance_type == 0" (node_13) is true
[07:16:18.255] [bmv2] [T] [thread 5738] [12.0] [cxt 0] int.p4(310) Condition "hdr.ipv4_option.optionLength==4" (node_14) is false
[07:16:18.255] [bmv2] [T] [thread 5738] [12.0] [cxt 0] int.p4(318) Condition "standard_metadata.instance_type == 1" (node_17) is false
[07:16:18.255] [bmv2] [D] [thread 5738] [12.0] [cxt 0] Pipeline 'egress': end
[07:16:18.255] [bmv2] [D] [thread 5738] [12.0] [cxt 0] Deparser 'deparser': start
[07:16:18.255] [bmv2] [T] [thread 5738] [12.0] [cxt 0] Skipping checksum 'cksum' update because condition not met
[07:16:18.255] [bmv2] [D] [thread 5738] [12.0] [cxt 0] Deparsing header 'ethernet'
[07:16:18.255] [bmv2] [D] [thread 5738] [12.0] [cxt 0] Deparser 'deparser': end
[07:16:18.255] [bmv2] [D] [thread 5742] [12.0] [cxt 0] Transmitting packet of size 90 out of port 0
[07:16:18.274] [bmv2] [D] [thread 5737] [13.0] [cxt 0] Processing packet received on port 3
[07:16:18.274] [bmv2] [D] [thread 5737] [13.0] [cxt 0] Parser 'parser': start
[07:16:18.274] [bmv2] [D] [thread 5737] [13.0] [cxt 0] Parser 'parser' entering state 'start'
[07:16:18.274] [bmv2] [D] [thread 5737] [13.0] [cxt 0] Extracting header 'ethernet'
[07:16:18.274] [bmv2] [D] [thread 5737] [13.0] [cxt 0] Parser state 'start': key is 86dd
[07:16:18.274] [bmv2] [T] [thread 5737] [13.0] [cxt 0] Bytes parsed: 14
[07:16:18.274] [bmv2] [D] [thread 5737] [13.0] [cxt 0] Parser 'parser': end
[07:16:18.274] [bmv2] [D] [thread 5737] [13.0] [cxt 0] Pipeline 'ingress': start
[07:16:18.274] [bmv2] [T] [thread 5737] [13.0] [cxt 0] int.p4(240) Condition "hdr.ipv4.isValid()" (node_2) is false
[07:16:18.274] [bmv2] [D] [thread 5737] [13.0] [cxt 0] Pipeline 'ingress': end
[07:16:18.274] [bmv2] [D] [thread 5737] [13.0] [cxt 0] Egress port is 0
[07:16:18.275] [bmv2] [D] [thread 5738] [13.0] [cxt 0] Pipeline 'egress': start
[07:16:18.275] [bmv2] [T] [thread 5738] [13.0] [cxt 0] int.p4(309) Condition "standard_metadata.instance_type == 0" (node_13) is true
[07:16:18.275] [bmv2] [T] [thread 5738] [13.0] [cxt 0] int.p4(310) Condition "hdr.ipv4_option.optionLength==4" (node_14) is false
[07:16:18.275] [bmv2] [T] [thread 5738] [13.0] [cxt 0] int.p4(318) Condition "standard_metadata.instance_type == 1" (node_17) is false
[07:16:18.275] [bmv2] [D] [thread 5738] [13.0] [cxt 0] Pipeline 'egress': end
[07:16:18.275] [bmv2] [D] [thread 5738] [13.0] [cxt 0] Deparser 'deparser': start
[07:16:18.275] [bmv2] [T] [thread 5738] [13.0] [cxt 0] Skipping checksum 'cksum' update because condition not met
[07:16:18.275] [bmv2] [D] [thread 5738] [13.0] [cxt 0] Deparsing header 'ethernet'
[07:16:18.275] [bmv2] [D] [thread 5738] [13.0] [cxt 0] Deparser 'deparser': end
[07:16:18.275] [bmv2] [D] [thread 5742] [13.0] [cxt 0] Transmitting packet of size 90 out of port 0
[07:16:18.498] [bmv2] [D] [thread 5737] [14.0] [cxt 0] Processing packet received on port 3
[07:16:18.498] [bmv2] [D] [thread 5737] [14.0] [cxt 0] Parser 'parser': start
[07:16:18.498] [bmv2] [D] [thread 5737] [14.0] [cxt 0] Parser 'parser' entering state 'start'
[07:16:18.498] [bmv2] [D] [thread 5737] [14.0] [cxt 0] Extracting header 'ethernet'
[07:16:18.498] [bmv2] [D] [thread 5737] [14.0] [cxt 0] Parser state 'start': key is 86dd
[07:16:18.498] [bmv2] [T] [thread 5737] [14.0] [cxt 0] Bytes parsed: 14
[07:16:18.498] [bmv2] [D] [thread 5737] [14.0] [cxt 0] Parser 'parser': end
[07:16:18.499] [bmv2] [D] [thread 5737] [14.0] [cxt 0] Pipeline 'ingress': start
[07:16:18.499] [bmv2] [T] [thread 5737] [14.0] [cxt 0] int.p4(240) Condition "hdr.ipv4.isValid()" (node_2) is false
[07:16:18.499] [bmv2] [D] [thread 5737] [14.0] [cxt 0] Pipeline 'ingress': end
[07:16:18.499] [bmv2] [D] [thread 5737] [14.0] [cxt 0] Egress port is 0
[07:16:18.499] [bmv2] [D] [thread 5737] [15.0] [cxt 0] Processing packet received on port 3
[07:16:18.499] [bmv2] [D] [thread 5737] [15.0] [cxt 0] Parser 'parser': start
[07:16:18.499] [bmv2] [D] [thread 5737] [15.0] [cxt 0] Parser 'parser' entering state 'start'
[07:16:18.499] [bmv2] [D] [thread 5737] [15.0] [cxt 0] Extracting header 'ethernet'
[07:16:18.499] [bmv2] [D] [thread 5737] [15.0] [cxt 0] Parser state 'start': key is 86dd
[07:16:18.499] [bmv2] [T] [thread 5737] [15.0] [cxt 0] Bytes parsed: 14
[07:16:18.499] [bmv2] [D] [thread 5737] [15.0] [cxt 0] Parser 'parser': end
[07:16:18.499] [bmv2] [D] [thread 5737] [15.0] [cxt 0] Pipeline 'ingress': start
[07:16:18.499] [bmv2] [T] [thread 5737] [15.0] [cxt 0] int.p4(240) Condition "hdr.ipv4.isValid()" (node_2) is false
[07:16:18.499] [bmv2] [D] [thread 5737] [15.0] [cxt 0] Pipeline 'ingress': end
[07:16:18.499] [bmv2] [D] [thread 5737] [15.0] [cxt 0] Egress port is 0
[07:16:18.501] [bmv2] [D] [thread 5738] [14.0] [cxt 0] Pipeline 'egress': start
[07:16:18.502] [bmv2] [T] [thread 5738] [14.0] [cxt 0] int.p4(309) Condition "standard_metadata.instance_type == 0" (node_13) is true
[07:16:18.502] [bmv2] [T] [thread 5738] [14.0] [cxt 0] int.p4(310) Condition "hdr.ipv4_option.optionLength==4" (node_14) is false
[07:16:18.502] [bmv2] [T] [thread 5738] [14.0] [cxt 0] int.p4(318) Condition "standard_metadata.instance_type == 1" (node_17) is false
[07:16:18.502] [bmv2] [D] [thread 5738] [14.0] [cxt 0] Pipeline 'egress': end
[07:16:18.502] [bmv2] [D] [thread 5738] [14.0] [cxt 0] Deparser 'deparser': start
[07:16:18.502] [bmv2] [T] [thread 5738] [14.0] [cxt 0] Skipping checksum 'cksum' update because condition not met
[07:16:18.502] [bmv2] [D] [thread 5738] [14.0] [cxt 0] Deparsing header 'ethernet'
[07:16:18.502] [bmv2] [D] [thread 5738] [14.0] [cxt 0] Deparser 'deparser': end
[07:16:18.502] [bmv2] [D] [thread 5738] [15.0] [cxt 0] Pipeline 'egress': start
[07:16:18.502] [bmv2] [T] [thread 5738] [15.0] [cxt 0] int.p4(309) Condition "standard_metadata.instance_type == 0" (node_13) is true
[07:16:18.502] [bmv2] [T] [thread 5738] [15.0] [cxt 0] int.p4(310) Condition "hdr.ipv4_option.optionLength==4" (node_14) is false
[07:16:18.502] [bmv2] [T] [thread 5738] [15.0] [cxt 0] int.p4(318) Condition "standard_metadata.instance_type == 1" (node_17) is false
[07:16:18.502] [bmv2] [D] [thread 5738] [15.0] [cxt 0] Pipeline 'egress': end
[07:16:18.502] [bmv2] [D] [thread 5738] [15.0] [cxt 0] Deparser 'deparser': start
[07:16:18.502] [bmv2] [T] [thread 5738] [15.0] [cxt 0] Skipping checksum 'cksum' update because condition not met
[07:16:18.502] [bmv2] [D] [thread 5738] [15.0] [cxt 0] Deparsing header 'ethernet'
[07:16:18.502] [bmv2] [D] [thread 5738] [15.0] [cxt 0] Deparser 'deparser': end
[07:16:18.504] [bmv2] [D] [thread 5742] [14.0] [cxt 0] Transmitting packet of size 90 out of port 0
[07:16:18.504] [bmv2] [D] [thread 5742] [15.0] [cxt 0] Transmitting packet of size 70 out of port 0
[07:16:19.298] [bmv2] [D] [thread 5737] [16.0] [cxt 0] Processing packet received on port 3
[07:16:19.298] [bmv2] [D] [thread 5737] [16.0] [cxt 0] Parser 'parser': start
[07:16:19.298] [bmv2] [D] [thread 5737] [16.0] [cxt 0] Parser 'parser' entering state 'start'
[07:16:19.298] [bmv2] [D] [thread 5737] [16.0] [cxt 0] Extracting header 'ethernet'
[07:16:19.298] [bmv2] [D] [thread 5737] [16.0] [cxt 0] Parser state 'start': key is 86dd
[07:16:19.298] [bmv2] [T] [thread 5737] [16.0] [cxt 0] Bytes parsed: 14
[07:16:19.298] [bmv2] [D] [thread 5737] [16.0] [cxt 0] Parser 'parser': end
[07:16:19.298] [bmv2] [D] [thread 5737] [16.0] [cxt 0] Pipeline 'ingress': start
[07:16:19.298] [bmv2] [T] [thread 5737] [16.0] [cxt 0] int.p4(240) Condition "hdr.ipv4.isValid()" (node_2) is false
[07:16:19.298] [bmv2] [D] [thread 5737] [16.0] [cxt 0] Pipeline 'ingress': end
[07:16:19.298] [bmv2] [D] [thread 5737] [16.0] [cxt 0] Egress port is 0
[07:16:19.298] [bmv2] [D] [thread 5738] [16.0] [cxt 0] Pipeline 'egress': start
[07:16:19.298] [bmv2] [T] [thread 5738] [16.0] [cxt 0] int.p4(309) Condition "standard_metadata.instance_type == 0" (node_13) is true
[07:16:19.298] [bmv2] [T] [thread 5738] [16.0] [cxt 0] int.p4(310) Condition "hdr.ipv4_option.optionLength==4" (node_14) is false
[07:16:19.298] [bmv2] [T] [thread 5738] [16.0] [cxt 0] int.p4(318) Condition "standard_metadata.instance_type == 1" (node_17) is false
[07:16:19.298] [bmv2] [D] [thread 5738] [16.0] [cxt 0] Pipeline 'egress': end
[07:16:19.298] [bmv2] [D] [thread 5738] [16.0] [cxt 0] Deparser 'deparser': start
[07:16:19.298] [bmv2] [T] [thread 5738] [16.0] [cxt 0] Skipping checksum 'cksum' update because condition not met
[07:16:19.298] [bmv2] [D] [thread 5738] [16.0] [cxt 0] Deparsing header 'ethernet'
[07:16:19.298] [bmv2] [D] [thread 5738] [16.0] [cxt 0] Deparser 'deparser': end
[07:16:19.298] [bmv2] [D] [thread 5742] [16.0] [cxt 0] Transmitting packet of size 90 out of port 0
[07:16:20.754] [bmv2] [W] [thread 5806] [P4Runtime] p4::tmp::P4DeviceConfig is deprecated
[07:16:20.762] [bmv2] [D] [thread 5806] Set default default entry for table 'MyIngress.ipv4_lpm': NoAction - 
[07:16:20.762] [bmv2] [D] [thread 5806] Set default default entry for table 'tbl_activate_INT': MyIngress.activate_INT - 
[07:16:20.762] [bmv2] [D] [thread 5806] Set default default entry for table 'MyIngress.INT_tab': NoAction - 
[07:16:20.762] [bmv2] [D] [thread 5806] Set default default entry for table 'MyIngress.sink_config': NoAction - 
[07:16:20.762] [bmv2] [D] [thread 5806] Set default default entry for table 'tbl_int264': int264 - 
[07:16:20.763] [bmv2] [D] [thread 5806] Set default default entry for table 'tbl_remove_sink_header': MyEgress.remove_sink_header - 
[07:16:20.763] [bmv2] [D] [thread 5806] Set default default entry for table 'MyEgress.direct_report': NoAction - 
[07:16:20.763] [bmv2] [D] [thread 5806] Set default default entry for table 'tbl_int321': int321 - 
[07:16:20.766] [bmv2] [D] [thread 5806] simple_switch target has been notified of a config swap
[07:16:20.772] [bmv2] [D] [thread 5807] Set default entry for table 'MyIngress.INT_tab': MyIngress.add_INT - 1,
[07:16:20.775] [bmv2] [D] [thread 5806] Entry 0 added to table 'MyIngress.ipv4_lpm'
[07:16:20.775] [bmv2] [D] [thread 5806] Dumping entry 0
Match key:
* hdr.ipv4.dstAddr    : LPM       0a000102/32
Action entry: MyIngress.ipv4_forward - 80000000101,1,

[07:16:20.779] [bmv2] [D] [thread 5807] Entry 1 added to table 'MyIngress.ipv4_lpm'
[07:16:20.779] [bmv2] [D] [thread 5807] Dumping entry 1
Match key:
* hdr.ipv4.dstAddr    : LPM       0a000300/24
Action entry: MyIngress.ipv4_forward - 80000000200,2,

[07:16:20.783] [bmv2] [D] [thread 5806] Entry 2 added to table 'MyIngress.ipv4_lpm'
[07:16:20.783] [bmv2] [D] [thread 5806] Dumping entry 2
Match key:
* hdr.ipv4.dstAddr    : LPM       0a000200/24
Action entry: MyIngress.ipv4_forward - 80000000200,2,

[07:16:20.786] [bmv2] [E] [thread 5807] Error when trying to add entry to table 'MyEgress.direct_report': NO_TABLE_KEY
[07:16:20.787] [bmv2] [E] [thread 5807] [P4Runtime] Error when adding match entry to target
