Calling target program-options parser
[07:16:17.909] [bmv2] [D] [thread 5744] Set default default entry for table 'MyIngress.ipv4_lpm': NoAction - 
[07:16:17.909] [bmv2] [D] [thread 5744] Set default default entry for table 'tbl_activate_INT': MyIngress.activate_INT - 
[07:16:17.909] [bmv2] [D] [thread 5744] Set default default entry for table 'MyIngress.INT_tab': NoAction - 
[07:16:17.909] [bmv2] [D] [thread 5744] Set default default entry for table 'MyIngress.sink_config': NoAction - 
[07:16:17.909] [bmv2] [D] [thread 5744] Set default default entry for table 'tbl_int264': int264 - 
[07:16:17.910] [bmv2] [D] [thread 5744] Set default default entry for table 'tbl_remove_sink_header': MyEgress.remove_sink_header - 
[07:16:17.910] [bmv2] [D] [thread 5744] Set default default entry for table 'MyEgress.direct_report': NoAction - 
[07:16:17.910] [bmv2] [D] [thread 5744] Set default default entry for table 'tbl_int321': int321 - 
Adding interface s2-eth1 as port 1
[07:16:17.911] [bmv2] [D] [thread 5744] Adding interface s2-eth1 as port 1
Adding interface s2-eth2 as port 2
[07:16:17.946] [bmv2] [D] [thread 5744] Adding interface s2-eth2 as port 2
Adding interface s2-eth3 as port 3
[07:16:17.982] [bmv2] [D] [thread 5744] Adding interface s2-eth3 as port 3
Server listening on 0.0.0.0:50052
[07:16:18.018] [bmv2] [I] [thread 5744] Starting Thrift server on port 9091
[07:16:18.019] [bmv2] [I] [thread 5744] Thrift server was started
[07:16:18.021] [bmv2] [D] [thread 5754] [0.0] [cxt 0] Processing packet received on port 2
[07:16:18.021] [bmv2] [D] [thread 5754] [0.0] [cxt 0] Parser 'parser': start
[07:16:18.021] [bmv2] [D] [thread 5754] [0.0] [cxt 0] Parser 'parser' entering state 'start'
[07:16:18.021] [bmv2] [D] [thread 5754] [0.0] [cxt 0] Extracting header 'ethernet'
[07:16:18.021] [bmv2] [D] [thread 5754] [0.0] [cxt 0] Parser state 'start': key is 86dd
[07:16:18.021] [bmv2] [T] [thread 5754] [0.0] [cxt 0] Bytes parsed: 14
[07:16:18.021] [bmv2] [D] [thread 5754] [0.0] [cxt 0] Parser 'parser': end
[07:16:18.021] [bmv2] [D] [thread 5754] [0.0] [cxt 0] Pipeline 'ingress': start
[07:16:18.021] [bmv2] [T] [thread 5754] [0.0] [cxt 0] int.p4(240) Condition "hdr.ipv4.isValid()" (node_2) is false
[07:16:18.021] [bmv2] [D] [thread 5754] [0.0] [cxt 0] Pipeline 'ingress': end
[07:16:18.021] [bmv2] [D] [thread 5754] [0.0] [cxt 0] Egress port is 0
[07:16:18.021] [bmv2] [D] [thread 5754] [1.0] [cxt 0] Processing packet received on port 2
[07:16:18.021] [bmv2] [D] [thread 5754] [1.0] [cxt 0] Parser 'parser': start
[07:16:18.021] [bmv2] [D] [thread 5754] [1.0] [cxt 0] Parser 'parser' entering state 'start'
[07:16:18.021] [bmv2] [D] [thread 5754] [1.0] [cxt 0] Extracting header 'ethernet'
[07:16:18.021] [bmv2] [D] [thread 5754] [1.0] [cxt 0] Parser state 'start': key is 86dd
[07:16:18.021] [bmv2] [T] [thread 5754] [1.0] [cxt 0] Bytes parsed: 14
[07:16:18.021] [bmv2] [D] [thread 5754] [1.0] [cxt 0] Parser 'parser': end
[07:16:18.021] [bmv2] [D] [thread 5754] [1.0] [cxt 0] Pipeline 'ingress': start
[07:16:18.021] [bmv2] [T] [thread 5754] [1.0] [cxt 0] int.p4(240) Condition "hdr.ipv4.isValid()" (node_2) is false
[07:16:18.021] [bmv2] [D] [thread 5754] [1.0] [cxt 0] Pipeline 'ingress': end
[07:16:18.021] [bmv2] [D] [thread 5754] [1.0] [cxt 0] Egress port is 0
[07:16:18.022] [bmv2] [D] [thread 5755] [0.0] [cxt 0] Pipeline 'egress': start
[07:16:18.022] [bmv2] [T] [thread 5755] [0.0] [cxt 0] int.p4(309) Condition "standard_metadata.instance_type == 0" (node_13) is true
[07:16:18.022] [bmv2] [T] [thread 5755] [0.0] [cxt 0] int.p4(310) Condition "hdr.ipv4_option.optionLength==4" (node_14) is false
[07:16:18.022] [bmv2] [T] [thread 5755] [0.0] [cxt 0] int.p4(318) Condition "standard_metadata.instance_type == 1" (node_17) is false
[07:16:18.022] [bmv2] [D] [thread 5755] [0.0] [cxt 0] Pipeline 'egress': end
[07:16:18.022] [bmv2] [D] [thread 5755] [0.0] [cxt 0] Deparser 'deparser': start
[07:16:18.022] [bmv2] [T] [thread 5755] [0.0] [cxt 0] Skipping checksum 'cksum' update because condition not met
[07:16:18.022] [bmv2] [D] [thread 5755] [0.0] [cxt 0] Deparsing header 'ethernet'
[07:16:18.022] [bmv2] [D] [thread 5755] [0.0] [cxt 0] Deparser 'deparser': end
[07:16:18.022] [bmv2] [D] [thread 5755] [1.0] [cxt 0] Pipeline 'egress': start
[07:16:18.022] [bmv2] [T] [thread 5755] [1.0] [cxt 0] int.p4(309) Condition "standard_metadata.instance_type == 0" (node_13) is true
[07:16:18.022] [bmv2] [T] [thread 5755] [1.0] [cxt 0] int.p4(310) Condition "hdr.ipv4_option.optionLength==4" (node_14) is false
[07:16:18.022] [bmv2] [T] [thread 5755] [1.0] [cxt 0] int.p4(318) Condition "standard_metadata.instance_type == 1" (node_17) is false
[07:16:18.022] [bmv2] [D] [thread 5755] [1.0] [cxt 0] Pipeline 'egress': end
[07:16:18.022] [bmv2] [D] [thread 5755] [1.0] [cxt 0] Deparser 'deparser': start
[07:16:18.022] [bmv2] [T] [thread 5755] [1.0] [cxt 0] Skipping checksum 'cksum' update because condition not met
[07:16:18.022] [bmv2] [D] [thread 5755] [1.0] [cxt 0] Deparsing header 'ethernet'
[07:16:18.022] [bmv2] [D] [thread 5755] [1.0] [cxt 0] Deparser 'deparser': end
[07:16:18.022] [bmv2] [D] [thread 5759] [0.0] [cxt 0] Transmitting packet of size 90 out of port 0
[07:16:18.022] [bmv2] [D] [thread 5759] [1.0] [cxt 0] Transmitting packet of size 70 out of port 0
[07:16:18.096] [bmv2] [D] [thread 5754] [2.0] [cxt 0] Processing packet received on port 1
[07:16:18.097] [bmv2] [D] [thread 5754] [2.0] [cxt 0] Parser 'parser': start
[07:16:18.097] [bmv2] [D] [thread 5754] [2.0] [cxt 0] Parser 'parser' entering state 'start'
[07:16:18.097] [bmv2] [D] [thread 5754] [2.0] [cxt 0] Extracting header 'ethernet'
[07:16:18.098] [bmv2] [D] [thread 5754] [2.0] [cxt 0] Parser state 'start': key is 86dd
[07:16:18.098] [bmv2] [T] [thread 5754] [2.0] [cxt 0] Bytes parsed: 14
[07:16:18.098] [bmv2] [D] [thread 5754] [2.0] [cxt 0] Parser 'parser': end
[07:16:18.098] [bmv2] [D] [thread 5754] [2.0] [cxt 0] Pipeline 'ingress': start
[07:16:18.098] [bmv2] [T] [thread 5754] [2.0] [cxt 0] int.p4(240) Condition "hdr.ipv4.isValid()" (node_2) is false
[07:16:18.098] [bmv2] [D] [thread 5754] [2.0] [cxt 0] Pipeline 'ingress': end
[07:16:18.098] [bmv2] [D] [thread 5754] [2.0] [cxt 0] Egress port is 0
[07:16:18.099] [bmv2] [D] [thread 5755] [2.0] [cxt 0] Pipeline 'egress': start
[07:16:18.099] [bmv2] [T] [thread 5755] [2.0] [cxt 0] int.p4(309) Condition "standard_metadata.instance_type == 0" (node_13) is true
[07:16:18.099] [bmv2] [T] [thread 5755] [2.0] [cxt 0] int.p4(310) Condition "hdr.ipv4_option.optionLength==4" (node_14) is false
[07:16:18.099] [bmv2] [T] [thread 5755] [2.0] [cxt 0] int.p4(318) Condition "standard_metadata.instance_type == 1" (node_17) is false
[07:16:18.100] [bmv2] [D] [thread 5755] [2.0] [cxt 0] Pipeline 'egress': end
[07:16:18.100] [bmv2] [D] [thread 5755] [2.0] [cxt 0] Deparser 'deparser': start
[07:16:18.100] [bmv2] [T] [thread 5755] [2.0] [cxt 0] Skipping checksum 'cksum' update because condition not met
[07:16:18.100] [bmv2] [D] [thread 5755] [2.0] [cxt 0] Deparsing header 'ethernet'
[07:16:18.100] [bmv2] [D] [thread 5755] [2.0] [cxt 0] Deparser 'deparser': end
[07:16:18.100] [bmv2] [D] [thread 5759] [2.0] [cxt 0] Transmitting packet of size 90 out of port 0
[07:16:18.102] [bmv2] [D] [thread 5754] [3.0] [cxt 0] Processing packet received on port 1
[07:16:18.102] [bmv2] [D] [thread 5754] [3.0] [cxt 0] Parser 'parser': start
[07:16:18.102] [bmv2] [D] [thread 5754] [3.0] [cxt 0] Parser 'parser' entering state 'start'
[07:16:18.102] [bmv2] [D] [thread 5754] [3.0] [cxt 0] Extracting header 'ethernet'
[07:16:18.102] [bmv2] [D] [thread 5754] [3.0] [cxt 0] Parser state 'start': key is 86dd
[07:16:18.102] [bmv2] [T] [thread 5754] [3.0] [cxt 0] Bytes parsed: 14
[07:16:18.103] [bmv2] [D] [thread 5754] [3.0] [cxt 0] Parser 'parser': end
[07:16:18.103] [bmv2] [D] [thread 5754] [3.0] [cxt 0] Pipeline 'ingress': start
[07:16:18.103] [bmv2] [T] [thread 5754] [3.0] [cxt 0] int.p4(240) Condition "hdr.ipv4.isValid()" (node_2) is false
[07:16:18.103] [bmv2] [D] [thread 5754] [3.0] [cxt 0] Pipeline 'ingress': end
[07:16:18.103] [bmv2] [D] [thread 5754] [3.0] [cxt 0] Egress port is 0
[07:16:18.103] [bmv2] [D] [thread 5754] [4.0] [cxt 0] Processing packet received on port 1
[07:16:18.103] [bmv2] [D] [thread 5755] [3.0] [cxt 0] Pipeline 'egress': start
[07:16:18.103] [bmv2] [T] [thread 5755] [3.0] [cxt 0] int.p4(309) Condition "standard_metadata.instance_type == 0" (node_13) is true
[07:16:18.103] [bmv2] [T] [thread 5755] [3.0] [cxt 0] int.p4(310) Condition "hdr.ipv4_option.optionLength==4" (node_14) is false
[07:16:18.103] [bmv2] [T] [thread 5755] [3.0] [cxt 0] int.p4(318) Condition "standard_metadata.instance_type == 1" (node_17) is false
[07:16:18.103] [bmv2] [D] [thread 5755] [3.0] [cxt 0] Pipeline 'egress': end
[07:16:18.103] [bmv2] [D] [thread 5755] [3.0] [cxt 0] Deparser 'deparser': start
[07:16:18.103] [bmv2] [T] [thread 5755] [3.0] [cxt 0] Skipping checksum 'cksum' update because condition not met
[07:16:18.103] [bmv2] [D] [thread 5755] [3.0] [cxt 0] Deparsing header 'ethernet'
[07:16:18.103] [bmv2] [D] [thread 5755] [3.0] [cxt 0] Deparser 'deparser': end
[07:16:18.103] [bmv2] [D] [thread 5759] [3.0] [cxt 0] Transmitting packet of size 90 out of port 0
[07:16:18.103] [bmv2] [D] [thread 5754] [4.0] [cxt 0] Parser 'parser': start
[07:16:18.104] [bmv2] [D] [thread 5754] [4.0] [cxt 0] Parser 'parser' entering state 'start'
[07:16:18.104] [bmv2] [D] [thread 5754] [4.0] [cxt 0] Extracting header 'ethernet'
[07:16:18.104] [bmv2] [D] [thread 5754] [4.0] [cxt 0] Parser state 'start': key is 86dd
[07:16:18.104] [bmv2] [T] [thread 5754] [4.0] [cxt 0] Bytes parsed: 14
[07:16:18.104] [bmv2] [D] [thread 5754] [4.0] [cxt 0] Parser 'parser': end
[07:16:18.104] [bmv2] [D] [thread 5754] [4.0] [cxt 0] Pipeline 'ingress': start
[07:16:18.104] [bmv2] [T] [thread 5754] [4.0] [cxt 0] int.p4(240) Condition "hdr.ipv4.isValid()" (node_2) is false
[07:16:18.104] [bmv2] [D] [thread 5754] [4.0] [cxt 0] Pipeline 'ingress': end
[07:16:18.104] [bmv2] [D] [thread 5754] [4.0] [cxt 0] Egress port is 0
[07:16:18.105] [bmv2] [D] [thread 5755] [4.0] [cxt 0] Pipeline 'egress': start
[07:16:18.105] [bmv2] [T] [thread 5755] [4.0] [cxt 0] int.p4(309) Condition "standard_metadata.instance_type == 0" (node_13) is true
[07:16:18.105] [bmv2] [T] [thread 5755] [4.0] [cxt 0] int.p4(310) Condition "hdr.ipv4_option.optionLength==4" (node_14) is false
[07:16:18.105] [bmv2] [T] [thread 5755] [4.0] [cxt 0] int.p4(318) Condition "standard_metadata.instance_type == 1" (node_17) is false
[07:16:18.105] [bmv2] [D] [thread 5755] [4.0] [cxt 0] Pipeline 'egress': end
[07:16:18.105] [bmv2] [D] [thread 5755] [4.0] [cxt 0] Deparser 'deparser': start
[07:16:18.105] [bmv2] [T] [thread 5755] [4.0] [cxt 0] Skipping checksum 'cksum' update because condition not met
[07:16:18.105] [bmv2] [D] [thread 5755] [4.0] [cxt 0] Deparsing header 'ethernet'
[07:16:18.105] [bmv2] [D] [thread 5755] [4.0] [cxt 0] Deparser 'deparser': end
[07:16:18.105] [bmv2] [D] [thread 5759] [4.0] [cxt 0] Transmitting packet of size 70 out of port 0
[07:16:18.122] [bmv2] [D] [thread 5754] [5.0] [cxt 0] Processing packet received on port 2
[07:16:18.122] [bmv2] [D] [thread 5754] [5.0] [cxt 0] Parser 'parser': start
[07:16:18.122] [bmv2] [D] [thread 5754] [5.0] [cxt 0] Parser 'parser' entering state 'start'
[07:16:18.122] [bmv2] [D] [thread 5754] [5.0] [cxt 0] Extracting header 'ethernet'
[07:16:18.122] [bmv2] [D] [thread 5754] [5.0] [cxt 0] Parser state 'start': key is 86dd
[07:16:18.123] [bmv2] [T] [thread 5754] [5.0] [cxt 0] Bytes parsed: 14
[07:16:18.123] [bmv2] [D] [thread 5754] [5.0] [cxt 0] Parser 'parser': end
[07:16:18.123] [bmv2] [D] [thread 5754] [5.0] [cxt 0] Pipeline 'ingress': start
[07:16:18.123] [bmv2] [T] [thread 5754] [5.0] [cxt 0] int.p4(240) Condition "hdr.ipv4.isValid()" (node_2) is false
[07:16:18.123] [bmv2] [D] [thread 5754] [5.0] [cxt 0] Pipeline 'ingress': end
[07:16:18.123] [bmv2] [D] [thread 5754] [5.0] [cxt 0] Egress port is 0
[07:16:18.123] [bmv2] [D] [thread 5755] [5.0] [cxt 0] Pipeline 'egress': start
[07:16:18.123] [bmv2] [T] [thread 5755] [5.0] [cxt 0] int.p4(309) Condition "standard_metadata.instance_type == 0" (node_13) is true
[07:16:18.123] [bmv2] [T] [thread 5755] [5.0] [cxt 0] int.p4(310) Condition "hdr.ipv4_option.optionLength==4" (node_14) is false
[07:16:18.123] [bmv2] [T] [thread 5755] [5.0] [cxt 0] int.p4(318) Condition "standard_metadata.instance_type == 1" (node_17) is false
[07:16:18.123] [bmv2] [D] [thread 5755] [5.0] [cxt 0] Pipeline 'egress': end
[07:16:18.123] [bmv2] [D] [thread 5755] [5.0] [cxt 0] Deparser 'deparser': start
[07:16:18.124] [bmv2] [T] [thread 5755] [5.0] [cxt 0] Skipping checksum 'cksum' update because condition not met
[07:16:18.124] [bmv2] [D] [thread 5755] [5.0] [cxt 0] Deparsing header 'ethernet'
[07:16:18.124] [bmv2] [D] [thread 5755] [5.0] [cxt 0] Deparser 'deparser': end
[07:16:18.124] [bmv2] [D] [thread 5759] [5.0] [cxt 0] Transmitting packet of size 90 out of port 0
[07:16:18.257] [bmv2] [D] [thread 5754] [6.0] [cxt 0] Processing packet received on port 1
[07:16:18.257] [bmv2] [D] [thread 5754] [6.0] [cxt 0] Parser 'parser': start
[07:16:18.257] [bmv2] [D] [thread 5754] [6.0] [cxt 0] Parser 'parser' entering state 'start'
[07:16:18.257] [bmv2] [D] [thread 5754] [6.0] [cxt 0] Extracting header 'ethernet'
[07:16:18.257] [bmv2] [D] [thread 5754] [6.0] [cxt 0] Parser state 'start': key is 86dd
[07:16:18.257] [bmv2] [T] [thread 5754] [6.0] [cxt 0] Bytes parsed: 14
[07:16:18.257] [bmv2] [D] [thread 5754] [6.0] [cxt 0] Parser 'parser': end
[07:16:18.258] [bmv2] [D] [thread 5754] [6.0] [cxt 0] Pipeline 'ingress': start
[07:16:18.258] [bmv2] [T] [thread 5754] [6.0] [cxt 0] int.p4(240) Condition "hdr.ipv4.isValid()" (node_2) is false
[07:16:18.258] [bmv2] [D] [thread 5754] [6.0] [cxt 0] Pipeline 'ingress': end
[07:16:18.258] [bmv2] [D] [thread 5754] [6.0] [cxt 0] Egress port is 0
[07:16:18.258] [bmv2] [D] [thread 5755] [6.0] [cxt 0] Pipeline 'egress': start
[07:16:18.258] [bmv2] [T] [thread 5755] [6.0] [cxt 0] int.p4(309) Condition "standard_metadata.instance_type == 0" (node_13) is true
[07:16:18.258] [bmv2] [T] [thread 5755] [6.0] [cxt 0] int.p4(310) Condition "hdr.ipv4_option.optionLength==4" (node_14) is false
[07:16:18.258] [bmv2] [T] [thread 5755] [6.0] [cxt 0] int.p4(318) Condition "standard_metadata.instance_type == 1" (node_17) is false
[07:16:18.258] [bmv2] [D] [thread 5755] [6.0] [cxt 0] Pipeline 'egress': end
[07:16:18.258] [bmv2] [D] [thread 5755] [6.0] [cxt 0] Deparser 'deparser': start
[07:16:18.258] [bmv2] [T] [thread 5755] [6.0] [cxt 0] Skipping checksum 'cksum' update because condition not met
[07:16:18.258] [bmv2] [D] [thread 5755] [6.0] [cxt 0] Deparsing header 'ethernet'
[07:16:18.258] [bmv2] [D] [thread 5755] [6.0] [cxt 0] Deparser 'deparser': end
[07:16:18.258] [bmv2] [D] [thread 5759] [6.0] [cxt 0] Transmitting packet of size 90 out of port 0
[07:16:18.315] [bmv2] [D] [thread 5754] [7.0] [cxt 0] Processing packet received on port 3
[07:16:18.315] [bmv2] [D] [thread 5754] [7.0] [cxt 0] Parser 'parser': start
[07:16:18.315] [bmv2] [D] [thread 5754] [7.0] [cxt 0] Parser 'parser' entering state 'start'
[07:16:18.315] [bmv2] [D] [thread 5754] [7.0] [cxt 0] Extracting header 'ethernet'
[07:16:18.315] [bmv2] [D] [thread 5754] [7.0] [cxt 0] Parser state 'start': key is 86dd
[07:16:18.315] [bmv2] [T] [thread 5754] [7.0] [cxt 0] Bytes parsed: 14
[07:16:18.315] [bmv2] [D] [thread 5754] [7.0] [cxt 0] Parser 'parser': end
[07:16:18.315] [bmv2] [D] [thread 5754] [7.0] [cxt 0] Pipeline 'ingress': start
[07:16:18.315] [bmv2] [T] [thread 5754] [7.0] [cxt 0] int.p4(240) Condition "hdr.ipv4.isValid()" (node_2) is false
[07:16:18.315] [bmv2] [D] [thread 5754] [7.0] [cxt 0] Pipeline 'ingress': end
[07:16:18.315] [bmv2] [D] [thread 5754] [7.0] [cxt 0] Egress port is 0
[07:16:18.315] [bmv2] [D] [thread 5754] [8.0] [cxt 0] Processing packet received on port 3
[07:16:18.315] [bmv2] [D] [thread 5754] [8.0] [cxt 0] Parser 'parser': start
[07:16:18.315] [bmv2] [D] [thread 5754] [8.0] [cxt 0] Parser 'parser' entering state 'start'
[07:16:18.315] [bmv2] [D] [thread 5754] [8.0] [cxt 0] Extracting header 'ethernet'
[07:16:18.315] [bmv2] [D] [thread 5754] [8.0] [cxt 0] Parser state 'start': key is 86dd
[07:16:18.315] [bmv2] [T] [thread 5754] [8.0] [cxt 0] Bytes parsed: 14
[07:16:18.315] [bmv2] [D] [thread 5754] [8.0] [cxt 0] Parser 'parser': end
[07:16:18.316] [bmv2] [D] [thread 5754] [8.0] [cxt 0] Pipeline 'ingress': start
[07:16:18.316] [bmv2] [T] [thread 5754] [8.0] [cxt 0] int.p4(240) Condition "hdr.ipv4.isValid()" (node_2) is false
[07:16:18.316] [bmv2] [D] [thread 5754] [8.0] [cxt 0] Pipeline 'ingress': end
[07:16:18.316] [bmv2] [D] [thread 5754] [8.0] [cxt 0] Egress port is 0
[07:16:18.316] [bmv2] [D] [thread 5755] [7.0] [cxt 0] Pipeline 'egress': start
[07:16:18.316] [bmv2] [T] [thread 5755] [7.0] [cxt 0] int.p4(309) Condition "standard_metadata.instance_type == 0" (node_13) is true
[07:16:18.316] [bmv2] [T] [thread 5755] [7.0] [cxt 0] int.p4(310) Condition "hdr.ipv4_option.optionLength==4" (node_14) is false
[07:16:18.316] [bmv2] [T] [thread 5755] [7.0] [cxt 0] int.p4(318) Condition "standard_metadata.instance_type == 1" (node_17) is false
[07:16:18.316] [bmv2] [D] [thread 5755] [7.0] [cxt 0] Pipeline 'egress': end
[07:16:18.316] [bmv2] [D] [thread 5755] [7.0] [cxt 0] Deparser 'deparser': start
[07:16:18.316] [bmv2] [T] [thread 5755] [7.0] [cxt 0] Skipping checksum 'cksum' update because condition not met
[07:16:18.316] [bmv2] [D] [thread 5755] [7.0] [cxt 0] Deparsing header 'ethernet'
[07:16:18.316] [bmv2] [D] [thread 5755] [7.0] [cxt 0] Deparser 'deparser': end
[07:16:18.316] [bmv2] [D] [thread 5759] [7.0] [cxt 0] Transmitting packet of size 90 out of port 0
[07:16:18.316] [bmv2] [D] [thread 5755] [8.0] [cxt 0] Pipeline 'egress': start
[07:16:18.316] [bmv2] [T] [thread 5755] [8.0] [cxt 0] int.p4(309) Condition "standard_metadata.instance_type == 0" (node_13) is true
[07:16:18.316] [bmv2] [T] [thread 5755] [8.0] [cxt 0] int.p4(310) Condition "hdr.ipv4_option.optionLength==4" (node_14) is false
[07:16:18.316] [bmv2] [T] [thread 5755] [8.0] [cxt 0] int.p4(318) Condition "standard_metadata.instance_type == 1" (node_17) is false
[07:16:18.316] [bmv2] [D] [thread 5755] [8.0] [cxt 0] Pipeline 'egress': end
[07:16:18.316] [bmv2] [D] [thread 5755] [8.0] [cxt 0] Deparser 'deparser': start
[07:16:18.316] [bmv2] [T] [thread 5755] [8.0] [cxt 0] Skipping checksum 'cksum' update because condition not met
[07:16:18.316] [bmv2] [D] [thread 5755] [8.0] [cxt 0] Deparsing header 'ethernet'
[07:16:18.316] [bmv2] [D] [thread 5755] [8.0] [cxt 0] Deparser 'deparser': end
[07:16:18.316] [bmv2] [D] [thread 5759] [8.0] [cxt 0] Transmitting packet of size 70 out of port 0
[07:16:18.502] [bmv2] [D] [thread 5754] [9.0] [cxt 0] Processing packet received on port 3
[07:16:18.502] [bmv2] [D] [thread 5754] [9.0] [cxt 0] Parser 'parser': start
[07:16:18.502] [bmv2] [D] [thread 5754] [9.0] [cxt 0] Parser 'parser' entering state 'start'
[07:16:18.502] [bmv2] [D] [thread 5754] [9.0] [cxt 0] Extracting header 'ethernet'
[07:16:18.502] [bmv2] [D] [thread 5754] [9.0] [cxt 0] Parser state 'start': key is 86dd
[07:16:18.502] [bmv2] [T] [thread 5754] [9.0] [cxt 0] Bytes parsed: 14
[07:16:18.502] [bmv2] [D] [thread 5754] [9.0] [cxt 0] Parser 'parser': end
[07:16:18.502] [bmv2] [D] [thread 5754] [9.0] [cxt 0] Pipeline 'ingress': start
[07:16:18.502] [bmv2] [T] [thread 5754] [9.0] [cxt 0] int.p4(240) Condition "hdr.ipv4.isValid()" (node_2) is false
[07:16:18.502] [bmv2] [D] [thread 5754] [9.0] [cxt 0] Pipeline 'ingress': end
[07:16:18.502] [bmv2] [D] [thread 5754] [9.0] [cxt 0] Egress port is 0
[07:16:18.502] [bmv2] [D] [thread 5755] [9.0] [cxt 0] Pipeline 'egress': start
[07:16:18.502] [bmv2] [T] [thread 5755] [9.0] [cxt 0] int.p4(309) Condition "standard_metadata.instance_type == 0" (node_13) is true
[07:16:18.502] [bmv2] [T] [thread 5755] [9.0] [cxt 0] int.p4(310) Condition "hdr.ipv4_option.optionLength==4" (node_14) is false
[07:16:18.502] [bmv2] [T] [thread 5755] [9.0] [cxt 0] int.p4(318) Condition "standard_metadata.instance_type == 1" (node_17) is false
[07:16:18.502] [bmv2] [D] [thread 5755] [9.0] [cxt 0] Pipeline 'egress': end
[07:16:18.502] [bmv2] [D] [thread 5755] [9.0] [cxt 0] Deparser 'deparser': start
[07:16:18.502] [bmv2] [T] [thread 5755] [9.0] [cxt 0] Skipping checksum 'cksum' update because condition not met
[07:16:18.503] [bmv2] [D] [thread 5755] [9.0] [cxt 0] Deparsing header 'ethernet'
[07:16:18.503] [bmv2] [D] [thread 5755] [9.0] [cxt 0] Deparser 'deparser': end
[07:16:18.503] [bmv2] [D] [thread 5759] [9.0] [cxt 0] Transmitting packet of size 90 out of port 0
[07:16:18.658] [bmv2] [D] [thread 5754] [10.0] [cxt 0] Processing packet received on port 2
[07:16:18.658] [bmv2] [D] [thread 5754] [10.0] [cxt 0] Parser 'parser': start
[07:16:18.658] [bmv2] [D] [thread 5754] [10.0] [cxt 0] Parser 'parser' entering state 'start'
[07:16:18.658] [bmv2] [D] [thread 5754] [10.0] [cxt 0] Extracting header 'ethernet'
[07:16:18.658] [bmv2] [D] [thread 5754] [10.0] [cxt 0] Parser state 'start': key is 86dd
[07:16:18.658] [bmv2] [T] [thread 5754] [10.0] [cxt 0] Bytes parsed: 14
[07:16:18.658] [bmv2] [D] [thread 5754] [10.0] [cxt 0] Parser 'parser': end
[07:16:18.658] [bmv2] [D] [thread 5754] [10.0] [cxt 0] Pipeline 'ingress': start
[07:16:18.658] [bmv2] [T] [thread 5754] [10.0] [cxt 0] int.p4(240) Condition "hdr.ipv4.isValid()" (node_2) is false
[07:16:18.658] [bmv2] [D] [thread 5754] [10.0] [cxt 0] Pipeline 'ingress': end
[07:16:18.658] [bmv2] [D] [thread 5754] [10.0] [cxt 0] Egress port is 0
[07:16:18.658] [bmv2] [D] [thread 5755] [10.0] [cxt 0] Pipeline 'egress': start
[07:16:18.658] [bmv2] [T] [thread 5755] [10.0] [cxt 0] int.p4(309) Condition "standard_metadata.instance_type == 0" (node_13) is true
[07:16:18.658] [bmv2] [T] [thread 5755] [10.0] [cxt 0] int.p4(310) Condition "hdr.ipv4_option.optionLength==4" (node_14) is false
[07:16:18.658] [bmv2] [T] [thread 5755] [10.0] [cxt 0] int.p4(318) Condition "standard_metadata.instance_type == 1" (node_17) is false
[07:16:18.658] [bmv2] [D] [thread 5755] [10.0] [cxt 0] Pipeline 'egress': end
[07:16:18.658] [bmv2] [D] [thread 5755] [10.0] [cxt 0] Deparser 'deparser': start
[07:16:18.658] [bmv2] [T] [thread 5755] [10.0] [cxt 0] Skipping checksum 'cksum' update because condition not met
[07:16:18.658] [bmv2] [D] [thread 5755] [10.0] [cxt 0] Deparsing header 'ethernet'
[07:16:18.658] [bmv2] [D] [thread 5755] [10.0] [cxt 0] Deparser 'deparser': end
[07:16:18.658] [bmv2] [D] [thread 5759] [10.0] [cxt 0] Transmitting packet of size 90 out of port 0
[07:16:19.202] [bmv2] [D] [thread 5754] [11.0] [cxt 0] Processing packet received on port 3
[07:16:19.202] [bmv2] [D] [thread 5754] [11.0] [cxt 0] Parser 'parser': start
[07:16:19.202] [bmv2] [D] [thread 5754] [11.0] [cxt 0] Parser 'parser' entering state 'start'
[07:16:19.202] [bmv2] [D] [thread 5754] [11.0] [cxt 0] Extracting header 'ethernet'
[07:16:19.202] [bmv2] [D] [thread 5754] [11.0] [cxt 0] Parser state 'start': key is 86dd
[07:16:19.202] [bmv2] [T] [thread 5754] [11.0] [cxt 0] Bytes parsed: 14
[07:16:19.202] [bmv2] [D] [thread 5754] [11.0] [cxt 0] Parser 'parser': end
[07:16:19.202] [bmv2] [D] [thread 5754] [11.0] [cxt 0] Pipeline 'ingress': start
[07:16:19.202] [bmv2] [T] [thread 5754] [11.0] [cxt 0] int.p4(240) Condition "hdr.ipv4.isValid()" (node_2) is false
[07:16:19.202] [bmv2] [D] [thread 5754] [11.0] [cxt 0] Pipeline 'ingress': end
[07:16:19.202] [bmv2] [D] [thread 5754] [11.0] [cxt 0] Egress port is 0
[07:16:19.202] [bmv2] [D] [thread 5755] [11.0] [cxt 0] Pipeline 'egress': start
[07:16:19.202] [bmv2] [T] [thread 5755] [11.0] [cxt 0] int.p4(309) Condition "standard_metadata.instance_type == 0" (node_13) is true
[07:16:19.202] [bmv2] [T] [thread 5755] [11.0] [cxt 0] int.p4(310) Condition "hdr.ipv4_option.optionLength==4" (node_14) is false
[07:16:19.202] [bmv2] [T] [thread 5755] [11.0] [cxt 0] int.p4(318) Condition "standard_metadata.instance_type == 1" (node_17) is false
[07:16:19.202] [bmv2] [D] [thread 5755] [11.0] [cxt 0] Pipeline 'egress': end
[07:16:19.202] [bmv2] [D] [thread 5755] [11.0] [cxt 0] Deparser 'deparser': start
[07:16:19.202] [bmv2] [T] [thread 5755] [11.0] [cxt 0] Skipping checksum 'cksum' update because condition not met
[07:16:19.202] [bmv2] [D] [thread 5755] [11.0] [cxt 0] Deparsing header 'ethernet'
[07:16:19.202] [bmv2] [D] [thread 5755] [11.0] [cxt 0] Deparser 'deparser': end
[07:16:19.202] [bmv2] [D] [thread 5759] [11.0] [cxt 0] Transmitting packet of size 90 out of port 0
