Calling target program-options parser
[07:16:19.091] [bmv2] [D] [thread 5778] Set default default entry for table 'MyIngress.ipv4_lpm': NoAction - 
[07:16:19.091] [bmv2] [D] [thread 5778] Set default default entry for table 'tbl_activate_INT': MyIngress.activate_INT - 
[07:16:19.092] [bmv2] [D] [thread 5778] Set default default entry for table 'MyIngress.INT_tab': NoAction - 
[07:16:19.092] [bmv2] [D] [thread 5778] Set default default entry for table 'MyIngress.sink_config': NoAction - 
[07:16:19.092] [bmv2] [D] [thread 5778] Set default default entry for table 'tbl_int264': int264 - 
[07:16:19.093] [bmv2] [D] [thread 5778] Set default default entry for table 'tbl_remove_sink_header': MyEgress.remove_sink_header - 
[07:16:19.093] [bmv2] [D] [thread 5778] Set default default entry for table 'MyEgress.direct_report': NoAction - 
[07:16:19.093] [bmv2] [D] [thread 5778] Set default default entry for table 'tbl_int321': int321 - 
Adding interface s4-eth1 as port 1
[07:16:19.094] [bmv2] [D] [thread 5778] Adding interface s4-eth1 as port 1
Adding interface s4-eth2 as port 2
[07:16:19.126] [bmv2] [D] [thread 5778] Adding interface s4-eth2 as port 2
Adding interface s4-eth3 as port 3
[07:16:19.173] [bmv2] [D] [thread 5778] Adding interface s4-eth3 as port 3
Adding interface s4-eth4 as port 4
[07:16:19.234] [bmv2] [D] [thread 5778] Adding interface s4-eth4 as port 4
Server listening on 0.0.0.0:50054
[07:16:19.280] [bmv2] [I] [thread 5778] Starting Thrift server on port 9093
[07:16:19.280] [bmv2] [I] [thread 5778] Thrift server was started
[07:16:19.282] [bmv2] [D] [thread 5788] [0.0] [cxt 0] Processing packet received on port 2
[07:16:19.282] [bmv2] [D] [thread 5788] [0.0] [cxt 0] Parser 'parser': start
[07:16:19.282] [bmv2] [D] [thread 5788] [0.0] [cxt 0] Parser 'parser' entering state 'start'
[07:16:19.282] [bmv2] [D] [thread 5788] [0.0] [cxt 0] Extracting header 'ethernet'
[07:16:19.282] [bmv2] [D] [thread 5788] [0.0] [cxt 0] Parser state 'start': key is 86dd
[07:16:19.282] [bmv2] [T] [thread 5788] [0.0] [cxt 0] Bytes parsed: 14
[07:16:19.282] [bmv2] [D] [thread 5788] [0.0] [cxt 0] Parser 'parser': end
[07:16:19.282] [bmv2] [D] [thread 5788] [0.0] [cxt 0] Pipeline 'ingress': start
[07:16:19.282] [bmv2] [T] [thread 5788] [0.0] [cxt 0] int.p4(240) Condition "hdr.ipv4.isValid()" (node_2) is false
[07:16:19.283] [bmv2] [D] [thread 5788] [0.0] [cxt 0] Pipeline 'ingress': end
[07:16:19.283] [bmv2] [D] [thread 5788] [0.0] [cxt 0] Egress port is 0
[07:16:19.283] [bmv2] [D] [thread 5789] [0.0] [cxt 0] Pipeline 'egress': start
[07:16:19.283] [bmv2] [T] [thread 5789] [0.0] [cxt 0] int.p4(309) Condition "standard_metadata.instance_type == 0" (node_13) is true
[07:16:19.283] [bmv2] [T] [thread 5789] [0.0] [cxt 0] int.p4(310) Condition "hdr.ipv4_option.optionLength==4" (node_14) is false
[07:16:19.283] [bmv2] [T] [thread 5789] [0.0] [cxt 0] int.p4(318) Condition "standard_metadata.instance_type == 1" (node_17) is false
[07:16:19.283] [bmv2] [D] [thread 5789] [0.0] [cxt 0] Pipeline 'egress': end
[07:16:19.283] [bmv2] [D] [thread 5789] [0.0] [cxt 0] Deparser 'deparser': start
[07:16:19.283] [bmv2] [T] [thread 5789] [0.0] [cxt 0] Skipping checksum 'cksum' update because condition not met
[07:16:19.283] [bmv2] [D] [thread 5789] [0.0] [cxt 0] Deparsing header 'ethernet'
[07:16:19.283] [bmv2] [D] [thread 5789] [0.0] [cxt 0] Deparser 'deparser': end
[07:16:19.283] [bmv2] [D] [thread 5793] [0.0] [cxt 0] Transmitting packet of size 90 out of port 0
[07:16:19.298] [bmv2] [D] [thread 5788] [1.0] [cxt 0] Processing packet received on port 1
[07:16:19.298] [bmv2] [D] [thread 5788] [1.0] [cxt 0] Parser 'parser': start
[07:16:19.298] [bmv2] [D] [thread 5788] [1.0] [cxt 0] Parser 'parser' entering state 'start'
[07:16:19.298] [bmv2] [D] [thread 5788] [1.0] [cxt 0] Extracting header 'ethernet'
[07:16:19.298] [bmv2] [D] [thread 5788] [1.0] [cxt 0] Parser state 'start': key is 86dd
[07:16:19.298] [bmv2] [T] [thread 5788] [1.0] [cxt 0] Bytes parsed: 14
[07:16:19.298] [bmv2] [D] [thread 5788] [1.0] [cxt 0] Parser 'parser': end
[07:16:19.298] [bmv2] [D] [thread 5788] [1.0] [cxt 0] Pipeline 'ingress': start
[07:16:19.299] [bmv2] [T] [thread 5788] [1.0] [cxt 0] int.p4(240) Condition "hdr.ipv4.isValid()" (node_2) is false
[07:16:19.299] [bmv2] [D] [thread 5788] [1.0] [cxt 0] Pipeline 'ingress': end
[07:16:19.299] [bmv2] [D] [thread 5788] [1.0] [cxt 0] Egress port is 0
[07:16:19.299] [bmv2] [D] [thread 5789] [1.0] [cxt 0] Pipeline 'egress': start
[07:16:19.299] [bmv2] [T] [thread 5789] [1.0] [cxt 0] int.p4(309) Condition "standard_metadata.instance_type == 0" (node_13) is true
[07:16:19.299] [bmv2] [T] [thread 5789] [1.0] [cxt 0] int.p4(310) Condition "hdr.ipv4_option.optionLength==4" (node_14) is false
[07:16:19.299] [bmv2] [T] [thread 5789] [1.0] [cxt 0] int.p4(318) Condition "standard_metadata.instance_type == 1" (node_17) is false
[07:16:19.299] [bmv2] [D] [thread 5789] [1.0] [cxt 0] Pipeline 'egress': end
[07:16:19.299] [bmv2] [D] [thread 5789] [1.0] [cxt 0] Deparser 'deparser': start
[07:16:19.299] [bmv2] [T] [thread 5789] [1.0] [cxt 0] Skipping checksum 'cksum' update because condition not met
[07:16:19.299] [bmv2] [D] [thread 5789] [1.0] [cxt 0] Deparsing header 'ethernet'
[07:16:19.299] [bmv2] [D] [thread 5789] [1.0] [cxt 0] Deparser 'deparser': end
[07:16:19.299] [bmv2] [D] [thread 5793] [1.0] [cxt 0] Transmitting packet of size 90 out of port 0
