Calling target program-options parser
[07:14:15.094] [bmv2] [D] [thread 4926] Set default default entry for table 'MyIngress.ipv4_lpm': NoAction - 
[07:14:15.094] [bmv2] [D] [thread 4926] Set default default entry for table 'tbl_activate_INT': MyIngress.activate_INT - 
[07:14:15.094] [bmv2] [D] [thread 4926] Set default default entry for table 'MyIngress.INT_tab': NoAction - 
[07:14:15.094] [bmv2] [D] [thread 4926] Set default default entry for table 'MyIngress.sink_config': NoAction - 
[07:14:15.094] [bmv2] [D] [thread 4926] Set default default entry for table 'tbl_int285': int285 - 
[07:14:15.095] [bmv2] [D] [thread 4926] Set default default entry for table 'tbl_remove_sink_header': MyEgress.remove_sink_header - 
[07:14:15.095] [bmv2] [D] [thread 4926] Set default default entry for table 'MyEgress.direct_report': NoAction - 
[07:14:15.095] [bmv2] [D] [thread 4926] Set default default entry for table 'tbl_int343': int343 - 
Adding interface s1-eth1 as port 1
[07:14:15.096] [bmv2] [D] [thread 4926] Adding interface s1-eth1 as port 1
Adding interface s1-eth2 as port 2
[07:14:15.122] [bmv2] [D] [thread 4926] Adding interface s1-eth2 as port 2
Adding interface s1-eth3 as port 3
[07:14:15.150] [bmv2] [D] [thread 4926] Adding interface s1-eth3 as port 3
Adding interface s1-eth4 as port 4
[07:14:15.178] [bmv2] [D] [thread 4926] Adding interface s1-eth4 as port 4
Server listening on 0.0.0.0:50051
[07:14:15.216] [bmv2] [I] [thread 4926] Starting Thrift server on port 9090
[07:14:15.217] [bmv2] [I] [thread 4926] Thrift server was started
[07:14:15.426] [bmv2] [D] [thread 4946] [0.0] [cxt 0] Processing packet received on port 3
[07:14:15.426] [bmv2] [D] [thread 4946] [0.0] [cxt 0] Parser 'parser': start
[07:14:15.426] [bmv2] [D] [thread 4946] [0.0] [cxt 0] Parser 'parser' entering state 'start'
[07:14:15.426] [bmv2] [D] [thread 4946] [0.0] [cxt 0] Extracting header 'ethernet'
[07:14:15.427] [bmv2] [D] [thread 4946] [0.0] [cxt 0] Parser state 'start': key is 86dd
[07:14:15.427] [bmv2] [T] [thread 4946] [0.0] [cxt 0] Bytes parsed: 14
[07:14:15.427] [bmv2] [D] [thread 4946] [0.0] [cxt 0] Parser 'parser': end
[07:14:15.427] [bmv2] [D] [thread 4946] [0.0] [cxt 0] Pipeline 'ingress': start
[07:14:15.427] [bmv2] [T] [thread 4946] [0.0] [cxt 0] int.p4(257) Condition "hdr.ipv4.isValid()" (node_2) is false
[07:14:15.427] [bmv2] [D] [thread 4946] [0.0] [cxt 0] Pipeline 'ingress': end
[07:14:15.427] [bmv2] [D] [thread 4946] [0.0] [cxt 0] Egress port is 0
[07:14:15.428] [bmv2] [D] [thread 4947] [0.0] [cxt 0] Pipeline 'egress': start
[07:14:15.428] [bmv2] [T] [thread 4947] [0.0] [cxt 0] int.p4(331) Condition "standard_metadata.instance_type == 0" (node_14) is true
[07:14:15.428] [bmv2] [T] [thread 4947] [0.0] [cxt 0] int.p4(332) Condition "hdr.ipv4_option.optionLength==4" (node_15) is false
[07:14:15.428] [bmv2] [T] [thread 4947] [0.0] [cxt 0] int.p4(340) Condition "standard_metadata.instance_type == 1" (node_18) is false
[07:14:15.428] [bmv2] [D] [thread 4947] [0.0] [cxt 0] Pipeline 'egress': end
[07:14:15.428] [bmv2] [D] [thread 4947] [0.0] [cxt 0] Deparser 'deparser': start
[07:14:15.429] [bmv2] [T] [thread 4947] [0.0] [cxt 0] Skipping checksum 'cksum' update because condition not met
[07:14:15.429] [bmv2] [D] [thread 4947] [0.0] [cxt 0] Deparsing header 'ethernet'
[07:14:15.429] [bmv2] [D] [thread 4947] [0.0] [cxt 0] Deparser 'deparser': end
[07:14:15.429] [bmv2] [D] [thread 4951] [0.0] [cxt 0] Transmitting packet of size 90 out of port 0
[07:14:17.168] [bmv2] [D] [thread 4946] [1.0] [cxt 0] Processing packet received on port 2
[07:14:17.168] [bmv2] [D] [thread 4946] [1.0] [cxt 0] Parser 'parser': start
[07:14:17.168] [bmv2] [D] [thread 4946] [1.0] [cxt 0] Parser 'parser' entering state 'start'
[07:14:17.168] [bmv2] [D] [thread 4946] [1.0] [cxt 0] Extracting header 'ethernet'
[07:14:17.168] [bmv2] [D] [thread 4946] [1.0] [cxt 0] Parser state 'start': key is 86dd
[07:14:17.168] [bmv2] [T] [thread 4946] [1.0] [cxt 0] Bytes parsed: 14
[07:14:17.168] [bmv2] [D] [thread 4946] [1.0] [cxt 0] Parser 'parser': end
[07:14:17.168] [bmv2] [D] [thread 4946] [1.0] [cxt 0] Pipeline 'ingress': start
[07:14:17.168] [bmv2] [T] [thread 4946] [1.0] [cxt 0] int.p4(257) Condition "hdr.ipv4.isValid()" (node_2) is false
[07:14:17.169] [bmv2] [D] [thread 4946] [1.0] [cxt 0] Pipeline 'ingress': end
[07:14:17.169] [bmv2] [D] [thread 4946] [1.0] [cxt 0] Egress port is 0
[07:14:17.169] [bmv2] [D] [thread 4947] [1.0] [cxt 0] Pipeline 'egress': start
[07:14:17.169] [bmv2] [T] [thread 4947] [1.0] [cxt 0] int.p4(331) Condition "standard_metadata.instance_type == 0" (node_14) is true
[07:14:17.169] [bmv2] [T] [thread 4947] [1.0] [cxt 0] int.p4(332) Condition "hdr.ipv4_option.optionLength==4" (node_15) is false
[07:14:17.169] [bmv2] [T] [thread 4947] [1.0] [cxt 0] int.p4(340) Condition "standard_metadata.instance_type == 1" (node_18) is false
[07:14:17.169] [bmv2] [D] [thread 4947] [1.0] [cxt 0] Pipeline 'egress': end
[07:14:17.169] [bmv2] [D] [thread 4947] [1.0] [cxt 0] Deparser 'deparser': start
[07:14:17.169] [bmv2] [T] [thread 4947] [1.0] [cxt 0] Skipping checksum 'cksum' update because condition not met
[07:14:17.169] [bmv2] [D] [thread 4947] [1.0] [cxt 0] Deparsing header 'ethernet'
[07:14:17.169] [bmv2] [D] [thread 4947] [1.0] [cxt 0] Deparser 'deparser': end
[07:14:17.169] [bmv2] [D] [thread 4951] [1.0] [cxt 0] Transmitting packet of size 70 out of port 0
[07:14:17.378] [bmv2] [D] [thread 4946] [2.0] [cxt 0] Processing packet received on port 1
[07:14:17.378] [bmv2] [D] [thread 4946] [2.0] [cxt 0] Parser 'parser': start
[07:14:17.378] [bmv2] [D] [thread 4946] [2.0] [cxt 0] Parser 'parser' entering state 'start'
[07:14:17.378] [bmv2] [D] [thread 4946] [2.0] [cxt 0] Extracting header 'ethernet'
[07:14:17.378] [bmv2] [D] [thread 4946] [2.0] [cxt 0] Parser state 'start': key is 86dd
[07:14:17.378] [bmv2] [T] [thread 4946] [2.0] [cxt 0] Bytes parsed: 14
[07:14:17.378] [bmv2] [D] [thread 4946] [2.0] [cxt 0] Parser 'parser': end
[07:14:17.378] [bmv2] [D] [thread 4946] [2.0] [cxt 0] Pipeline 'ingress': start
[07:14:17.378] [bmv2] [T] [thread 4946] [2.0] [cxt 0] int.p4(257) Condition "hdr.ipv4.isValid()" (node_2) is false
[07:14:17.379] [bmv2] [D] [thread 4946] [2.0] [cxt 0] Pipeline 'ingress': end
[07:14:17.379] [bmv2] [D] [thread 4946] [2.0] [cxt 0] Egress port is 0
[07:14:17.379] [bmv2] [D] [thread 4947] [2.0] [cxt 0] Pipeline 'egress': start
[07:14:17.379] [bmv2] [T] [thread 4947] [2.0] [cxt 0] int.p4(331) Condition "standard_metadata.instance_type == 0" (node_14) is true
[07:14:17.379] [bmv2] [T] [thread 4947] [2.0] [cxt 0] int.p4(332) Condition "hdr.ipv4_option.optionLength==4" (node_15) is false
[07:14:17.379] [bmv2] [T] [thread 4947] [2.0] [cxt 0] int.p4(340) Condition "standard_metadata.instance_type == 1" (node_18) is false
[07:14:17.379] [bmv2] [D] [thread 4947] [2.0] [cxt 0] Pipeline 'egress': end
[07:14:17.379] [bmv2] [D] [thread 4947] [2.0] [cxt 0] Deparser 'deparser': start
[07:14:17.379] [bmv2] [T] [thread 4947] [2.0] [cxt 0] Skipping checksum 'cksum' update because condition not met
[07:14:17.379] [bmv2] [D] [thread 4947] [2.0] [cxt 0] Deparsing header 'ethernet'
[07:14:17.379] [bmv2] [D] [thread 4947] [2.0] [cxt 0] Deparser 'deparser': end
[07:14:17.380] [bmv2] [D] [thread 4951] [2.0] [cxt 0] Transmitting packet of size 70 out of port 0
[07:14:17.636] [bmv2] [D] [thread 4946] [3.0] [cxt 0] Processing packet received on port 3
[07:14:17.636] [bmv2] [D] [thread 4946] [3.0] [cxt 0] Parser 'parser': start
[07:14:17.636] [bmv2] [D] [thread 4946] [3.0] [cxt 0] Parser 'parser' entering state 'start'
[07:14:17.636] [bmv2] [D] [thread 4946] [3.0] [cxt 0] Extracting header 'ethernet'
[07:14:17.636] [bmv2] [D] [thread 4946] [3.0] [cxt 0] Parser state 'start': key is 86dd
[07:14:17.636] [bmv2] [T] [thread 4946] [3.0] [cxt 0] Bytes parsed: 14
[07:14:17.636] [bmv2] [D] [thread 4946] [3.0] [cxt 0] Parser 'parser': end
[07:14:17.636] [bmv2] [D] [thread 4946] [3.0] [cxt 0] Pipeline 'ingress': start
[07:14:17.636] [bmv2] [T] [thread 4946] [3.0] [cxt 0] int.p4(257) Condition "hdr.ipv4.isValid()" (node_2) is false
[07:14:17.636] [bmv2] [D] [thread 4946] [3.0] [cxt 0] Pipeline 'ingress': end
[07:14:17.636] [bmv2] [D] [thread 4946] [3.0] [cxt 0] Egress port is 0
[07:14:17.637] [bmv2] [D] [thread 4947] [3.0] [cxt 0] Pipeline 'egress': start
[07:14:17.637] [bmv2] [T] [thread 4947] [3.0] [cxt 0] int.p4(331) Condition "standard_metadata.instance_type == 0" (node_14) is true
[07:14:17.637] [bmv2] [T] [thread 4947] [3.0] [cxt 0] int.p4(332) Condition "hdr.ipv4_option.optionLength==4" (node_15) is false
[07:14:17.637] [bmv2] [T] [thread 4947] [3.0] [cxt 0] int.p4(340) Condition "standard_metadata.instance_type == 1" (node_18) is false
[07:14:17.637] [bmv2] [D] [thread 4947] [3.0] [cxt 0] Pipeline 'egress': end
[07:14:17.637] [bmv2] [D] [thread 4947] [3.0] [cxt 0] Deparser 'deparser': start
[07:14:17.637] [bmv2] [T] [thread 4947] [3.0] [cxt 0] Skipping checksum 'cksum' update because condition not met
[07:14:17.637] [bmv2] [D] [thread 4947] [3.0] [cxt 0] Deparsing header 'ethernet'
[07:14:17.637] [bmv2] [D] [thread 4947] [3.0] [cxt 0] Deparser 'deparser': end
[07:14:17.637] [bmv2] [D] [thread 4951] [3.0] [cxt 0] Transmitting packet of size 70 out of port 0
[07:14:18.168] [bmv2] [D] [thread 4946] [4.0] [cxt 0] Processing packet received on port 3
[07:14:18.169] [bmv2] [D] [thread 4946] [4.0] [cxt 0] Parser 'parser': start
[07:14:18.169] [bmv2] [D] [thread 4946] [4.0] [cxt 0] Parser 'parser' entering state 'start'
[07:14:18.169] [bmv2] [D] [thread 4946] [4.0] [cxt 0] Extracting header 'ethernet'
[07:14:18.169] [bmv2] [D] [thread 4946] [4.0] [cxt 0] Parser state 'start': key is 86dd
[07:14:18.169] [bmv2] [T] [thread 4946] [4.0] [cxt 0] Bytes parsed: 14
[07:14:18.169] [bmv2] [D] [thread 4946] [4.0] [cxt 0] Parser 'parser': end
[07:14:18.169] [bmv2] [D] [thread 4946] [4.0] [cxt 0] Pipeline 'ingress': start
[07:14:18.169] [bmv2] [T] [thread 4946] [4.0] [cxt 0] int.p4(257) Condition "hdr.ipv4.isValid()" (node_2) is false
[07:14:18.169] [bmv2] [D] [thread 4946] [4.0] [cxt 0] Pipeline 'ingress': end
[07:14:18.169] [bmv2] [D] [thread 4946] [4.0] [cxt 0] Egress port is 0
[07:14:18.169] [bmv2] [D] [thread 4947] [4.0] [cxt 0] Pipeline 'egress': start
[07:14:18.169] [bmv2] [T] [thread 4947] [4.0] [cxt 0] int.p4(331) Condition "standard_metadata.instance_type == 0" (node_14) is true
[07:14:18.169] [bmv2] [T] [thread 4947] [4.0] [cxt 0] int.p4(332) Condition "hdr.ipv4_option.optionLength==4" (node_15) is false
[07:14:18.169] [bmv2] [T] [thread 4947] [4.0] [cxt 0] int.p4(340) Condition "standard_metadata.instance_type == 1" (node_18) is false
[07:14:18.169] [bmv2] [D] [thread 4947] [4.0] [cxt 0] Pipeline 'egress': end
[07:14:18.169] [bmv2] [D] [thread 4947] [4.0] [cxt 0] Deparser 'deparser': start
[07:14:18.169] [bmv2] [T] [thread 4947] [4.0] [cxt 0] Skipping checksum 'cksum' update because condition not met
[07:14:18.170] [bmv2] [D] [thread 4947] [4.0] [cxt 0] Deparsing header 'ethernet'
[07:14:18.170] [bmv2] [D] [thread 4947] [4.0] [cxt 0] Deparser 'deparser': end
[07:14:18.170] [bmv2] [D] [thread 4951] [4.0] [cxt 0] Transmitting packet of size 70 out of port 0
[07:14:18.178] [bmv2] [D] [thread 4946] [5.0] [cxt 0] Processing packet received on port 4
[07:14:18.178] [bmv2] [D] [thread 4946] [5.0] [cxt 0] Parser 'parser': start
[07:14:18.178] [bmv2] [D] [thread 4946] [5.0] [cxt 0] Parser 'parser' entering state 'start'
[07:14:18.178] [bmv2] [D] [thread 4946] [5.0] [cxt 0] Extracting header 'ethernet'
[07:14:18.178] [bmv2] [D] [thread 4946] [5.0] [cxt 0] Parser state 'start': key is 86dd
[07:14:18.178] [bmv2] [T] [thread 4946] [5.0] [cxt 0] Bytes parsed: 14
[07:14:18.178] [bmv2] [D] [thread 4946] [5.0] [cxt 0] Parser 'parser': end
[07:14:18.178] [bmv2] [D] [thread 4946] [5.0] [cxt 0] Pipeline 'ingress': start
[07:14:18.178] [bmv2] [T] [thread 4946] [5.0] [cxt 0] int.p4(257) Condition "hdr.ipv4.isValid()" (node_2) is false
[07:14:18.178] [bmv2] [D] [thread 4946] [5.0] [cxt 0] Pipeline 'ingress': end
[07:14:18.178] [bmv2] [D] [thread 4946] [5.0] [cxt 0] Egress port is 0
[07:14:18.178] [bmv2] [D] [thread 4947] [5.0] [cxt 0] Pipeline 'egress': start
[07:14:18.178] [bmv2] [T] [thread 4947] [5.0] [cxt 0] int.p4(331) Condition "standard_metadata.instance_type == 0" (node_14) is true
[07:14:18.178] [bmv2] [T] [thread 4947] [5.0] [cxt 0] int.p4(332) Condition "hdr.ipv4_option.optionLength==4" (node_15) is false
[07:14:18.178] [bmv2] [T] [thread 4947] [5.0] [cxt 0] int.p4(340) Condition "standard_metadata.instance_type == 1" (node_18) is false
[07:14:18.178] [bmv2] [D] [thread 4947] [5.0] [cxt 0] Pipeline 'egress': end
[07:14:18.178] [bmv2] [D] [thread 4947] [5.0] [cxt 0] Deparser 'deparser': start
[07:14:18.178] [bmv2] [T] [thread 4947] [5.0] [cxt 0] Skipping checksum 'cksum' update because condition not met
[07:14:18.178] [bmv2] [D] [thread 4947] [5.0] [cxt 0] Deparsing header 'ethernet'
[07:14:18.178] [bmv2] [D] [thread 4947] [5.0] [cxt 0] Deparser 'deparser': end
[07:14:18.178] [bmv2] [D] [thread 4951] [5.0] [cxt 0] Transmitting packet of size 70 out of port 0
[07:14:18.405] [bmv2] [D] [thread 4946] [6.0] [cxt 0] Processing packet received on port 4
[07:14:18.406] [bmv2] [D] [thread 4946] [6.0] [cxt 0] Parser 'parser': start
[07:14:18.406] [bmv2] [D] [thread 4946] [6.0] [cxt 0] Parser 'parser' entering state 'start'
[07:14:18.406] [bmv2] [D] [thread 4946] [6.0] [cxt 0] Extracting header 'ethernet'
[07:14:18.406] [bmv2] [D] [thread 4946] [6.0] [cxt 0] Parser state 'start': key is 86dd
[07:14:18.406] [bmv2] [T] [thread 4946] [6.0] [cxt 0] Bytes parsed: 14
[07:14:18.406] [bmv2] [D] [thread 4946] [6.0] [cxt 0] Parser 'parser': end
[07:14:18.406] [bmv2] [D] [thread 4946] [6.0] [cxt 0] Pipeline 'ingress': start
[07:14:18.406] [bmv2] [T] [thread 4946] [6.0] [cxt 0] int.p4(257) Condition "hdr.ipv4.isValid()" (node_2) is false
[07:14:18.406] [bmv2] [D] [thread 4946] [6.0] [cxt 0] Pipeline 'ingress': end
[07:14:18.406] [bmv2] [D] [thread 4946] [6.0] [cxt 0] Egress port is 0
[07:14:18.406] [bmv2] [D] [thread 4947] [6.0] [cxt 0] Pipeline 'egress': start
[07:14:18.406] [bmv2] [T] [thread 4947] [6.0] [cxt 0] int.p4(331) Condition "standard_metadata.instance_type == 0" (node_14) is true
[07:14:18.406] [bmv2] [T] [thread 4947] [6.0] [cxt 0] int.p4(332) Condition "hdr.ipv4_option.optionLength==4" (node_15) is false
[07:14:18.406] [bmv2] [T] [thread 4947] [6.0] [cxt 0] int.p4(340) Condition "standard_metadata.instance_type == 1" (node_18) is false
[07:14:18.406] [bmv2] [D] [thread 4947] [6.0] [cxt 0] Pipeline 'egress': end
[07:14:18.406] [bmv2] [D] [thread 4947] [6.0] [cxt 0] Deparser 'deparser': start
[07:14:18.406] [bmv2] [T] [thread 4947] [6.0] [cxt 0] Skipping checksum 'cksum' update because condition not met
[07:14:18.406] [bmv2] [D] [thread 4947] [6.0] [cxt 0] Deparsing header 'ethernet'
[07:14:18.406] [bmv2] [D] [thread 4947] [6.0] [cxt 0] Deparser 'deparser': end
[07:14:18.407] [bmv2] [D] [thread 4951] [6.0] [cxt 0] Transmitting packet of size 70 out of port 0
[07:14:21.111] [bmv2] [W] [thread 5122] [P4Runtime] p4::tmp::P4DeviceConfig is deprecated
[07:14:21.116] [bmv2] [D] [thread 5122] Set default default entry for table 'MyIngress.ipv4_lpm': NoAction - 
[07:14:21.116] [bmv2] [D] [thread 5122] Set default default entry for table 'tbl_activate_INT': MyIngress.activate_INT - 
[07:14:21.116] [bmv2] [D] [thread 5122] Set default default entry for table 'MyIngress.INT_tab': NoAction - 
[07:14:21.116] [bmv2] [D] [thread 5122] Set default default entry for table 'MyIngress.sink_config': NoAction - 
[07:14:21.116] [bmv2] [D] [thread 5122] Set default default entry for table 'tbl_int285': int285 - 
[07:14:21.117] [bmv2] [D] [thread 5122] Set default default entry for table 'tbl_remove_sink_header': MyEgress.remove_sink_header - 
[07:14:21.118] [bmv2] [D] [thread 5122] Set default default entry for table 'MyEgress.direct_report': NoAction - 
[07:14:21.118] [bmv2] [D] [thread 5122] Set default default entry for table 'tbl_int343': int343 - 
[07:14:21.120] [bmv2] [D] [thread 5122] simple_switch target has been notified of a config swap
[07:14:21.124] [bmv2] [D] [thread 5123] Set default entry for table 'MyIngress.INT_tab': MyIngress.add_INT - 1,
[07:14:21.127] [bmv2] [D] [thread 5122] Entry 0 added to table 'MyIngress.ipv4_lpm'
[07:14:21.127] [bmv2] [D] [thread 5122] Dumping entry 0
Match key:
* hdr.ipv4.dstAddr    : LPM       0a000102/32
Action entry: MyIngress.ipv4_forward - 80000000102,1,

[07:14:21.129] [bmv2] [D] [thread 5122] Entry 1 added to table 'MyIngress.ipv4_lpm'
[07:14:21.129] [bmv2] [D] [thread 5122] Dumping entry 1
Match key:
* hdr.ipv4.dstAddr    : LPM       0a000103/32
Action entry: MyIngress.ipv4_forward - 80000000103,2,

[07:14:21.136] [bmv2] [D] [thread 5123] Entry 2 added to table 'MyIngress.ipv4_lpm'
[07:14:21.148] [bmv2] [D] [thread 5123] Dumping entry 2
Match key:
* hdr.ipv4.dstAddr    : LPM       0a000200/24
Action entry: MyIngress.ipv4_forward - 80000000500,3,

[07:14:21.154] [bmv2] [D] [thread 5122] Entry 3 added to table 'MyIngress.ipv4_lpm'
[07:14:21.154] [bmv2] [D] [thread 5122] Dumping entry 3
Match key:
* hdr.ipv4.dstAddr    : LPM       0a000300/24
Action entry: MyIngress.ipv4_forward - 80000000500,3,

[07:14:21.159] [bmv2] [D] [thread 5122] Entry 4 added to table 'MyIngress.ipv4_lpm'
[07:14:21.159] [bmv2] [D] [thread 5122] Dumping entry 4
Match key:
* hdr.ipv4.dstAddr    : LPM       0a000400/24
Action entry: MyIngress.ipv4_forward - 80000000500,3,

[07:14:21.164] [bmv2] [E] [thread 5123] Error when trying to add entry to table 'MyEgress.direct_report': NO_TABLE_KEY
[07:14:21.164] [bmv2] [E] [thread 5123] [P4Runtime] Error when adding match entry to target
