Calling target program-options parser
[07:14:15.666] [bmv2] [D] [thread 4960] Set default default entry for table 'MyIngress.ipv4_lpm': NoAction - 
[07:14:15.666] [bmv2] [D] [thread 4960] Set default default entry for table 'tbl_activate_INT': MyIngress.activate_INT - 
[07:14:15.666] [bmv2] [D] [thread 4960] Set default default entry for table 'MyIngress.INT_tab': NoAction - 
[07:14:15.667] [bmv2] [D] [thread 4960] Set default default entry for table 'MyIngress.sink_config': NoAction - 
[07:14:15.667] [bmv2] [D] [thread 4960] Set default default entry for table 'tbl_int285': int285 - 
[07:14:15.668] [bmv2] [D] [thread 4960] Set default default entry for table 'tbl_remove_sink_header': MyEgress.remove_sink_header - 
[07:14:15.668] [bmv2] [D] [thread 4960] Set default default entry for table 'MyEgress.direct_report': NoAction - 
[07:14:15.668] [bmv2] [D] [thread 4960] Set default default entry for table 'tbl_int343': int343 - 
Adding interface s2-eth1 as port 1
[07:14:15.670] [bmv2] [D] [thread 4960] Adding interface s2-eth1 as port 1
Adding interface s2-eth2 as port 2
[07:14:15.707] [bmv2] [D] [thread 4960] Adding interface s2-eth2 as port 2
Adding interface s2-eth3 as port 3
[07:14:15.739] [bmv2] [D] [thread 4960] Adding interface s2-eth3 as port 3
Adding interface s2-eth4 as port 4
[07:14:15.778] [bmv2] [D] [thread 4960] Adding interface s2-eth4 as port 4
Server listening on 0.0.0.0:50052
[07:14:15.829] [bmv2] [I] [thread 4960] Starting Thrift server on port 9091
[07:14:15.830] [bmv2] [I] [thread 4960] Thrift server was started
[07:14:17.137] [bmv2] [D] [thread 4971] [0.0] [cxt 0] Processing packet received on port 2
[07:14:17.137] [bmv2] [D] [thread 4971] [0.0] [cxt 0] Parser 'parser': start
[07:14:17.137] [bmv2] [D] [thread 4971] [0.0] [cxt 0] Parser 'parser' entering state 'start'
[07:14:17.137] [bmv2] [D] [thread 4971] [0.0] [cxt 0] Extracting header 'ethernet'
[07:14:17.138] [bmv2] [D] [thread 4971] [0.0] [cxt 0] Parser state 'start': key is 86dd
[07:14:17.138] [bmv2] [T] [thread 4971] [0.0] [cxt 0] Bytes parsed: 14
[07:14:17.138] [bmv2] [D] [thread 4971] [0.0] [cxt 0] Parser 'parser': end
[07:14:17.138] [bmv2] [D] [thread 4971] [0.0] [cxt 0] Pipeline 'ingress': start
[07:14:17.138] [bmv2] [T] [thread 4971] [0.0] [cxt 0] int.p4(257) Condition "hdr.ipv4.isValid()" (node_2) is false
[07:14:17.138] [bmv2] [D] [thread 4971] [0.0] [cxt 0] Pipeline 'ingress': end
[07:14:17.145] [bmv2] [D] [thread 4971] [0.0] [cxt 0] Egress port is 0
[07:14:17.146] [bmv2] [D] [thread 4972] [0.0] [cxt 0] Pipeline 'egress': start
[07:14:17.146] [bmv2] [T] [thread 4972] [0.0] [cxt 0] int.p4(331) Condition "standard_metadata.instance_type == 0" (node_14) is true
[07:14:17.146] [bmv2] [T] [thread 4972] [0.0] [cxt 0] int.p4(332) Condition "hdr.ipv4_option.optionLength==4" (node_15) is false
[07:14:17.146] [bmv2] [T] [thread 4972] [0.0] [cxt 0] int.p4(340) Condition "standard_metadata.instance_type == 1" (node_18) is false
[07:14:17.146] [bmv2] [D] [thread 4972] [0.0] [cxt 0] Pipeline 'egress': end
[07:14:17.146] [bmv2] [D] [thread 4972] [0.0] [cxt 0] Deparser 'deparser': start
[07:14:17.146] [bmv2] [T] [thread 4972] [0.0] [cxt 0] Skipping checksum 'cksum' update because condition not met
[07:14:17.146] [bmv2] [D] [thread 4972] [0.0] [cxt 0] Deparsing header 'ethernet'
[07:14:17.146] [bmv2] [D] [thread 4972] [0.0] [cxt 0] Deparser 'deparser': end
[07:14:17.146] [bmv2] [D] [thread 4976] [0.0] [cxt 0] Transmitting packet of size 70 out of port 0
[07:14:18.176] [bmv2] [D] [thread 4971] [1.0] [cxt 0] Processing packet received on port 1
[07:14:18.176] [bmv2] [D] [thread 4971] [1.0] [cxt 0] Parser 'parser': start
[07:14:18.176] [bmv2] [D] [thread 4971] [1.0] [cxt 0] Parser 'parser' entering state 'start'
[07:14:18.176] [bmv2] [D] [thread 4971] [1.0] [cxt 0] Extracting header 'ethernet'
[07:14:18.176] [bmv2] [D] [thread 4971] [1.0] [cxt 0] Parser state 'start': key is 86dd
[07:14:18.176] [bmv2] [T] [thread 4971] [1.0] [cxt 0] Bytes parsed: 14
[07:14:18.176] [bmv2] [D] [thread 4971] [1.0] [cxt 0] Parser 'parser': end
[07:14:18.176] [bmv2] [D] [thread 4971] [1.0] [cxt 0] Pipeline 'ingress': start
[07:14:18.177] [bmv2] [T] [thread 4971] [1.0] [cxt 0] int.p4(257) Condition "hdr.ipv4.isValid()" (node_2) is false
[07:14:18.177] [bmv2] [D] [thread 4971] [1.0] [cxt 0] Pipeline 'ingress': end
[07:14:18.177] [bmv2] [D] [thread 4971] [1.0] [cxt 0] Egress port is 0
[07:14:18.177] [bmv2] [D] [thread 4972] [1.0] [cxt 0] Pipeline 'egress': start
[07:14:18.177] [bmv2] [T] [thread 4972] [1.0] [cxt 0] int.p4(331) Condition "standard_metadata.instance_type == 0" (node_14) is true
[07:14:18.177] [bmv2] [T] [thread 4972] [1.0] [cxt 0] int.p4(332) Condition "hdr.ipv4_option.optionLength==4" (node_15) is false
[07:14:18.177] [bmv2] [T] [thread 4972] [1.0] [cxt 0] int.p4(340) Condition "standard_metadata.instance_type == 1" (node_18) is false
[07:14:18.177] [bmv2] [D] [thread 4972] [1.0] [cxt 0] Pipeline 'egress': end
[07:14:18.177] [bmv2] [D] [thread 4972] [1.0] [cxt 0] Deparser 'deparser': start
[07:14:18.177] [bmv2] [T] [thread 4972] [1.0] [cxt 0] Skipping checksum 'cksum' update because condition not met
[07:14:18.177] [bmv2] [D] [thread 4972] [1.0] [cxt 0] Deparsing header 'ethernet'
[07:14:18.177] [bmv2] [D] [thread 4972] [1.0] [cxt 0] Deparser 'deparser': end
[07:14:18.177] [bmv2] [D] [thread 4976] [1.0] [cxt 0] Transmitting packet of size 70 out of port 0
[07:14:18.403] [bmv2] [D] [thread 4971] [2.0] [cxt 0] Processing packet received on port 4
[07:14:18.403] [bmv2] [D] [thread 4971] [2.0] [cxt 0] Parser 'parser': start
[07:14:18.403] [bmv2] [D] [thread 4971] [2.0] [cxt 0] Parser 'parser' entering state 'start'
[07:14:18.403] [bmv2] [D] [thread 4971] [2.0] [cxt 0] Extracting header 'ethernet'
[07:14:18.403] [bmv2] [D] [thread 4971] [2.0] [cxt 0] Parser state 'start': key is 86dd
[07:14:18.403] [bmv2] [T] [thread 4971] [2.0] [cxt 0] Bytes parsed: 14
[07:14:18.403] [bmv2] [D] [thread 4971] [2.0] [cxt 0] Parser 'parser': end
[07:14:18.403] [bmv2] [D] [thread 4971] [2.0] [cxt 0] Pipeline 'ingress': start
[07:14:18.403] [bmv2] [T] [thread 4971] [2.0] [cxt 0] int.p4(257) Condition "hdr.ipv4.isValid()" (node_2) is false
[07:14:18.403] [bmv2] [D] [thread 4971] [2.0] [cxt 0] Pipeline 'ingress': end
[07:14:18.403] [bmv2] [D] [thread 4971] [2.0] [cxt 0] Egress port is 0
[07:14:18.403] [bmv2] [D] [thread 4971] [3.0] [cxt 0] Processing packet received on port 3
[07:14:18.403] [bmv2] [D] [thread 4971] [3.0] [cxt 0] Parser 'parser': start
[07:14:18.403] [bmv2] [D] [thread 4971] [3.0] [cxt 0] Parser 'parser' entering state 'start'
[07:14:18.403] [bmv2] [D] [thread 4971] [3.0] [cxt 0] Extracting header 'ethernet'
[07:14:18.403] [bmv2] [D] [thread 4971] [3.0] [cxt 0] Parser state 'start': key is 86dd
[07:14:18.403] [bmv2] [T] [thread 4971] [3.0] [cxt 0] Bytes parsed: 14
[07:14:18.403] [bmv2] [D] [thread 4971] [3.0] [cxt 0] Parser 'parser': end
[07:14:18.403] [bmv2] [D] [thread 4971] [3.0] [cxt 0] Pipeline 'ingress': start
[07:14:18.403] [bmv2] [T] [thread 4971] [3.0] [cxt 0] int.p4(257) Condition "hdr.ipv4.isValid()" (node_2) is false
[07:14:18.403] [bmv2] [D] [thread 4971] [3.0] [cxt 0] Pipeline 'ingress': end
[07:14:18.404] [bmv2] [D] [thread 4971] [3.0] [cxt 0] Egress port is 0
[07:14:18.404] [bmv2] [D] [thread 4972] [2.0] [cxt 0] Pipeline 'egress': start
[07:14:18.404] [bmv2] [T] [thread 4972] [2.0] [cxt 0] int.p4(331) Condition "standard_metadata.instance_type == 0" (node_14) is true
[07:14:18.404] [bmv2] [T] [thread 4972] [2.0] [cxt 0] int.p4(332) Condition "hdr.ipv4_option.optionLength==4" (node_15) is false
[07:14:18.404] [bmv2] [T] [thread 4972] [2.0] [cxt 0] int.p4(340) Condition "standard_metadata.instance_type == 1" (node_18) is false
[07:14:18.404] [bmv2] [D] [thread 4972] [2.0] [cxt 0] Pipeline 'egress': end
[07:14:18.404] [bmv2] [D] [thread 4972] [2.0] [cxt 0] Deparser 'deparser': start
[07:14:18.405] [bmv2] [T] [thread 4972] [2.0] [cxt 0] Skipping checksum 'cksum' update because condition not met
[07:14:18.405] [bmv2] [D] [thread 4972] [2.0] [cxt 0] Deparsing header 'ethernet'
[07:14:18.405] [bmv2] [D] [thread 4972] [2.0] [cxt 0] Deparser 'deparser': end
[07:14:18.405] [bmv2] [D] [thread 4972] [3.0] [cxt 0] Pipeline 'egress': start
[07:14:18.405] [bmv2] [T] [thread 4972] [3.0] [cxt 0] int.p4(331) Condition "standard_metadata.instance_type == 0" (node_14) is true
[07:14:18.405] [bmv2] [T] [thread 4972] [3.0] [cxt 0] int.p4(332) Condition "hdr.ipv4_option.optionLength==4" (node_15) is false
[07:14:18.405] [bmv2] [T] [thread 4972] [3.0] [cxt 0] int.p4(340) Condition "standard_metadata.instance_type == 1" (node_18) is false
[07:14:18.405] [bmv2] [D] [thread 4972] [3.0] [cxt 0] Pipeline 'egress': end
[07:14:18.405] [bmv2] [D] [thread 4972] [3.0] [cxt 0] Deparser 'deparser': start
[07:14:18.405] [bmv2] [T] [thread 4972] [3.0] [cxt 0] Skipping checksum 'cksum' update because condition not met
[07:14:18.405] [bmv2] [D] [thread 4972] [3.0] [cxt 0] Deparsing header 'ethernet'
[07:14:18.405] [bmv2] [D] [thread 4972] [3.0] [cxt 0] Deparser 'deparser': end
[07:14:18.405] [bmv2] [D] [thread 4976] [2.0] [cxt 0] Transmitting packet of size 70 out of port 0
[07:14:18.406] [bmv2] [D] [thread 4976] [3.0] [cxt 0] Transmitting packet of size 70 out of port 0
[07:14:18.663] [bmv2] [D] [thread 4971] [4.0] [cxt 0] Processing packet received on port 3
[07:14:18.663] [bmv2] [D] [thread 4971] [4.0] [cxt 0] Parser 'parser': start
[07:14:18.663] [bmv2] [D] [thread 4971] [4.0] [cxt 0] Parser 'parser' entering state 'start'
[07:14:18.663] [bmv2] [D] [thread 4971] [4.0] [cxt 0] Extracting header 'ethernet'
[07:14:18.663] [bmv2] [D] [thread 4971] [4.0] [cxt 0] Parser state 'start': key is 86dd
[07:14:18.663] [bmv2] [T] [thread 4971] [4.0] [cxt 0] Bytes parsed: 14
[07:14:18.663] [bmv2] [D] [thread 4971] [4.0] [cxt 0] Parser 'parser': end
[07:14:18.663] [bmv2] [D] [thread 4971] [4.0] [cxt 0] Pipeline 'ingress': start
[07:14:18.663] [bmv2] [T] [thread 4971] [4.0] [cxt 0] int.p4(257) Condition "hdr.ipv4.isValid()" (node_2) is false
[07:14:18.663] [bmv2] [D] [thread 4971] [4.0] [cxt 0] Pipeline 'ingress': end
[07:14:18.663] [bmv2] [D] [thread 4971] [4.0] [cxt 0] Egress port is 0
[07:14:18.663] [bmv2] [D] [thread 4971] [5.0] [cxt 0] Processing packet received on port 4
[07:14:18.663] [bmv2] [D] [thread 4971] [5.0] [cxt 0] Parser 'parser': start
[07:14:18.663] [bmv2] [D] [thread 4971] [5.0] [cxt 0] Parser 'parser' entering state 'start'
[07:14:18.663] [bmv2] [D] [thread 4971] [5.0] [cxt 0] Extracting header 'ethernet'
[07:14:18.663] [bmv2] [D] [thread 4971] [5.0] [cxt 0] Parser state 'start': key is 86dd
[07:14:18.663] [bmv2] [T] [thread 4971] [5.0] [cxt 0] Bytes parsed: 14
[07:14:18.663] [bmv2] [D] [thread 4971] [5.0] [cxt 0] Parser 'parser': end
[07:14:18.663] [bmv2] [D] [thread 4971] [5.0] [cxt 0] Pipeline 'ingress': start
[07:14:18.664] [bmv2] [T] [thread 4971] [5.0] [cxt 0] int.p4(257) Condition "hdr.ipv4.isValid()" (node_2) is false
[07:14:18.664] [bmv2] [D] [thread 4971] [5.0] [cxt 0] Pipeline 'ingress': end
[07:14:18.664] [bmv2] [D] [thread 4971] [5.0] [cxt 0] Egress port is 0
[07:14:18.667] [bmv2] [D] [thread 4972] [4.0] [cxt 0] Pipeline 'egress': start
[07:14:18.667] [bmv2] [T] [thread 4972] [4.0] [cxt 0] int.p4(331) Condition "standard_metadata.instance_type == 0" (node_14) is true
[07:14:18.667] [bmv2] [T] [thread 4972] [4.0] [cxt 0] int.p4(332) Condition "hdr.ipv4_option.optionLength==4" (node_15) is false
[07:14:18.667] [bmv2] [T] [thread 4972] [4.0] [cxt 0] int.p4(340) Condition "standard_metadata.instance_type == 1" (node_18) is false
[07:14:18.667] [bmv2] [D] [thread 4972] [4.0] [cxt 0] Pipeline 'egress': end
[07:14:18.667] [bmv2] [D] [thread 4972] [4.0] [cxt 0] Deparser 'deparser': start
[07:14:18.667] [bmv2] [T] [thread 4972] [4.0] [cxt 0] Skipping checksum 'cksum' update because condition not met
[07:14:18.667] [bmv2] [D] [thread 4972] [4.0] [cxt 0] Deparsing header 'ethernet'
[07:14:18.667] [bmv2] [D] [thread 4972] [4.0] [cxt 0] Deparser 'deparser': end
[07:14:18.667] [bmv2] [D] [thread 4972] [5.0] [cxt 0] Pipeline 'egress': start
[07:14:18.667] [bmv2] [D] [thread 4976] [4.0] [cxt 0] Transmitting packet of size 70 out of port 0
[07:14:18.667] [bmv2] [T] [thread 4972] [5.0] [cxt 0] int.p4(331) Condition "standard_metadata.instance_type == 0" (node_14) is true
[07:14:18.668] [bmv2] [T] [thread 4972] [5.0] [cxt 0] int.p4(332) Condition "hdr.ipv4_option.optionLength==4" (node_15) is false
[07:14:18.668] [bmv2] [T] [thread 4972] [5.0] [cxt 0] int.p4(340) Condition "standard_metadata.instance_type == 1" (node_18) is false
[07:14:18.668] [bmv2] [D] [thread 4972] [5.0] [cxt 0] Pipeline 'egress': end
[07:14:18.668] [bmv2] [D] [thread 4972] [5.0] [cxt 0] Deparser 'deparser': start
[07:14:18.668] [bmv2] [T] [thread 4972] [5.0] [cxt 0] Skipping checksum 'cksum' update because condition not met
[07:14:18.668] [bmv2] [D] [thread 4972] [5.0] [cxt 0] Deparsing header 'ethernet'
[07:14:18.668] [bmv2] [D] [thread 4972] [5.0] [cxt 0] Deparser 'deparser': end
[07:14:18.668] [bmv2] [D] [thread 4976] [5.0] [cxt 0] Transmitting packet of size 70 out of port 0
