Calling target program-options parser
[07:14:16.308] [bmv2] [D] [thread 4980] Set default default entry for table 'MyIngress.ipv4_lpm': NoAction - 
[07:14:16.308] [bmv2] [D] [thread 4980] Set default default entry for table 'tbl_activate_INT': MyIngress.activate_INT - 
[07:14:16.308] [bmv2] [D] [thread 4980] Set default default entry for table 'MyIngress.INT_tab': NoAction - 
[07:14:16.309] [bmv2] [D] [thread 4980] Set default default entry for table 'MyIngress.sink_config': NoAction - 
[07:14:16.309] [bmv2] [D] [thread 4980] Set default default entry for table 'tbl_int285': int285 - 
[07:14:16.312] [bmv2] [D] [thread 4980] Set default default entry for table 'tbl_remove_sink_header': MyEgress.remove_sink_header - 
[07:14:16.313] [bmv2] [D] [thread 4980] Set default default entry for table 'MyEgress.direct_report': NoAction - 
[07:14:16.314] [bmv2] [D] [thread 4980] Set default default entry for table 'tbl_int343': int343 - 
Adding interface s3-eth1 as port 1
[07:14:16.318] [bmv2] [D] [thread 4980] Adding interface s3-eth1 as port 1
Adding interface s3-eth2 as port 2
[07:14:16.350] [bmv2] [D] [thread 4980] Adding interface s3-eth2 as port 2
Adding interface s3-eth3 as port 3
[07:14:16.382] [bmv2] [D] [thread 4980] Adding interface s3-eth3 as port 3
Adding interface s3-eth4 as port 4
[07:14:16.414] [bmv2] [D] [thread 4980] Adding interface s3-eth4 as port 4
Server listening on 0.0.0.0:50053
[07:14:16.474] [bmv2] [I] [thread 4980] Starting Thrift server on port 9092
[07:14:16.475] [bmv2] [I] [thread 4980] Thrift server was started
[07:14:17.171] [bmv2] [D] [thread 4990] [0.0] [cxt 0] Processing packet received on port 1
[07:14:17.171] [bmv2] [D] [thread 4990] [0.0] [cxt 0] Parser 'parser': start
[07:14:17.171] [bmv2] [D] [thread 4990] [0.0] [cxt 0] Parser 'parser' entering state 'start'
[07:14:17.171] [bmv2] [D] [thread 4990] [0.0] [cxt 0] Extracting header 'ethernet'
[07:14:17.171] [bmv2] [D] [thread 4990] [0.0] [cxt 0] Parser state 'start': key is 86dd
[07:14:17.171] [bmv2] [T] [thread 4990] [0.0] [cxt 0] Bytes parsed: 14
[07:14:17.171] [bmv2] [D] [thread 4990] [0.0] [cxt 0] Parser 'parser': end
[07:14:17.171] [bmv2] [D] [thread 4990] [0.0] [cxt 0] Pipeline 'ingress': start
[07:14:17.171] [bmv2] [T] [thread 4990] [0.0] [cxt 0] int.p4(257) Condition "hdr.ipv4.isValid()" (node_2) is false
[07:14:17.171] [bmv2] [D] [thread 4990] [0.0] [cxt 0] Pipeline 'ingress': end
[07:14:17.171] [bmv2] [D] [thread 4990] [0.0] [cxt 0] Egress port is 0
[07:14:17.177] [bmv2] [D] [thread 4991] [0.0] [cxt 0] Pipeline 'egress': start
[07:14:17.177] [bmv2] [T] [thread 4991] [0.0] [cxt 0] int.p4(331) Condition "standard_metadata.instance_type == 0" (node_14) is true
[07:14:17.177] [bmv2] [T] [thread 4991] [0.0] [cxt 0] int.p4(332) Condition "hdr.ipv4_option.optionLength==4" (node_15) is false
[07:14:17.177] [bmv2] [T] [thread 4991] [0.0] [cxt 0] int.p4(340) Condition "standard_metadata.instance_type == 1" (node_18) is false
[07:14:17.177] [bmv2] [D] [thread 4991] [0.0] [cxt 0] Pipeline 'egress': end
[07:14:17.177] [bmv2] [D] [thread 4991] [0.0] [cxt 0] Deparser 'deparser': start
[07:14:17.177] [bmv2] [T] [thread 4991] [0.0] [cxt 0] Skipping checksum 'cksum' update because condition not met
[07:14:17.177] [bmv2] [D] [thread 4991] [0.0] [cxt 0] Deparsing header 'ethernet'
[07:14:17.177] [bmv2] [D] [thread 4991] [0.0] [cxt 0] Deparser 'deparser': end
[07:14:17.177] [bmv2] [D] [thread 4995] [0.0] [cxt 0] Transmitting packet of size 70 out of port 0
[07:14:17.634] [bmv2] [D] [thread 4990] [1.0] [cxt 0] Processing packet received on port 2
[07:14:17.634] [bmv2] [D] [thread 4990] [1.0] [cxt 0] Parser 'parser': start
[07:14:17.634] [bmv2] [D] [thread 4990] [1.0] [cxt 0] Parser 'parser' entering state 'start'
[07:14:17.634] [bmv2] [D] [thread 4990] [1.0] [cxt 0] Extracting header 'ethernet'
[07:14:17.634] [bmv2] [D] [thread 4990] [1.0] [cxt 0] Parser state 'start': key is 86dd
[07:14:17.634] [bmv2] [T] [thread 4990] [1.0] [cxt 0] Bytes parsed: 14
[07:14:17.634] [bmv2] [D] [thread 4990] [1.0] [cxt 0] Parser 'parser': end
[07:14:17.634] [bmv2] [D] [thread 4990] [1.0] [cxt 0] Pipeline 'ingress': start
[07:14:17.634] [bmv2] [T] [thread 4990] [1.0] [cxt 0] int.p4(257) Condition "hdr.ipv4.isValid()" (node_2) is false
[07:14:17.634] [bmv2] [D] [thread 4990] [1.0] [cxt 0] Pipeline 'ingress': end
[07:14:17.634] [bmv2] [D] [thread 4990] [1.0] [cxt 0] Egress port is 0
[07:14:17.635] [bmv2] [D] [thread 4991] [1.0] [cxt 0] Pipeline 'egress': start
[07:14:17.635] [bmv2] [T] [thread 4991] [1.0] [cxt 0] int.p4(331) Condition "standard_metadata.instance_type == 0" (node_14) is true
[07:14:17.635] [bmv2] [T] [thread 4991] [1.0] [cxt 0] int.p4(332) Condition "hdr.ipv4_option.optionLength==4" (node_15) is false
[07:14:17.635] [bmv2] [T] [thread 4991] [1.0] [cxt 0] int.p4(340) Condition "standard_metadata.instance_type == 1" (node_18) is false
[07:14:17.635] [bmv2] [D] [thread 4991] [1.0] [cxt 0] Pipeline 'egress': end
[07:14:17.635] [bmv2] [D] [thread 4991] [1.0] [cxt 0] Deparser 'deparser': start
[07:14:17.635] [bmv2] [T] [thread 4991] [1.0] [cxt 0] Skipping checksum 'cksum' update because condition not met
[07:14:17.635] [bmv2] [D] [thread 4991] [1.0] [cxt 0] Deparsing header 'ethernet'
[07:14:17.635] [bmv2] [D] [thread 4991] [1.0] [cxt 0] Deparser 'deparser': end
[07:14:17.636] [bmv2] [D] [thread 4995] [1.0] [cxt 0] Transmitting packet of size 70 out of port 0
[07:14:17.890] [bmv2] [D] [thread 4990] [2.0] [cxt 0] Processing packet received on port 3
[07:14:17.890] [bmv2] [D] [thread 4990] [2.0] [cxt 0] Parser 'parser': start
[07:14:17.890] [bmv2] [D] [thread 4990] [2.0] [cxt 0] Parser 'parser' entering state 'start'
[07:14:17.890] [bmv2] [D] [thread 4990] [2.0] [cxt 0] Extracting header 'ethernet'
[07:14:17.890] [bmv2] [D] [thread 4990] [2.0] [cxt 0] Parser state 'start': key is 86dd
[07:14:17.891] [bmv2] [T] [thread 4990] [2.0] [cxt 0] Bytes parsed: 14
[07:14:17.891] [bmv2] [D] [thread 4990] [2.0] [cxt 0] Parser 'parser': end
[07:14:17.891] [bmv2] [D] [thread 4990] [2.0] [cxt 0] Pipeline 'ingress': start
[07:14:17.891] [bmv2] [T] [thread 4990] [2.0] [cxt 0] int.p4(257) Condition "hdr.ipv4.isValid()" (node_2) is false
[07:14:17.891] [bmv2] [D] [thread 4990] [2.0] [cxt 0] Pipeline 'ingress': end
[07:14:17.891] [bmv2] [D] [thread 4990] [2.0] [cxt 0] Egress port is 0
[07:14:17.891] [bmv2] [D] [thread 4991] [2.0] [cxt 0] Pipeline 'egress': start
[07:14:17.891] [bmv2] [T] [thread 4991] [2.0] [cxt 0] int.p4(331) Condition "standard_metadata.instance_type == 0" (node_14) is true
[07:14:17.891] [bmv2] [T] [thread 4991] [2.0] [cxt 0] int.p4(332) Condition "hdr.ipv4_option.optionLength==4" (node_15) is false
[07:14:17.891] [bmv2] [T] [thread 4991] [2.0] [cxt 0] int.p4(340) Condition "standard_metadata.instance_type == 1" (node_18) is false
[07:14:17.891] [bmv2] [D] [thread 4991] [2.0] [cxt 0] Pipeline 'egress': end
[07:14:17.891] [bmv2] [D] [thread 4991] [2.0] [cxt 0] Deparser 'deparser': start
[07:14:17.891] [bmv2] [T] [thread 4991] [2.0] [cxt 0] Skipping checksum 'cksum' update because condition not met
[07:14:17.891] [bmv2] [D] [thread 4991] [2.0] [cxt 0] Deparsing header 'ethernet'
[07:14:17.891] [bmv2] [D] [thread 4991] [2.0] [cxt 0] Deparser 'deparser': end
[07:14:17.892] [bmv2] [D] [thread 4995] [2.0] [cxt 0] Transmitting packet of size 70 out of port 0
[07:14:18.169] [bmv2] [D] [thread 4990] [3.0] [cxt 0] Processing packet received on port 3
[07:14:18.170] [bmv2] [D] [thread 4990] [3.0] [cxt 0] Parser 'parser': start
[07:14:18.170] [bmv2] [D] [thread 4990] [3.0] [cxt 0] Parser 'parser' entering state 'start'
[07:14:18.170] [bmv2] [D] [thread 4990] [3.0] [cxt 0] Extracting header 'ethernet'
[07:14:18.170] [bmv2] [D] [thread 4990] [3.0] [cxt 0] Parser state 'start': key is 86dd
[07:14:18.170] [bmv2] [T] [thread 4990] [3.0] [cxt 0] Bytes parsed: 14
[07:14:18.170] [bmv2] [D] [thread 4990] [3.0] [cxt 0] Parser 'parser': end
[07:14:18.170] [bmv2] [D] [thread 4990] [3.0] [cxt 0] Pipeline 'ingress': start
[07:14:18.170] [bmv2] [T] [thread 4990] [3.0] [cxt 0] int.p4(257) Condition "hdr.ipv4.isValid()" (node_2) is false
[07:14:18.170] [bmv2] [D] [thread 4990] [3.0] [cxt 0] Pipeline 'ingress': end
[07:14:18.170] [bmv2] [D] [thread 4990] [3.0] [cxt 0] Egress port is 0
[07:14:18.170] [bmv2] [D] [thread 4991] [3.0] [cxt 0] Pipeline 'egress': start
[07:14:18.170] [bmv2] [T] [thread 4991] [3.0] [cxt 0] int.p4(331) Condition "standard_metadata.instance_type == 0" (node_14) is true
[07:14:18.170] [bmv2] [T] [thread 4991] [3.0] [cxt 0] int.p4(332) Condition "hdr.ipv4_option.optionLength==4" (node_15) is false
[07:14:18.170] [bmv2] [T] [thread 4991] [3.0] [cxt 0] int.p4(340) Condition "standard_metadata.instance_type == 1" (node_18) is false
[07:14:18.170] [bmv2] [D] [thread 4991] [3.0] [cxt 0] Pipeline 'egress': end
[07:14:18.170] [bmv2] [D] [thread 4991] [3.0] [cxt 0] Deparser 'deparser': start
[07:14:18.170] [bmv2] [T] [thread 4991] [3.0] [cxt 0] Skipping checksum 'cksum' update because condition not met
[07:14:18.170] [bmv2] [D] [thread 4991] [3.0] [cxt 0] Deparsing header 'ethernet'
[07:14:18.170] [bmv2] [D] [thread 4991] [3.0] [cxt 0] Deparser 'deparser': end
[07:14:18.171] [bmv2] [D] [thread 4995] [3.0] [cxt 0] Transmitting packet of size 70 out of port 0
[07:14:18.404] [bmv2] [D] [thread 4990] [4.0] [cxt 0] Processing packet received on port 4
[07:14:18.404] [bmv2] [D] [thread 4990] [4.0] [cxt 0] Parser 'parser': start
[07:14:18.404] [bmv2] [D] [thread 4990] [4.0] [cxt 0] Parser 'parser' entering state 'start'
[07:14:18.404] [bmv2] [D] [thread 4990] [4.0] [cxt 0] Extracting header 'ethernet'
[07:14:18.404] [bmv2] [D] [thread 4990] [4.0] [cxt 0] Parser state 'start': key is 86dd
[07:14:18.404] [bmv2] [T] [thread 4990] [4.0] [cxt 0] Bytes parsed: 14
[07:14:18.404] [bmv2] [D] [thread 4990] [4.0] [cxt 0] Parser 'parser': end
[07:14:18.404] [bmv2] [D] [thread 4990] [4.0] [cxt 0] Pipeline 'ingress': start
[07:14:18.404] [bmv2] [T] [thread 4990] [4.0] [cxt 0] int.p4(257) Condition "hdr.ipv4.isValid()" (node_2) is false
[07:14:18.404] [bmv2] [D] [thread 4990] [4.0] [cxt 0] Pipeline 'ingress': end
[07:14:18.404] [bmv2] [D] [thread 4990] [4.0] [cxt 0] Egress port is 0
[07:14:18.405] [bmv2] [D] [thread 4991] [4.0] [cxt 0] Pipeline 'egress': start
[07:14:18.405] [bmv2] [T] [thread 4991] [4.0] [cxt 0] int.p4(331) Condition "standard_metadata.instance_type == 0" (node_14) is true
[07:14:18.405] [bmv2] [T] [thread 4991] [4.0] [cxt 0] int.p4(332) Condition "hdr.ipv4_option.optionLength==4" (node_15) is false
[07:14:18.405] [bmv2] [T] [thread 4991] [4.0] [cxt 0] int.p4(340) Condition "standard_metadata.instance_type == 1" (node_18) is false
[07:14:18.405] [bmv2] [D] [thread 4991] [4.0] [cxt 0] Pipeline 'egress': end
[07:14:18.406] [bmv2] [D] [thread 4991] [4.0] [cxt 0] Deparser 'deparser': start
[07:14:18.406] [bmv2] [T] [thread 4991] [4.0] [cxt 0] Skipping checksum 'cksum' update because condition not met
[07:14:18.406] [bmv2] [D] [thread 4991] [4.0] [cxt 0] Deparsing header 'ethernet'
[07:14:18.406] [bmv2] [D] [thread 4991] [4.0] [cxt 0] Deparser 'deparser': end
[07:14:18.406] [bmv2] [D] [thread 4995] [4.0] [cxt 0] Transmitting packet of size 70 out of port 0
[07:14:18.664] [bmv2] [D] [thread 4990] [5.0] [cxt 0] Processing packet received on port 4
[07:14:18.664] [bmv2] [D] [thread 4990] [5.0] [cxt 0] Parser 'parser': start
[07:14:18.664] [bmv2] [D] [thread 4990] [5.0] [cxt 0] Parser 'parser' entering state 'start'
[07:14:18.664] [bmv2] [D] [thread 4990] [5.0] [cxt 0] Extracting header 'ethernet'
[07:14:18.664] [bmv2] [D] [thread 4990] [5.0] [cxt 0] Parser state 'start': key is 86dd
[07:14:18.664] [bmv2] [T] [thread 4990] [5.0] [cxt 0] Bytes parsed: 14
[07:14:18.664] [bmv2] [D] [thread 4990] [5.0] [cxt 0] Parser 'parser': end
[07:14:18.664] [bmv2] [D] [thread 4990] [5.0] [cxt 0] Pipeline 'ingress': start
[07:14:18.664] [bmv2] [T] [thread 4990] [5.0] [cxt 0] int.p4(257) Condition "hdr.ipv4.isValid()" (node_2) is false
[07:14:18.664] [bmv2] [D] [thread 4990] [5.0] [cxt 0] Pipeline 'ingress': end
[07:14:18.664] [bmv2] [D] [thread 4990] [5.0] [cxt 0] Egress port is 0
[07:14:18.667] [bmv2] [D] [thread 4991] [5.0] [cxt 0] Pipeline 'egress': start
[07:14:18.668] [bmv2] [T] [thread 4991] [5.0] [cxt 0] int.p4(331) Condition "standard_metadata.instance_type == 0" (node_14) is true
[07:14:18.668] [bmv2] [T] [thread 4991] [5.0] [cxt 0] int.p4(332) Condition "hdr.ipv4_option.optionLength==4" (node_15) is false
[07:14:18.668] [bmv2] [T] [thread 4991] [5.0] [cxt 0] int.p4(340) Condition "standard_metadata.instance_type == 1" (node_18) is false
[07:14:18.668] [bmv2] [D] [thread 4991] [5.0] [cxt 0] Pipeline 'egress': end
[07:14:18.668] [bmv2] [D] [thread 4991] [5.0] [cxt 0] Deparser 'deparser': start
[07:14:18.668] [bmv2] [T] [thread 4991] [5.0] [cxt 0] Skipping checksum 'cksum' update because condition not met
[07:14:18.668] [bmv2] [D] [thread 4991] [5.0] [cxt 0] Deparsing header 'ethernet'
[07:14:18.668] [bmv2] [D] [thread 4991] [5.0] [cxt 0] Deparser 'deparser': end
[07:14:18.668] [bmv2] [D] [thread 4995] [5.0] [cxt 0] Transmitting packet of size 70 out of port 0
