Calling target program-options parser
[14:45:17.283] [bmv2] [D] [thread 22499] Set default default entry for table 'MyIngress.ipv4_lpm': NoAction - 
[14:45:17.283] [bmv2] [D] [thread 22499] Set default default entry for table 'tbl_activate_INT': MyIngress.activate_INT - 
[14:45:17.283] [bmv2] [D] [thread 22499] Set default default entry for table 'MyIngress.INT_tab': NoAction - 
[14:45:17.283] [bmv2] [D] [thread 22499] Set default default entry for table 'MyIngress.sink_config': NoAction - 
[14:45:17.283] [bmv2] [D] [thread 22499] Set default default entry for table 'tbl_int285': int285 - 
[14:45:17.284] [bmv2] [D] [thread 22499] Set default default entry for table 'tbl_remove_sink_header': MyEgress.remove_sink_header - 
[14:45:17.284] [bmv2] [D] [thread 22499] Set default default entry for table 'MyEgress.direct_report': NoAction - 
[14:45:17.284] [bmv2] [D] [thread 22499] Set default default entry for table 'tbl_int343': int343 - 
Adding interface s4-eth1 as port 1
[14:45:17.284] [bmv2] [D] [thread 22499] Adding interface s4-eth1 as port 1
Adding interface s4-eth2 as port 2
[14:45:17.317] [bmv2] [D] [thread 22499] Adding interface s4-eth2 as port 2
Adding interface s4-eth3 as port 3
[14:45:17.348] [bmv2] [D] [thread 22499] Adding interface s4-eth3 as port 3
Adding interface s4-eth4 as port 4
[14:45:17.389] [bmv2] [D] [thread 22499] Adding interface s4-eth4 as port 4
Server listening on 0.0.0.0:50054
[14:45:17.424] [bmv2] [I] [thread 22499] Starting Thrift server on port 9093
[14:45:17.425] [bmv2] [I] [thread 22499] Thrift server was started
[14:45:17.453] [bmv2] [D] [thread 22509] [0.0] [cxt 0] Processing packet received on port 1
[14:45:17.453] [bmv2] [D] [thread 22509] [0.0] [cxt 0] Parser 'parser': start
[14:45:17.453] [bmv2] [D] [thread 22509] [0.0] [cxt 0] Parser 'parser' entering state 'start'
[14:45:17.453] [bmv2] [D] [thread 22509] [0.0] [cxt 0] Extracting header 'ethernet'
[14:45:17.454] [bmv2] [D] [thread 22509] [0.0] [cxt 0] Parser state 'start': key is 86dd
[14:45:17.454] [bmv2] [T] [thread 22509] [0.0] [cxt 0] Bytes parsed: 14
[14:45:17.454] [bmv2] [D] [thread 22509] [0.0] [cxt 0] Parser 'parser': end
[14:45:17.454] [bmv2] [D] [thread 22509] [0.0] [cxt 0] Pipeline 'ingress': start
[14:45:17.454] [bmv2] [T] [thread 22509] [0.0] [cxt 0] int.p4(257) Condition "hdr.ipv4.isValid()" (node_2) is false
[14:45:17.454] [bmv2] [D] [thread 22509] [0.0] [cxt 0] Pipeline 'ingress': end
[14:45:17.455] [bmv2] [D] [thread 22509] [0.0] [cxt 0] Egress port is 0
[14:45:17.455] [bmv2] [D] [thread 22510] [0.0] [cxt 0] Pipeline 'egress': start
[14:45:17.455] [bmv2] [T] [thread 22510] [0.0] [cxt 0] int.p4(331) Condition "standard_metadata.instance_type == 0" (node_14) is true
[14:45:17.455] [bmv2] [T] [thread 22510] [0.0] [cxt 0] int.p4(332) Condition "hdr.ipv4_option.optionLength==4" (node_15) is false
[14:45:17.455] [bmv2] [T] [thread 22510] [0.0] [cxt 0] int.p4(340) Condition "standard_metadata.instance_type == 1" (node_18) is false
[14:45:17.455] [bmv2] [D] [thread 22510] [0.0] [cxt 0] Pipeline 'egress': end
[14:45:17.455] [bmv2] [D] [thread 22510] [0.0] [cxt 0] Deparser 'deparser': start
[14:45:17.455] [bmv2] [T] [thread 22510] [0.0] [cxt 0] Skipping checksum 'cksum' update because condition not met
[14:45:17.455] [bmv2] [D] [thread 22510] [0.0] [cxt 0] Deparsing header 'ethernet'
[14:45:17.455] [bmv2] [D] [thread 22510] [0.0] [cxt 0] Deparser 'deparser': end
[14:45:17.455] [bmv2] [D] [thread 22514] [0.0] [cxt 0] Transmitting packet of size 90 out of port 0
[14:45:17.901] [bmv2] [D] [thread 22509] [1.0] [cxt 0] Processing packet received on port 3
[14:45:17.901] [bmv2] [D] [thread 22509] [1.0] [cxt 0] Parser 'parser': start
[14:45:17.901] [bmv2] [D] [thread 22509] [1.0] [cxt 0] Parser 'parser' entering state 'start'
[14:45:17.901] [bmv2] [D] [thread 22509] [1.0] [cxt 0] Extracting header 'ethernet'
[14:45:17.901] [bmv2] [D] [thread 22509] [1.0] [cxt 0] Parser state 'start': key is 86dd
[14:45:17.901] [bmv2] [T] [thread 22509] [1.0] [cxt 0] Bytes parsed: 14
[14:45:17.901] [bmv2] [D] [thread 22509] [1.0] [cxt 0] Parser 'parser': end
[14:45:17.901] [bmv2] [D] [thread 22509] [1.0] [cxt 0] Pipeline 'ingress': start
[14:45:17.901] [bmv2] [T] [thread 22509] [1.0] [cxt 0] int.p4(257) Condition "hdr.ipv4.isValid()" (node_2) is false
[14:45:17.901] [bmv2] [D] [thread 22509] [1.0] [cxt 0] Pipeline 'ingress': end
[14:45:17.901] [bmv2] [D] [thread 22509] [1.0] [cxt 0] Egress port is 0
[14:45:17.901] [bmv2] [D] [thread 22509] [2.0] [cxt 0] Processing packet received on port 3
[14:45:17.901] [bmv2] [D] [thread 22509] [2.0] [cxt 0] Parser 'parser': start
[14:45:17.901] [bmv2] [D] [thread 22509] [2.0] [cxt 0] Parser 'parser' entering state 'start'
[14:45:17.901] [bmv2] [D] [thread 22509] [2.0] [cxt 0] Extracting header 'ethernet'
[14:45:17.901] [bmv2] [D] [thread 22509] [2.0] [cxt 0] Parser state 'start': key is 86dd
[14:45:17.901] [bmv2] [T] [thread 22509] [2.0] [cxt 0] Bytes parsed: 14
[14:45:17.901] [bmv2] [D] [thread 22509] [2.0] [cxt 0] Parser 'parser': end
[14:45:17.901] [bmv2] [D] [thread 22509] [2.0] [cxt 0] Pipeline 'ingress': start
[14:45:17.901] [bmv2] [T] [thread 22509] [2.0] [cxt 0] int.p4(257) Condition "hdr.ipv4.isValid()" (node_2) is false
[14:45:17.901] [bmv2] [D] [thread 22509] [2.0] [cxt 0] Pipeline 'ingress': end
[14:45:17.901] [bmv2] [D] [thread 22509] [2.0] [cxt 0] Egress port is 0
[14:45:17.901] [bmv2] [D] [thread 22510] [1.0] [cxt 0] Pipeline 'egress': start
[14:45:17.901] [bmv2] [T] [thread 22510] [1.0] [cxt 0] int.p4(331) Condition "standard_metadata.instance_type == 0" (node_14) is true
[14:45:17.901] [bmv2] [T] [thread 22510] [1.0] [cxt 0] int.p4(332) Condition "hdr.ipv4_option.optionLength==4" (node_15) is false
[14:45:17.901] [bmv2] [T] [thread 22510] [1.0] [cxt 0] int.p4(340) Condition "standard_metadata.instance_type == 1" (node_18) is false
[14:45:17.901] [bmv2] [D] [thread 22510] [1.0] [cxt 0] Pipeline 'egress': end
[14:45:17.901] [bmv2] [D] [thread 22510] [1.0] [cxt 0] Deparser 'deparser': start
[14:45:17.901] [bmv2] [T] [thread 22510] [1.0] [cxt 0] Skipping checksum 'cksum' update because condition not met
[14:45:17.901] [bmv2] [D] [thread 22510] [1.0] [cxt 0] Deparsing header 'ethernet'
[14:45:17.901] [bmv2] [D] [thread 22510] [1.0] [cxt 0] Deparser 'deparser': end
[14:45:17.901] [bmv2] [D] [thread 22510] [2.0] [cxt 0] Pipeline 'egress': start
[14:45:17.901] [bmv2] [T] [thread 22510] [2.0] [cxt 0] int.p4(331) Condition "standard_metadata.instance_type == 0" (node_14) is true
[14:45:17.901] [bmv2] [T] [thread 22510] [2.0] [cxt 0] int.p4(332) Condition "hdr.ipv4_option.optionLength==4" (node_15) is false
[14:45:17.901] [bmv2] [T] [thread 22510] [2.0] [cxt 0] int.p4(340) Condition "standard_metadata.instance_type == 1" (node_18) is false
[14:45:17.901] [bmv2] [D] [thread 22510] [2.0] [cxt 0] Pipeline 'egress': end
[14:45:17.901] [bmv2] [D] [thread 22510] [2.0] [cxt 0] Deparser 'deparser': start
[14:45:17.901] [bmv2] [T] [thread 22510] [2.0] [cxt 0] Skipping checksum 'cksum' update because condition not met
[14:45:17.901] [bmv2] [D] [thread 22510] [2.0] [cxt 0] Deparsing header 'ethernet'
[14:45:17.901] [bmv2] [D] [thread 22510] [2.0] [cxt 0] Deparser 'deparser': end
[14:45:17.901] [bmv2] [D] [thread 22514] [1.0] [cxt 0] Transmitting packet of size 90 out of port 0
[14:45:17.901] [bmv2] [D] [thread 22514] [2.0] [cxt 0] Transmitting packet of size 90 out of port 0
[14:45:20.269] [bmv2] [D] [thread 22509] [3.0] [cxt 0] Processing packet received on port 4
[14:45:20.269] [bmv2] [D] [thread 22509] [3.0] [cxt 0] Parser 'parser': start
[14:45:20.269] [bmv2] [D] [thread 22509] [3.0] [cxt 0] Parser 'parser' entering state 'start'
[14:45:20.269] [bmv2] [D] [thread 22509] [3.0] [cxt 0] Extracting header 'ethernet'
[14:45:20.269] [bmv2] [D] [thread 22509] [3.0] [cxt 0] Parser state 'start': key is 86dd
[14:45:20.269] [bmv2] [T] [thread 22509] [3.0] [cxt 0] Bytes parsed: 14
[14:45:20.269] [bmv2] [D] [thread 22509] [3.0] [cxt 0] Parser 'parser': end
[14:45:20.269] [bmv2] [D] [thread 22509] [3.0] [cxt 0] Pipeline 'ingress': start
[14:45:20.269] [bmv2] [T] [thread 22509] [3.0] [cxt 0] int.p4(257) Condition "hdr.ipv4.isValid()" (node_2) is false
[14:45:20.269] [bmv2] [D] [thread 22509] [3.0] [cxt 0] Pipeline 'ingress': end
[14:45:20.269] [bmv2] [D] [thread 22509] [3.0] [cxt 0] Egress port is 0
[14:45:20.269] [bmv2] [D] [thread 22510] [3.0] [cxt 0] Pipeline 'egress': start
[14:45:20.269] [bmv2] [T] [thread 22510] [3.0] [cxt 0] int.p4(331) Condition "standard_metadata.instance_type == 0" (node_14) is true
[14:45:20.269] [bmv2] [T] [thread 22510] [3.0] [cxt 0] int.p4(332) Condition "hdr.ipv4_option.optionLength==4" (node_15) is false
[14:45:20.269] [bmv2] [T] [thread 22510] [3.0] [cxt 0] int.p4(340) Condition "standard_metadata.instance_type == 1" (node_18) is false
[14:45:20.269] [bmv2] [D] [thread 22510] [3.0] [cxt 0] Pipeline 'egress': end
[14:45:20.269] [bmv2] [D] [thread 22510] [3.0] [cxt 0] Deparser 'deparser': start
[14:45:20.269] [bmv2] [T] [thread 22510] [3.0] [cxt 0] Skipping checksum 'cksum' update because condition not met
[14:45:20.269] [bmv2] [D] [thread 22510] [3.0] [cxt 0] Deparsing header 'ethernet'
[14:45:20.269] [bmv2] [D] [thread 22510] [3.0] [cxt 0] Deparser 'deparser': end
[14:45:20.270] [bmv2] [D] [thread 22514] [3.0] [cxt 0] Transmitting packet of size 70 out of port 0
[14:45:20.780] [bmv2] [D] [thread 22509] [4.0] [cxt 0] Processing packet received on port 1
[14:45:20.780] [bmv2] [D] [thread 22509] [4.0] [cxt 0] Parser 'parser': start
[14:45:20.780] [bmv2] [D] [thread 22509] [4.0] [cxt 0] Parser 'parser' entering state 'start'
[14:45:20.780] [bmv2] [D] [thread 22509] [4.0] [cxt 0] Extracting header 'ethernet'
[14:45:20.780] [bmv2] [D] [thread 22509] [4.0] [cxt 0] Parser state 'start': key is 86dd
[14:45:20.780] [bmv2] [T] [thread 22509] [4.0] [cxt 0] Bytes parsed: 14
[14:45:20.780] [bmv2] [D] [thread 22509] [4.0] [cxt 0] Parser 'parser': end
[14:45:20.780] [bmv2] [D] [thread 22509] [4.0] [cxt 0] Pipeline 'ingress': start
[14:45:20.780] [bmv2] [T] [thread 22509] [4.0] [cxt 0] int.p4(257) Condition "hdr.ipv4.isValid()" (node_2) is false
[14:45:20.780] [bmv2] [D] [thread 22509] [4.0] [cxt 0] Pipeline 'ingress': end
[14:45:20.780] [bmv2] [D] [thread 22509] [4.0] [cxt 0] Egress port is 0
[14:45:20.780] [bmv2] [D] [thread 22509] [5.0] [cxt 0] Processing packet received on port 4
[14:45:20.780] [bmv2] [D] [thread 22509] [5.0] [cxt 0] Parser 'parser': start
[14:45:20.780] [bmv2] [D] [thread 22509] [5.0] [cxt 0] Parser 'parser' entering state 'start'
[14:45:20.780] [bmv2] [D] [thread 22509] [5.0] [cxt 0] Extracting header 'ethernet'
[14:45:20.780] [bmv2] [D] [thread 22509] [5.0] [cxt 0] Parser state 'start': key is 86dd
[14:45:20.780] [bmv2] [T] [thread 22509] [5.0] [cxt 0] Bytes parsed: 14
[14:45:20.780] [bmv2] [D] [thread 22509] [5.0] [cxt 0] Parser 'parser': end
[14:45:20.780] [bmv2] [D] [thread 22509] [5.0] [cxt 0] Pipeline 'ingress': start
[14:45:20.780] [bmv2] [T] [thread 22509] [5.0] [cxt 0] int.p4(257) Condition "hdr.ipv4.isValid()" (node_2) is false
[14:45:20.780] [bmv2] [D] [thread 22509] [5.0] [cxt 0] Pipeline 'ingress': end
[14:45:20.780] [bmv2] [D] [thread 22509] [5.0] [cxt 0] Egress port is 0
[14:45:20.780] [bmv2] [D] [thread 22510] [4.0] [cxt 0] Pipeline 'egress': start
[14:45:20.780] [bmv2] [T] [thread 22510] [4.0] [cxt 0] int.p4(331) Condition "standard_metadata.instance_type == 0" (node_14) is true
[14:45:20.780] [bmv2] [T] [thread 22510] [4.0] [cxt 0] int.p4(332) Condition "hdr.ipv4_option.optionLength==4" (node_15) is false
[14:45:20.780] [bmv2] [T] [thread 22510] [4.0] [cxt 0] int.p4(340) Condition "standard_metadata.instance_type == 1" (node_18) is false
[14:45:20.780] [bmv2] [D] [thread 22510] [4.0] [cxt 0] Pipeline 'egress': end
[14:45:20.780] [bmv2] [D] [thread 22510] [4.0] [cxt 0] Deparser 'deparser': start
[14:45:20.780] [bmv2] [T] [thread 22510] [4.0] [cxt 0] Skipping checksum 'cksum' update because condition not met
[14:45:20.780] [bmv2] [D] [thread 22510] [4.0] [cxt 0] Deparsing header 'ethernet'
[14:45:20.780] [bmv2] [D] [thread 22510] [4.0] [cxt 0] Deparser 'deparser': end
[14:45:20.780] [bmv2] [D] [thread 22510] [5.0] [cxt 0] Pipeline 'egress': start
[14:45:20.780] [bmv2] [T] [thread 22510] [5.0] [cxt 0] int.p4(331) Condition "standard_metadata.instance_type == 0" (node_14) is true
[14:45:20.780] [bmv2] [T] [thread 22510] [5.0] [cxt 0] int.p4(332) Condition "hdr.ipv4_option.optionLength==4" (node_15) is false
[14:45:20.780] [bmv2] [T] [thread 22510] [5.0] [cxt 0] int.p4(340) Condition "standard_metadata.instance_type == 1" (node_18) is false
[14:45:20.780] [bmv2] [D] [thread 22510] [5.0] [cxt 0] Pipeline 'egress': end
[14:45:20.780] [bmv2] [D] [thread 22510] [5.0] [cxt 0] Deparser 'deparser': start
[14:45:20.780] [bmv2] [T] [thread 22510] [5.0] [cxt 0] Skipping checksum 'cksum' update because condition not met
[14:45:20.780] [bmv2] [D] [thread 22510] [5.0] [cxt 0] Deparsing header 'ethernet'
[14:45:20.780] [bmv2] [D] [thread 22510] [5.0] [cxt 0] Deparser 'deparser': end
[14:45:20.780] [bmv2] [D] [thread 22514] [4.0] [cxt 0] Transmitting packet of size 70 out of port 0
[14:45:20.780] [bmv2] [D] [thread 22514] [5.0] [cxt 0] Transmitting packet of size 70 out of port 0
[14:45:21.015] [bmv2] [W] [thread 22649] [P4Runtime] p4::tmp::P4DeviceConfig is deprecated
[14:45:21.016] [bmv2] [D] [thread 22649] Set default default entry for table 'MyIngress.ipv4_lpm': NoAction - 
[14:45:21.016] [bmv2] [D] [thread 22649] Set default default entry for table 'tbl_activate_INT': MyIngress.activate_INT - 
[14:45:21.016] [bmv2] [D] [thread 22649] Set default default entry for table 'MyIngress.INT_tab': NoAction - 
[14:45:21.016] [bmv2] [D] [thread 22649] Set default default entry for table 'MyIngress.sink_config': NoAction - 
[14:45:21.016] [bmv2] [D] [thread 22649] Set default default entry for table 'tbl_int285': int285 - 
[14:45:21.017] [bmv2] [D] [thread 22649] Set default default entry for table 'tbl_remove_sink_header': MyEgress.remove_sink_header - 
[14:45:21.017] [bmv2] [D] [thread 22649] Set default default entry for table 'MyEgress.direct_report': NoAction - 
[14:45:21.017] [bmv2] [D] [thread 22649] Set default default entry for table 'tbl_int343': int343 - 
[14:45:21.018] [bmv2] [D] [thread 22649] simple_switch target has been notified of a config swap
[14:45:21.020] [bmv2] [D] [thread 22650] Set default entry for table 'MyIngress.INT_tab': MyIngress.add_INT - 4,
[14:45:21.022] [bmv2] [D] [thread 22650] Entry 0 added to table 'MyIngress.ipv4_lpm'
[14:45:21.022] [bmv2] [D] [thread 22650] Dumping entry 0
Match key:
* hdr.ipv4.dstAddr    : LPM       0a000402/32
Action entry: MyIngress.ipv4_forward - 80000000402,1,

[14:45:21.023] [bmv2] [D] [thread 22649] Entry 1 added to table 'MyIngress.ipv4_lpm'
[14:45:21.023] [bmv2] [D] [thread 22649] Dumping entry 1
Match key:
* hdr.ipv4.dstAddr    : LPM       0a000403/32
Action entry: MyIngress.ipv4_forward - 80000000403,2,

[14:45:21.024] [bmv2] [D] [thread 22655] Entry 2 added to table 'MyIngress.ipv4_lpm'
[14:45:21.025] [bmv2] [D] [thread 22655] Dumping entry 2
Match key:
* hdr.ipv4.dstAddr    : LPM       0a000100/24
Action entry: MyIngress.ipv4_forward - 80000000600,3,

[14:45:21.025] [bmv2] [D] [thread 22655] Entry 3 added to table 'MyIngress.ipv4_lpm'
[14:45:21.025] [bmv2] [D] [thread 22655] Dumping entry 3
Match key:
* hdr.ipv4.dstAddr    : LPM       0a000200/24
Action entry: MyIngress.ipv4_forward - 80000000600,3,

[14:45:21.026] [bmv2] [D] [thread 22650] Entry 4 added to table 'MyIngress.ipv4_lpm'
[14:45:21.026] [bmv2] [D] [thread 22650] Dumping entry 4
Match key:
* hdr.ipv4.dstAddr    : LPM       0a000300/24
Action entry: MyIngress.ipv4_forward - 80000000600,3,

[14:45:21.027] [bmv2] [D] [thread 22656] Set default entry for table 'MyEgress.direct_report': MyEgress.change_report_header - a000802,80000000800,
[14:45:21.027] [bmv2] [D] [thread 22650] Entry 0 added to table 'MyIngress.sink_config'
[14:45:21.027] [bmv2] [D] [thread 22650] Dumping entry 0
Match key:
* standard_metadata.egress_spec: EXACT     0001
Action entry: MyIngress.set_sink - 

[14:45:21.028] [bmv2] [D] [thread 22656] Entry 1 added to table 'MyIngress.sink_config'
[14:45:21.028] [bmv2] [D] [thread 22656] Dumping entry 1
Match key:
* standard_metadata.egress_spec: EXACT     0002
Action entry: MyIngress.set_sink - 

[14:45:21.297] [bmv2] [D] [thread 22509] [6.0] [cxt 0] Processing packet received on port 2
[14:45:21.297] [bmv2] [D] [thread 22509] [6.0] [cxt 0] Parser 'parser': start
[14:45:21.297] [bmv2] [D] [thread 22509] [6.0] [cxt 0] Parser 'parser' entering state 'start'
[14:45:21.297] [bmv2] [D] [thread 22509] [6.0] [cxt 0] Extracting header 'ethernet'
[14:45:21.297] [bmv2] [D] [thread 22509] [6.0] [cxt 0] Parser state 'start': key is 86dd
[14:45:21.297] [bmv2] [T] [thread 22509] [6.0] [cxt 0] Bytes parsed: 14
[14:45:21.297] [bmv2] [D] [thread 22509] [6.0] [cxt 0] Parser 'parser': end
[14:45:21.297] [bmv2] [D] [thread 22509] [6.0] [cxt 0] Pipeline 'ingress': start
[14:45:21.297] [bmv2] [T] [thread 22509] [6.0] [cxt 0] int.p4(257) Condition "hdr.ipv4.isValid()" (node_2) is false
[14:45:21.297] [bmv2] [D] [thread 22509] [6.0] [cxt 0] Pipeline 'ingress': end
[14:45:21.297] [bmv2] [D] [thread 22509] [6.0] [cxt 0] Egress port is 0
[14:45:21.297] [bmv2] [D] [thread 22509] [7.0] [cxt 0] Processing packet received on port 3
[14:45:21.297] [bmv2] [D] [thread 22509] [7.0] [cxt 0] Parser 'parser': start
[14:45:21.297] [bmv2] [D] [thread 22509] [7.0] [cxt 0] Parser 'parser' entering state 'start'
[14:45:21.297] [bmv2] [D] [thread 22509] [7.0] [cxt 0] Extracting header 'ethernet'
[14:45:21.297] [bmv2] [D] [thread 22509] [7.0] [cxt 0] Parser state 'start': key is 86dd
[14:45:21.297] [bmv2] [T] [thread 22509] [7.0] [cxt 0] Bytes parsed: 14
[14:45:21.297] [bmv2] [D] [thread 22509] [7.0] [cxt 0] Parser 'parser': end
[14:45:21.297] [bmv2] [D] [thread 22509] [7.0] [cxt 0] Pipeline 'ingress': start
[14:45:21.297] [bmv2] [T] [thread 22509] [7.0] [cxt 0] int.p4(257) Condition "hdr.ipv4.isValid()" (node_2) is false
[14:45:21.297] [bmv2] [D] [thread 22509] [7.0] [cxt 0] Pipeline 'ingress': end
[14:45:21.297] [bmv2] [D] [thread 22509] [7.0] [cxt 0] Egress port is 0
[14:45:21.297] [bmv2] [D] [thread 22510] [6.0] [cxt 0] Pipeline 'egress': start
[14:45:21.297] [bmv2] [T] [thread 22510] [6.0] [cxt 0] int.p4(331) Condition "standard_metadata.instance_type == 0" (node_14) is true
[14:45:21.297] [bmv2] [T] [thread 22510] [6.0] [cxt 0] int.p4(332) Condition "hdr.ipv4_option.optionLength==4" (node_15) is false
[14:45:21.297] [bmv2] [T] [thread 22510] [6.0] [cxt 0] int.p4(340) Condition "standard_metadata.instance_type == 1" (node_18) is false
[14:45:21.297] [bmv2] [D] [thread 22510] [6.0] [cxt 0] Pipeline 'egress': end
[14:45:21.297] [bmv2] [D] [thread 22510] [6.0] [cxt 0] Deparser 'deparser': start
[14:45:21.297] [bmv2] [T] [thread 22510] [6.0] [cxt 0] Skipping checksum 'cksum' update because condition not met
[14:45:21.297] [bmv2] [D] [thread 22510] [6.0] [cxt 0] Deparsing header 'ethernet'
[14:45:21.297] [bmv2] [D] [thread 22510] [6.0] [cxt 0] Deparser 'deparser': end
[14:45:21.297] [bmv2] [D] [thread 22510] [7.0] [cxt 0] Pipeline 'egress': start
[14:45:21.297] [bmv2] [T] [thread 22510] [7.0] [cxt 0] int.p4(331) Condition "standard_metadata.instance_type == 0" (node_14) is true
[14:45:21.297] [bmv2] [T] [thread 22510] [7.0] [cxt 0] int.p4(332) Condition "hdr.ipv4_option.optionLength==4" (node_15) is false
[14:45:21.297] [bmv2] [T] [thread 22510] [7.0] [cxt 0] int.p4(340) Condition "standard_metadata.instance_type == 1" (node_18) is false
[14:45:21.297] [bmv2] [D] [thread 22510] [7.0] [cxt 0] Pipeline 'egress': end
[14:45:21.297] [bmv2] [D] [thread 22510] [7.0] [cxt 0] Deparser 'deparser': start
[14:45:21.297] [bmv2] [T] [thread 22510] [7.0] [cxt 0] Skipping checksum 'cksum' update because condition not met
[14:45:21.297] [bmv2] [D] [thread 22510] [7.0] [cxt 0] Deparsing header 'ethernet'
[14:45:21.297] [bmv2] [D] [thread 22510] [7.0] [cxt 0] Deparser 'deparser': end
[14:45:21.297] [bmv2] [D] [thread 22514] [6.0] [cxt 0] Transmitting packet of size 70 out of port 0
[14:45:21.297] [bmv2] [D] [thread 22514] [7.0] [cxt 0] Transmitting packet of size 70 out of port 0
[14:45:21.549] [bmv2] [D] [thread 22509] [8.0] [cxt 0] Processing packet received on port 3
[14:45:21.549] [bmv2] [D] [thread 22509] [8.0] [cxt 0] Parser 'parser': start
[14:45:21.549] [bmv2] [D] [thread 22509] [8.0] [cxt 0] Parser 'parser' entering state 'start'
[14:45:21.549] [bmv2] [D] [thread 22509] [8.0] [cxt 0] Extracting header 'ethernet'
[14:45:21.549] [bmv2] [D] [thread 22509] [8.0] [cxt 0] Parser state 'start': key is 86dd
[14:45:21.549] [bmv2] [T] [thread 22509] [8.0] [cxt 0] Bytes parsed: 14
[14:45:21.549] [bmv2] [D] [thread 22509] [8.0] [cxt 0] Parser 'parser': end
[14:45:21.549] [bmv2] [D] [thread 22509] [8.0] [cxt 0] Pipeline 'ingress': start
[14:45:21.549] [bmv2] [T] [thread 22509] [8.0] [cxt 0] int.p4(257) Condition "hdr.ipv4.isValid()" (node_2) is false
[14:45:21.549] [bmv2] [D] [thread 22509] [8.0] [cxt 0] Pipeline 'ingress': end
[14:45:21.549] [bmv2] [D] [thread 22509] [8.0] [cxt 0] Egress port is 0
[14:45:21.549] [bmv2] [D] [thread 22510] [8.0] [cxt 0] Pipeline 'egress': start
[14:45:21.549] [bmv2] [T] [thread 22510] [8.0] [cxt 0] int.p4(331) Condition "standard_metadata.instance_type == 0" (node_14) is true
[14:45:21.549] [bmv2] [T] [thread 22510] [8.0] [cxt 0] int.p4(332) Condition "hdr.ipv4_option.optionLength==4" (node_15) is false
[14:45:21.549] [bmv2] [T] [thread 22510] [8.0] [cxt 0] int.p4(340) Condition "standard_metadata.instance_type == 1" (node_18) is false
[14:45:21.549] [bmv2] [D] [thread 22510] [8.0] [cxt 0] Pipeline 'egress': end
[14:45:21.549] [bmv2] [D] [thread 22510] [8.0] [cxt 0] Deparser 'deparser': start
[14:45:21.549] [bmv2] [T] [thread 22510] [8.0] [cxt 0] Skipping checksum 'cksum' update because condition not met
[14:45:21.549] [bmv2] [D] [thread 22510] [8.0] [cxt 0] Deparsing header 'ethernet'
[14:45:21.549] [bmv2] [D] [thread 22510] [8.0] [cxt 0] Deparser 'deparser': end
[14:45:21.549] [bmv2] [D] [thread 22514] [8.0] [cxt 0] Transmitting packet of size 70 out of port 0
[14:45:27.437] [bmv2] [D] [thread 22509] [9.0] [cxt 0] Processing packet received on port 4
[14:45:27.437] [bmv2] [D] [thread 22509] [9.0] [cxt 0] Parser 'parser': start
[14:45:27.437] [bmv2] [D] [thread 22509] [9.0] [cxt 0] Parser 'parser' entering state 'start'
[14:45:27.437] [bmv2] [D] [thread 22509] [9.0] [cxt 0] Extracting header 'ethernet'
[14:45:27.437] [bmv2] [D] [thread 22509] [9.0] [cxt 0] Parser state 'start': key is 86dd
[14:45:27.437] [bmv2] [T] [thread 22509] [9.0] [cxt 0] Bytes parsed: 14
[14:45:27.437] [bmv2] [D] [thread 22509] [9.0] [cxt 0] Parser 'parser': end
[14:45:27.437] [bmv2] [D] [thread 22509] [9.0] [cxt 0] Pipeline 'ingress': start
[14:45:27.437] [bmv2] [T] [thread 22509] [9.0] [cxt 0] int.p4(257) Condition "hdr.ipv4.isValid()" (node_2) is false
[14:45:27.437] [bmv2] [D] [thread 22509] [9.0] [cxt 0] Pipeline 'ingress': end
[14:45:27.437] [bmv2] [D] [thread 22509] [9.0] [cxt 0] Egress port is 0
[14:45:27.437] [bmv2] [D] [thread 22510] [9.0] [cxt 0] Pipeline 'egress': start
[14:45:27.437] [bmv2] [T] [thread 22510] [9.0] [cxt 0] int.p4(331) Condition "standard_metadata.instance_type == 0" (node_14) is true
[14:45:27.437] [bmv2] [T] [thread 22510] [9.0] [cxt 0] int.p4(332) Condition "hdr.ipv4_option.optionLength==4" (node_15) is false
[14:45:27.437] [bmv2] [T] [thread 22510] [9.0] [cxt 0] int.p4(340) Condition "standard_metadata.instance_type == 1" (node_18) is false
[14:45:27.437] [bmv2] [D] [thread 22510] [9.0] [cxt 0] Pipeline 'egress': end
[14:45:27.437] [bmv2] [D] [thread 22510] [9.0] [cxt 0] Deparser 'deparser': start
[14:45:27.437] [bmv2] [T] [thread 22510] [9.0] [cxt 0] Skipping checksum 'cksum' update because condition not met
[14:45:27.437] [bmv2] [D] [thread 22510] [9.0] [cxt 0] Deparsing header 'ethernet'
[14:45:27.437] [bmv2] [D] [thread 22510] [9.0] [cxt 0] Deparser 'deparser': end
[14:45:27.437] [bmv2] [D] [thread 22514] [9.0] [cxt 0] Transmitting packet of size 70 out of port 0
[14:45:28.716] [bmv2] [D] [thread 22509] [10.0] [cxt 0] Processing packet received on port 4
[14:45:28.716] [bmv2] [D] [thread 22509] [10.0] [cxt 0] Parser 'parser': start
[14:45:28.716] [bmv2] [D] [thread 22509] [10.0] [cxt 0] Parser 'parser' entering state 'start'
[14:45:28.716] [bmv2] [D] [thread 22509] [10.0] [cxt 0] Extracting header 'ethernet'
[14:45:28.716] [bmv2] [D] [thread 22509] [10.0] [cxt 0] Parser state 'start': key is 86dd
[14:45:28.716] [bmv2] [T] [thread 22509] [10.0] [cxt 0] Bytes parsed: 14
[14:45:28.716] [bmv2] [D] [thread 22509] [10.0] [cxt 0] Parser 'parser': end
[14:45:28.716] [bmv2] [D] [thread 22509] [10.0] [cxt 0] Pipeline 'ingress': start
[14:45:28.716] [bmv2] [T] [thread 22509] [10.0] [cxt 0] int.p4(257) Condition "hdr.ipv4.isValid()" (node_2) is false
[14:45:28.716] [bmv2] [D] [thread 22509] [10.0] [cxt 0] Pipeline 'ingress': end
[14:45:28.716] [bmv2] [D] [thread 22509] [10.0] [cxt 0] Egress port is 0
[14:45:28.716] [bmv2] [D] [thread 22510] [10.0] [cxt 0] Pipeline 'egress': start
[14:45:28.716] [bmv2] [T] [thread 22510] [10.0] [cxt 0] int.p4(331) Condition "standard_metadata.instance_type == 0" (node_14) is true
[14:45:28.716] [bmv2] [T] [thread 22510] [10.0] [cxt 0] int.p4(332) Condition "hdr.ipv4_option.optionLength==4" (node_15) is false
[14:45:28.716] [bmv2] [T] [thread 22510] [10.0] [cxt 0] int.p4(340) Condition "standard_metadata.instance_type == 1" (node_18) is false
[14:45:28.716] [bmv2] [D] [thread 22510] [10.0] [cxt 0] Pipeline 'egress': end
[14:45:28.716] [bmv2] [D] [thread 22510] [10.0] [cxt 0] Deparser 'deparser': start
[14:45:28.716] [bmv2] [T] [thread 22510] [10.0] [cxt 0] Skipping checksum 'cksum' update because condition not met
[14:45:28.716] [bmv2] [D] [thread 22510] [10.0] [cxt 0] Deparsing header 'ethernet'
[14:45:28.716] [bmv2] [D] [thread 22510] [10.0] [cxt 0] Deparser 'deparser': end
[14:45:28.716] [bmv2] [D] [thread 22514] [10.0] [cxt 0] Transmitting packet of size 70 out of port 0
[14:45:29.488] [bmv2] [D] [thread 22509] [11.0] [cxt 0] Processing packet received on port 1
[14:45:29.488] [bmv2] [D] [thread 22509] [11.0] [cxt 0] Parser 'parser': start
[14:45:29.488] [bmv2] [D] [thread 22509] [11.0] [cxt 0] Parser 'parser' entering state 'start'
[14:45:29.488] [bmv2] [D] [thread 22509] [11.0] [cxt 0] Extracting header 'ethernet'
[14:45:29.488] [bmv2] [D] [thread 22509] [11.0] [cxt 0] Parser state 'start': key is 86dd
[14:45:29.488] [bmv2] [T] [thread 22509] [11.0] [cxt 0] Bytes parsed: 14
[14:45:29.488] [bmv2] [D] [thread 22509] [11.0] [cxt 0] Parser 'parser': end
[14:45:29.488] [bmv2] [D] [thread 22509] [11.0] [cxt 0] Pipeline 'ingress': start
[14:45:29.488] [bmv2] [T] [thread 22509] [11.0] [cxt 0] int.p4(257) Condition "hdr.ipv4.isValid()" (node_2) is false
[14:45:29.488] [bmv2] [D] [thread 22509] [11.0] [cxt 0] Pipeline 'ingress': end
[14:45:29.488] [bmv2] [D] [thread 22509] [11.0] [cxt 0] Egress port is 0
[14:45:29.488] [bmv2] [D] [thread 22509] [12.0] [cxt 0] Processing packet received on port 3
[14:45:29.488] [bmv2] [D] [thread 22509] [12.0] [cxt 0] Parser 'parser': start
[14:45:29.488] [bmv2] [D] [thread 22509] [12.0] [cxt 0] Parser 'parser' entering state 'start'
[14:45:29.488] [bmv2] [D] [thread 22509] [12.0] [cxt 0] Extracting header 'ethernet'
[14:45:29.488] [bmv2] [D] [thread 22509] [12.0] [cxt 0] Parser state 'start': key is 86dd
[14:45:29.488] [bmv2] [T] [thread 22509] [12.0] [cxt 0] Bytes parsed: 14
[14:45:29.488] [bmv2] [D] [thread 22509] [12.0] [cxt 0] Parser 'parser': end
[14:45:29.488] [bmv2] [D] [thread 22509] [12.0] [cxt 0] Pipeline 'ingress': start
[14:45:29.488] [bmv2] [T] [thread 22509] [12.0] [cxt 0] int.p4(257) Condition "hdr.ipv4.isValid()" (node_2) is false
[14:45:29.488] [bmv2] [D] [thread 22509] [12.0] [cxt 0] Pipeline 'ingress': end
[14:45:29.488] [bmv2] [D] [thread 22509] [12.0] [cxt 0] Egress port is 0
[14:45:29.488] [bmv2] [D] [thread 22510] [11.0] [cxt 0] Pipeline 'egress': start
[14:45:29.488] [bmv2] [T] [thread 22510] [11.0] [cxt 0] int.p4(331) Condition "standard_metadata.instance_type == 0" (node_14) is true
[14:45:29.488] [bmv2] [T] [thread 22510] [11.0] [cxt 0] int.p4(332) Condition "hdr.ipv4_option.optionLength==4" (node_15) is false
[14:45:29.488] [bmv2] [T] [thread 22510] [11.0] [cxt 0] int.p4(340) Condition "standard_metadata.instance_type == 1" (node_18) is false
[14:45:29.488] [bmv2] [D] [thread 22510] [11.0] [cxt 0] Pipeline 'egress': end
[14:45:29.488] [bmv2] [D] [thread 22510] [11.0] [cxt 0] Deparser 'deparser': start
[14:45:29.488] [bmv2] [T] [thread 22510] [11.0] [cxt 0] Skipping checksum 'cksum' update because condition not met
[14:45:29.488] [bmv2] [D] [thread 22510] [11.0] [cxt 0] Deparsing header 'ethernet'
[14:45:29.488] [bmv2] [D] [thread 22510] [11.0] [cxt 0] Deparser 'deparser': end
[14:45:29.488] [bmv2] [D] [thread 22510] [12.0] [cxt 0] Pipeline 'egress': start
[14:45:29.488] [bmv2] [T] [thread 22510] [12.0] [cxt 0] int.p4(331) Condition "standard_metadata.instance_type == 0" (node_14) is true
[14:45:29.488] [bmv2] [T] [thread 22510] [12.0] [cxt 0] int.p4(332) Condition "hdr.ipv4_option.optionLength==4" (node_15) is false
[14:45:29.488] [bmv2] [T] [thread 22510] [12.0] [cxt 0] int.p4(340) Condition "standard_metadata.instance_type == 1" (node_18) is false
[14:45:29.488] [bmv2] [D] [thread 22510] [12.0] [cxt 0] Pipeline 'egress': end
[14:45:29.488] [bmv2] [D] [thread 22510] [12.0] [cxt 0] Deparser 'deparser': start
[14:45:29.488] [bmv2] [T] [thread 22510] [12.0] [cxt 0] Skipping checksum 'cksum' update because condition not met
[14:45:29.488] [bmv2] [D] [thread 22510] [12.0] [cxt 0] Deparsing header 'ethernet'
[14:45:29.488] [bmv2] [D] [thread 22510] [12.0] [cxt 0] Deparser 'deparser': end
[14:45:29.488] [bmv2] [D] [thread 22514] [11.0] [cxt 0] Transmitting packet of size 70 out of port 0
[14:45:29.488] [bmv2] [D] [thread 22514] [12.0] [cxt 0] Transmitting packet of size 70 out of port 0
[14:45:30.000] [bmv2] [D] [thread 22509] [13.0] [cxt 0] Processing packet received on port 2
[14:45:30.000] [bmv2] [D] [thread 22509] [13.0] [cxt 0] Parser 'parser': start
[14:45:30.000] [bmv2] [D] [thread 22509] [13.0] [cxt 0] Parser 'parser' entering state 'start'
[14:45:30.000] [bmv2] [D] [thread 22509] [13.0] [cxt 0] Extracting header 'ethernet'
[14:45:30.000] [bmv2] [D] [thread 22509] [13.0] [cxt 0] Parser state 'start': key is 86dd
[14:45:30.000] [bmv2] [T] [thread 22509] [13.0] [cxt 0] Bytes parsed: 14
[14:45:30.000] [bmv2] [D] [thread 22509] [13.0] [cxt 0] Parser 'parser': end
[14:45:30.000] [bmv2] [D] [thread 22509] [13.0] [cxt 0] Pipeline 'ingress': start
[14:45:30.000] [bmv2] [T] [thread 22509] [13.0] [cxt 0] int.p4(257) Condition "hdr.ipv4.isValid()" (node_2) is false
[14:45:30.000] [bmv2] [D] [thread 22509] [13.0] [cxt 0] Pipeline 'ingress': end
[14:45:30.000] [bmv2] [D] [thread 22509] [13.0] [cxt 0] Egress port is 0
[14:45:30.001] [bmv2] [D] [thread 22510] [13.0] [cxt 0] Pipeline 'egress': start
[14:45:30.001] [bmv2] [T] [thread 22510] [13.0] [cxt 0] int.p4(331) Condition "standard_metadata.instance_type == 0" (node_14) is true
[14:45:30.001] [bmv2] [T] [thread 22510] [13.0] [cxt 0] int.p4(332) Condition "hdr.ipv4_option.optionLength==4" (node_15) is false
[14:45:30.001] [bmv2] [T] [thread 22510] [13.0] [cxt 0] int.p4(340) Condition "standard_metadata.instance_type == 1" (node_18) is false
[14:45:30.001] [bmv2] [D] [thread 22510] [13.0] [cxt 0] Pipeline 'egress': end
[14:45:30.001] [bmv2] [D] [thread 22510] [13.0] [cxt 0] Deparser 'deparser': start
[14:45:30.001] [bmv2] [T] [thread 22510] [13.0] [cxt 0] Skipping checksum 'cksum' update because condition not met
[14:45:30.001] [bmv2] [D] [thread 22510] [13.0] [cxt 0] Deparsing header 'ethernet'
[14:45:30.001] [bmv2] [D] [thread 22510] [13.0] [cxt 0] Deparser 'deparser': end
[14:45:30.001] [bmv2] [D] [thread 22514] [13.0] [cxt 0] Transmitting packet of size 70 out of port 0
[14:45:30.255] [bmv2] [D] [thread 22509] [14.0] [cxt 0] Processing packet received on port 3
[14:45:30.255] [bmv2] [D] [thread 22509] [14.0] [cxt 0] Parser 'parser': start
[14:45:30.255] [bmv2] [D] [thread 22509] [14.0] [cxt 0] Parser 'parser' entering state 'start'
[14:45:30.255] [bmv2] [D] [thread 22509] [14.0] [cxt 0] Extracting header 'ethernet'
[14:45:30.255] [bmv2] [D] [thread 22509] [14.0] [cxt 0] Parser state 'start': key is 86dd
[14:45:30.255] [bmv2] [T] [thread 22509] [14.0] [cxt 0] Bytes parsed: 14
[14:45:30.255] [bmv2] [D] [thread 22509] [14.0] [cxt 0] Parser 'parser': end
[14:45:30.256] [bmv2] [D] [thread 22509] [14.0] [cxt 0] Pipeline 'ingress': start
[14:45:30.256] [bmv2] [T] [thread 22509] [14.0] [cxt 0] int.p4(257) Condition "hdr.ipv4.isValid()" (node_2) is false
[14:45:30.256] [bmv2] [D] [thread 22509] [14.0] [cxt 0] Pipeline 'ingress': end
[14:45:30.256] [bmv2] [D] [thread 22509] [14.0] [cxt 0] Egress port is 0
[14:45:30.256] [bmv2] [D] [thread 22510] [14.0] [cxt 0] Pipeline 'egress': start
[14:45:30.256] [bmv2] [T] [thread 22510] [14.0] [cxt 0] int.p4(331) Condition "standard_metadata.instance_type == 0" (node_14) is true
[14:45:30.256] [bmv2] [T] [thread 22510] [14.0] [cxt 0] int.p4(332) Condition "hdr.ipv4_option.optionLength==4" (node_15) is false
[14:45:30.256] [bmv2] [T] [thread 22510] [14.0] [cxt 0] int.p4(340) Condition "standard_metadata.instance_type == 1" (node_18) is false
[14:45:30.256] [bmv2] [D] [thread 22510] [14.0] [cxt 0] Pipeline 'egress': end
[14:45:30.256] [bmv2] [D] [thread 22510] [14.0] [cxt 0] Deparser 'deparser': start
[14:45:30.256] [bmv2] [T] [thread 22510] [14.0] [cxt 0] Skipping checksum 'cksum' update because condition not met
[14:45:30.256] [bmv2] [D] [thread 22510] [14.0] [cxt 0] Deparsing header 'ethernet'
[14:45:30.256] [bmv2] [D] [thread 22510] [14.0] [cxt 0] Deparser 'deparser': end
[14:45:30.256] [bmv2] [D] [thread 22514] [14.0] [cxt 0] Transmitting packet of size 70 out of port 0
[14:45:41.005] [bmv2] [D] [thread 22509] [15.0] [cxt 0] Processing packet received on port 4
[14:45:41.005] [bmv2] [D] [thread 22509] [15.0] [cxt 0] Parser 'parser': start
[14:45:41.005] [bmv2] [D] [thread 22509] [15.0] [cxt 0] Parser 'parser' entering state 'start'
[14:45:41.005] [bmv2] [D] [thread 22509] [15.0] [cxt 0] Extracting header 'ethernet'
[14:45:41.005] [bmv2] [D] [thread 22509] [15.0] [cxt 0] Parser state 'start': key is 86dd
[14:45:41.005] [bmv2] [T] [thread 22509] [15.0] [cxt 0] Bytes parsed: 14
[14:45:41.005] [bmv2] [D] [thread 22509] [15.0] [cxt 0] Parser 'parser': end
[14:45:41.005] [bmv2] [D] [thread 22509] [15.0] [cxt 0] Pipeline 'ingress': start
[14:45:41.005] [bmv2] [T] [thread 22509] [15.0] [cxt 0] int.p4(257) Condition "hdr.ipv4.isValid()" (node_2) is false
[14:45:41.005] [bmv2] [D] [thread 22509] [15.0] [cxt 0] Pipeline 'ingress': end
[14:45:41.005] [bmv2] [D] [thread 22509] [15.0] [cxt 0] Egress port is 0
[14:45:41.005] [bmv2] [D] [thread 22510] [15.0] [cxt 0] Pipeline 'egress': start
[14:45:41.005] [bmv2] [T] [thread 22510] [15.0] [cxt 0] int.p4(331) Condition "standard_metadata.instance_type == 0" (node_14) is true
[14:45:41.005] [bmv2] [T] [thread 22510] [15.0] [cxt 0] int.p4(332) Condition "hdr.ipv4_option.optionLength==4" (node_15) is false
[14:45:41.005] [bmv2] [T] [thread 22510] [15.0] [cxt 0] int.p4(340) Condition "standard_metadata.instance_type == 1" (node_18) is false
[14:45:41.005] [bmv2] [D] [thread 22510] [15.0] [cxt 0] Pipeline 'egress': end
[14:45:41.005] [bmv2] [D] [thread 22510] [15.0] [cxt 0] Deparser 'deparser': start
[14:45:41.005] [bmv2] [T] [thread 22510] [15.0] [cxt 0] Skipping checksum 'cksum' update because condition not met
[14:45:41.005] [bmv2] [D] [thread 22510] [15.0] [cxt 0] Deparsing header 'ethernet'
[14:45:41.005] [bmv2] [D] [thread 22510] [15.0] [cxt 0] Deparser 'deparser': end
[14:45:41.005] [bmv2] [D] [thread 22514] [15.0] [cxt 0] Transmitting packet of size 70 out of port 0
[14:45:44.724] [bmv2] [T] [thread 22716] bm_get_config
[14:45:44.725] [bmv2] [T] [thread 22716] mirroring_sesssion_add
[14:45:45.100] [bmv2] [D] [thread 22509] [16.0] [cxt 0] Processing packet received on port 3
[14:45:45.100] [bmv2] [D] [thread 22509] [16.0] [cxt 0] Parser 'parser': start
[14:45:45.100] [bmv2] [D] [thread 22509] [16.0] [cxt 0] Parser 'parser' entering state 'start'
[14:45:45.100] [bmv2] [D] [thread 22509] [16.0] [cxt 0] Extracting header 'ethernet'
[14:45:45.100] [bmv2] [D] [thread 22509] [16.0] [cxt 0] Parser state 'start': key is 86dd
[14:45:45.100] [bmv2] [T] [thread 22509] [16.0] [cxt 0] Bytes parsed: 14
[14:45:45.100] [bmv2] [D] [thread 22509] [16.0] [cxt 0] Parser 'parser': end
[14:45:45.100] [bmv2] [D] [thread 22509] [16.0] [cxt 0] Pipeline 'ingress': start
[14:45:45.100] [bmv2] [T] [thread 22509] [16.0] [cxt 0] int.p4(257) Condition "hdr.ipv4.isValid()" (node_2) is false
[14:45:45.100] [bmv2] [D] [thread 22509] [16.0] [cxt 0] Pipeline 'ingress': end
[14:45:45.100] [bmv2] [D] [thread 22509] [16.0] [cxt 0] Egress port is 0
[14:45:45.100] [bmv2] [D] [thread 22510] [16.0] [cxt 0] Pipeline 'egress': start
[14:45:45.100] [bmv2] [T] [thread 22510] [16.0] [cxt 0] int.p4(331) Condition "standard_metadata.instance_type == 0" (node_14) is true
[14:45:45.100] [bmv2] [T] [thread 22510] [16.0] [cxt 0] int.p4(332) Condition "hdr.ipv4_option.optionLength==4" (node_15) is false
[14:45:45.100] [bmv2] [T] [thread 22510] [16.0] [cxt 0] int.p4(340) Condition "standard_metadata.instance_type == 1" (node_18) is false
[14:45:45.100] [bmv2] [D] [thread 22510] [16.0] [cxt 0] Pipeline 'egress': end
[14:45:45.100] [bmv2] [D] [thread 22510] [16.0] [cxt 0] Deparser 'deparser': start
[14:45:45.100] [bmv2] [T] [thread 22510] [16.0] [cxt 0] Skipping checksum 'cksum' update because condition not met
[14:45:45.100] [bmv2] [D] [thread 22510] [16.0] [cxt 0] Deparsing header 'ethernet'
[14:45:45.100] [bmv2] [D] [thread 22510] [16.0] [cxt 0] Deparser 'deparser': end
[14:45:45.102] [bmv2] [D] [thread 22514] [16.0] [cxt 0] Transmitting packet of size 70 out of port 0
[14:45:46.384] [bmv2] [D] [thread 22509] [17.0] [cxt 0] Processing packet received on port 1
[14:45:46.384] [bmv2] [D] [thread 22509] [17.0] [cxt 0] Parser 'parser': start
[14:45:46.384] [bmv2] [D] [thread 22509] [17.0] [cxt 0] Parser 'parser' entering state 'start'
[14:45:46.384] [bmv2] [D] [thread 22509] [17.0] [cxt 0] Extracting header 'ethernet'
[14:45:46.384] [bmv2] [D] [thread 22509] [17.0] [cxt 0] Parser state 'start': key is 86dd
[14:45:46.384] [bmv2] [T] [thread 22509] [17.0] [cxt 0] Bytes parsed: 14
[14:45:46.384] [bmv2] [D] [thread 22509] [17.0] [cxt 0] Parser 'parser': end
[14:45:46.384] [bmv2] [D] [thread 22509] [17.0] [cxt 0] Pipeline 'ingress': start
[14:45:46.384] [bmv2] [T] [thread 22509] [17.0] [cxt 0] int.p4(257) Condition "hdr.ipv4.isValid()" (node_2) is false
[14:45:46.384] [bmv2] [D] [thread 22509] [17.0] [cxt 0] Pipeline 'ingress': end
[14:45:46.384] [bmv2] [D] [thread 22509] [17.0] [cxt 0] Egress port is 0
[14:45:46.384] [bmv2] [D] [thread 22509] [18.0] [cxt 0] Processing packet received on port 4
[14:45:46.384] [bmv2] [D] [thread 22509] [18.0] [cxt 0] Parser 'parser': start
[14:45:46.384] [bmv2] [D] [thread 22509] [18.0] [cxt 0] Parser 'parser' entering state 'start'
[14:45:46.384] [bmv2] [D] [thread 22509] [18.0] [cxt 0] Extracting header 'ethernet'
[14:45:46.384] [bmv2] [D] [thread 22509] [18.0] [cxt 0] Parser state 'start': key is 86dd
[14:45:46.384] [bmv2] [T] [thread 22509] [18.0] [cxt 0] Bytes parsed: 14
[14:45:46.384] [bmv2] [D] [thread 22509] [18.0] [cxt 0] Parser 'parser': end
[14:45:46.384] [bmv2] [D] [thread 22509] [18.0] [cxt 0] Pipeline 'ingress': start
[14:45:46.384] [bmv2] [T] [thread 22509] [18.0] [cxt 0] int.p4(257) Condition "hdr.ipv4.isValid()" (node_2) is false
[14:45:46.384] [bmv2] [D] [thread 22509] [18.0] [cxt 0] Pipeline 'ingress': end
[14:45:46.384] [bmv2] [D] [thread 22509] [18.0] [cxt 0] Egress port is 0
[14:45:46.384] [bmv2] [D] [thread 22510] [17.0] [cxt 0] Pipeline 'egress': start
[14:45:46.384] [bmv2] [T] [thread 22510] [17.0] [cxt 0] int.p4(331) Condition "standard_metadata.instance_type == 0" (node_14) is true
[14:45:46.384] [bmv2] [T] [thread 22510] [17.0] [cxt 0] int.p4(332) Condition "hdr.ipv4_option.optionLength==4" (node_15) is false
[14:45:46.384] [bmv2] [T] [thread 22510] [17.0] [cxt 0] int.p4(340) Condition "standard_metadata.instance_type == 1" (node_18) is false
[14:45:46.384] [bmv2] [D] [thread 22510] [17.0] [cxt 0] Pipeline 'egress': end
[14:45:46.384] [bmv2] [D] [thread 22510] [17.0] [cxt 0] Deparser 'deparser': start
[14:45:46.384] [bmv2] [T] [thread 22510] [17.0] [cxt 0] Skipping checksum 'cksum' update because condition not met
[14:45:46.384] [bmv2] [D] [thread 22510] [17.0] [cxt 0] Deparsing header 'ethernet'
[14:45:46.384] [bmv2] [D] [thread 22510] [17.0] [cxt 0] Deparser 'deparser': end
[14:45:46.384] [bmv2] [D] [thread 22510] [18.0] [cxt 0] Pipeline 'egress': start
[14:45:46.384] [bmv2] [T] [thread 22510] [18.0] [cxt 0] int.p4(331) Condition "standard_metadata.instance_type == 0" (node_14) is true
[14:45:46.384] [bmv2] [T] [thread 22510] [18.0] [cxt 0] int.p4(332) Condition "hdr.ipv4_option.optionLength==4" (node_15) is false
[14:45:46.384] [bmv2] [T] [thread 22510] [18.0] [cxt 0] int.p4(340) Condition "standard_metadata.instance_type == 1" (node_18) is false
[14:45:46.384] [bmv2] [D] [thread 22510] [18.0] [cxt 0] Pipeline 'egress': end
[14:45:46.384] [bmv2] [D] [thread 22510] [18.0] [cxt 0] Deparser 'deparser': start
[14:45:46.384] [bmv2] [T] [thread 22510] [18.0] [cxt 0] Skipping checksum 'cksum' update because condition not met
[14:45:46.384] [bmv2] [D] [thread 22510] [18.0] [cxt 0] Deparsing header 'ethernet'
[14:45:46.384] [bmv2] [D] [thread 22510] [18.0] [cxt 0] Deparser 'deparser': end
[14:45:46.384] [bmv2] [D] [thread 22514] [17.0] [cxt 0] Transmitting packet of size 70 out of port 0
[14:45:46.384] [bmv2] [D] [thread 22514] [18.0] [cxt 0] Transmitting packet of size 70 out of port 0
[14:45:48.432] [bmv2] [D] [thread 22509] [19.0] [cxt 0] Processing packet received on port 2
[14:45:48.432] [bmv2] [D] [thread 22509] [19.0] [cxt 0] Parser 'parser': start
[14:45:48.432] [bmv2] [D] [thread 22509] [19.0] [cxt 0] Parser 'parser' entering state 'start'
[14:45:48.432] [bmv2] [D] [thread 22509] [19.0] [cxt 0] Extracting header 'ethernet'
[14:45:48.432] [bmv2] [D] [thread 22509] [19.0] [cxt 0] Parser state 'start': key is 86dd
[14:45:48.432] [bmv2] [T] [thread 22509] [19.0] [cxt 0] Bytes parsed: 14
[14:45:48.432] [bmv2] [D] [thread 22509] [19.0] [cxt 0] Parser 'parser': end
[14:45:48.432] [bmv2] [D] [thread 22509] [19.0] [cxt 0] Pipeline 'ingress': start
[14:45:48.432] [bmv2] [T] [thread 22509] [19.0] [cxt 0] int.p4(257) Condition "hdr.ipv4.isValid()" (node_2) is false
[14:45:48.432] [bmv2] [D] [thread 22509] [19.0] [cxt 0] Pipeline 'ingress': end
[14:45:48.432] [bmv2] [D] [thread 22509] [19.0] [cxt 0] Egress port is 0
[14:45:48.432] [bmv2] [D] [thread 22509] [20.0] [cxt 0] Processing packet received on port 3
[14:45:48.432] [bmv2] [D] [thread 22509] [20.0] [cxt 0] Parser 'parser': start
[14:45:48.432] [bmv2] [D] [thread 22509] [20.0] [cxt 0] Parser 'parser' entering state 'start'
[14:45:48.432] [bmv2] [D] [thread 22509] [20.0] [cxt 0] Extracting header 'ethernet'
[14:45:48.432] [bmv2] [D] [thread 22509] [20.0] [cxt 0] Parser state 'start': key is 86dd
[14:45:48.432] [bmv2] [T] [thread 22509] [20.0] [cxt 0] Bytes parsed: 14
[14:45:48.432] [bmv2] [D] [thread 22509] [20.0] [cxt 0] Parser 'parser': end
[14:45:48.432] [bmv2] [D] [thread 22509] [20.0] [cxt 0] Pipeline 'ingress': start
[14:45:48.432] [bmv2] [T] [thread 22509] [20.0] [cxt 0] int.p4(257) Condition "hdr.ipv4.isValid()" (node_2) is false
[14:45:48.432] [bmv2] [D] [thread 22509] [20.0] [cxt 0] Pipeline 'ingress': end
[14:45:48.432] [bmv2] [D] [thread 22509] [20.0] [cxt 0] Egress port is 0
[14:45:48.432] [bmv2] [D] [thread 22510] [19.0] [cxt 0] Pipeline 'egress': start
[14:45:48.432] [bmv2] [T] [thread 22510] [19.0] [cxt 0] int.p4(331) Condition "standard_metadata.instance_type == 0" (node_14) is true
[14:45:48.432] [bmv2] [T] [thread 22510] [19.0] [cxt 0] int.p4(332) Condition "hdr.ipv4_option.optionLength==4" (node_15) is false
[14:45:48.432] [bmv2] [T] [thread 22510] [19.0] [cxt 0] int.p4(340) Condition "standard_metadata.instance_type == 1" (node_18) is false
[14:45:48.432] [bmv2] [D] [thread 22510] [19.0] [cxt 0] Pipeline 'egress': end
[14:45:48.432] [bmv2] [D] [thread 22510] [19.0] [cxt 0] Deparser 'deparser': start
[14:45:48.432] [bmv2] [T] [thread 22510] [19.0] [cxt 0] Skipping checksum 'cksum' update because condition not met
[14:45:48.432] [bmv2] [D] [thread 22510] [19.0] [cxt 0] Deparsing header 'ethernet'
[14:45:48.432] [bmv2] [D] [thread 22510] [19.0] [cxt 0] Deparser 'deparser': end
[14:45:48.432] [bmv2] [D] [thread 22510] [20.0] [cxt 0] Pipeline 'egress': start
[14:45:48.432] [bmv2] [T] [thread 22510] [20.0] [cxt 0] int.p4(331) Condition "standard_metadata.instance_type == 0" (node_14) is true
[14:45:48.432] [bmv2] [T] [thread 22510] [20.0] [cxt 0] int.p4(332) Condition "hdr.ipv4_option.optionLength==4" (node_15) is false
[14:45:48.432] [bmv2] [T] [thread 22510] [20.0] [cxt 0] int.p4(340) Condition "standard_metadata.instance_type == 1" (node_18) is false
[14:45:48.433] [bmv2] [D] [thread 22510] [20.0] [cxt 0] Pipeline 'egress': end
[14:45:48.433] [bmv2] [D] [thread 22510] [20.0] [cxt 0] Deparser 'deparser': start
[14:45:48.433] [bmv2] [T] [thread 22510] [20.0] [cxt 0] Skipping checksum 'cksum' update because condition not met
[14:45:48.433] [bmv2] [D] [thread 22510] [20.0] [cxt 0] Deparsing header 'ethernet'
[14:45:48.433] [bmv2] [D] [thread 22510] [20.0] [cxt 0] Deparser 'deparser': end
[14:45:48.433] [bmv2] [D] [thread 22514] [19.0] [cxt 0] Transmitting packet of size 70 out of port 0
[14:45:48.433] [bmv2] [D] [thread 22514] [20.0] [cxt 0] Transmitting packet of size 70 out of port 0
[14:46:08.910] [bmv2] [D] [thread 22509] [21.0] [cxt 0] Processing packet received on port 4
[14:46:08.910] [bmv2] [D] [thread 22509] [21.0] [cxt 0] Parser 'parser': start
[14:46:08.910] [bmv2] [D] [thread 22509] [21.0] [cxt 0] Parser 'parser' entering state 'start'
[14:46:08.910] [bmv2] [D] [thread 22509] [21.0] [cxt 0] Extracting header 'ethernet'
[14:46:08.910] [bmv2] [D] [thread 22509] [21.0] [cxt 0] Parser state 'start': key is 86dd
[14:46:08.910] [bmv2] [T] [thread 22509] [21.0] [cxt 0] Bytes parsed: 14
[14:46:08.910] [bmv2] [D] [thread 22509] [21.0] [cxt 0] Parser 'parser': end
[14:46:08.910] [bmv2] [D] [thread 22509] [21.0] [cxt 0] Pipeline 'ingress': start
[14:46:08.910] [bmv2] [T] [thread 22509] [21.0] [cxt 0] int.p4(257) Condition "hdr.ipv4.isValid()" (node_2) is false
[14:46:08.910] [bmv2] [D] [thread 22509] [21.0] [cxt 0] Pipeline 'ingress': end
[14:46:08.910] [bmv2] [D] [thread 22509] [21.0] [cxt 0] Egress port is 0
[14:46:08.911] [bmv2] [D] [thread 22510] [21.0] [cxt 0] Pipeline 'egress': start
[14:46:08.911] [bmv2] [T] [thread 22510] [21.0] [cxt 0] int.p4(331) Condition "standard_metadata.instance_type == 0" (node_14) is true
[14:46:08.911] [bmv2] [T] [thread 22510] [21.0] [cxt 0] int.p4(332) Condition "hdr.ipv4_option.optionLength==4" (node_15) is false
[14:46:08.911] [bmv2] [T] [thread 22510] [21.0] [cxt 0] int.p4(340) Condition "standard_metadata.instance_type == 1" (node_18) is false
[14:46:08.911] [bmv2] [D] [thread 22510] [21.0] [cxt 0] Pipeline 'egress': end
[14:46:08.911] [bmv2] [D] [thread 22510] [21.0] [cxt 0] Deparser 'deparser': start
[14:46:08.911] [bmv2] [T] [thread 22510] [21.0] [cxt 0] Skipping checksum 'cksum' update because condition not met
[14:46:08.911] [bmv2] [D] [thread 22510] [21.0] [cxt 0] Deparsing header 'ethernet'
[14:46:08.911] [bmv2] [D] [thread 22510] [21.0] [cxt 0] Deparser 'deparser': end
[14:46:08.911] [bmv2] [D] [thread 22514] [21.0] [cxt 0] Transmitting packet of size 70 out of port 0
[14:46:17.102] [bmv2] [D] [thread 22509] [22.0] [cxt 0] Processing packet received on port 3
[14:46:17.102] [bmv2] [D] [thread 22509] [22.0] [cxt 0] Parser 'parser': start
[14:46:17.102] [bmv2] [D] [thread 22509] [22.0] [cxt 0] Parser 'parser' entering state 'start'
[14:46:17.102] [bmv2] [D] [thread 22509] [22.0] [cxt 0] Extracting header 'ethernet'
[14:46:17.102] [bmv2] [D] [thread 22509] [22.0] [cxt 0] Parser state 'start': key is 86dd
[14:46:17.102] [bmv2] [T] [thread 22509] [22.0] [cxt 0] Bytes parsed: 14
[14:46:17.102] [bmv2] [D] [thread 22509] [22.0] [cxt 0] Parser 'parser': end
[14:46:17.102] [bmv2] [D] [thread 22509] [22.0] [cxt 0] Pipeline 'ingress': start
[14:46:17.102] [bmv2] [T] [thread 22509] [22.0] [cxt 0] int.p4(257) Condition "hdr.ipv4.isValid()" (node_2) is false
[14:46:17.102] [bmv2] [D] [thread 22509] [22.0] [cxt 0] Pipeline 'ingress': end
[14:46:17.102] [bmv2] [D] [thread 22509] [22.0] [cxt 0] Egress port is 0
[14:46:17.103] [bmv2] [D] [thread 22510] [22.0] [cxt 0] Pipeline 'egress': start
[14:46:17.103] [bmv2] [T] [thread 22510] [22.0] [cxt 0] int.p4(331) Condition "standard_metadata.instance_type == 0" (node_14) is true
[14:46:17.103] [bmv2] [T] [thread 22510] [22.0] [cxt 0] int.p4(332) Condition "hdr.ipv4_option.optionLength==4" (node_15) is false
[14:46:17.103] [bmv2] [T] [thread 22510] [22.0] [cxt 0] int.p4(340) Condition "standard_metadata.instance_type == 1" (node_18) is false
[14:46:17.103] [bmv2] [D] [thread 22510] [22.0] [cxt 0] Pipeline 'egress': end
[14:46:17.103] [bmv2] [D] [thread 22510] [22.0] [cxt 0] Deparser 'deparser': start
[14:46:17.103] [bmv2] [T] [thread 22510] [22.0] [cxt 0] Skipping checksum 'cksum' update because condition not met
[14:46:17.103] [bmv2] [D] [thread 22510] [22.0] [cxt 0] Deparsing header 'ethernet'
[14:46:17.103] [bmv2] [D] [thread 22510] [22.0] [cxt 0] Deparser 'deparser': end
[14:46:17.103] [bmv2] [D] [thread 22514] [22.0] [cxt 0] Transmitting packet of size 70 out of port 0
[14:46:19.152] [bmv2] [D] [thread 22509] [23.0] [cxt 0] Processing packet received on port 1
[14:46:19.152] [bmv2] [D] [thread 22509] [23.0] [cxt 0] Parser 'parser': start
[14:46:19.152] [bmv2] [D] [thread 22509] [23.0] [cxt 0] Parser 'parser' entering state 'start'
[14:46:19.152] [bmv2] [D] [thread 22509] [23.0] [cxt 0] Extracting header 'ethernet'
[14:46:19.152] [bmv2] [D] [thread 22509] [23.0] [cxt 0] Parser state 'start': key is 86dd
[14:46:19.152] [bmv2] [T] [thread 22509] [23.0] [cxt 0] Bytes parsed: 14
[14:46:19.152] [bmv2] [D] [thread 22509] [23.0] [cxt 0] Parser 'parser': end
[14:46:19.152] [bmv2] [D] [thread 22509] [23.0] [cxt 0] Pipeline 'ingress': start
[14:46:19.152] [bmv2] [T] [thread 22509] [23.0] [cxt 0] int.p4(257) Condition "hdr.ipv4.isValid()" (node_2) is false
[14:46:19.152] [bmv2] [D] [thread 22509] [23.0] [cxt 0] Pipeline 'ingress': end
[14:46:19.152] [bmv2] [D] [thread 22509] [23.0] [cxt 0] Egress port is 0
[14:46:19.152] [bmv2] [D] [thread 22509] [24.0] [cxt 0] Processing packet received on port 4
[14:46:19.152] [bmv2] [D] [thread 22509] [24.0] [cxt 0] Parser 'parser': start
[14:46:19.152] [bmv2] [D] [thread 22509] [24.0] [cxt 0] Parser 'parser' entering state 'start'
[14:46:19.152] [bmv2] [D] [thread 22509] [24.0] [cxt 0] Extracting header 'ethernet'
[14:46:19.152] [bmv2] [D] [thread 22509] [24.0] [cxt 0] Parser state 'start': key is 86dd
[14:46:19.152] [bmv2] [T] [thread 22509] [24.0] [cxt 0] Bytes parsed: 14
[14:46:19.152] [bmv2] [D] [thread 22509] [24.0] [cxt 0] Parser 'parser': end
[14:46:19.152] [bmv2] [D] [thread 22509] [24.0] [cxt 0] Pipeline 'ingress': start
[14:46:19.152] [bmv2] [T] [thread 22509] [24.0] [cxt 0] int.p4(257) Condition "hdr.ipv4.isValid()" (node_2) is false
[14:46:19.152] [bmv2] [D] [thread 22509] [24.0] [cxt 0] Pipeline 'ingress': end
[14:46:19.152] [bmv2] [D] [thread 22509] [24.0] [cxt 0] Egress port is 0
[14:46:19.152] [bmv2] [D] [thread 22510] [23.0] [cxt 0] Pipeline 'egress': start
[14:46:19.152] [bmv2] [T] [thread 22510] [23.0] [cxt 0] int.p4(331) Condition "standard_metadata.instance_type == 0" (node_14) is true
[14:46:19.152] [bmv2] [T] [thread 22510] [23.0] [cxt 0] int.p4(332) Condition "hdr.ipv4_option.optionLength==4" (node_15) is false
[14:46:19.152] [bmv2] [T] [thread 22510] [23.0] [cxt 0] int.p4(340) Condition "standard_metadata.instance_type == 1" (node_18) is false
[14:46:19.152] [bmv2] [D] [thread 22510] [23.0] [cxt 0] Pipeline 'egress': end
[14:46:19.152] [bmv2] [D] [thread 22510] [23.0] [cxt 0] Deparser 'deparser': start
[14:46:19.152] [bmv2] [T] [thread 22510] [23.0] [cxt 0] Skipping checksum 'cksum' update because condition not met
[14:46:19.152] [bmv2] [D] [thread 22510] [23.0] [cxt 0] Deparsing header 'ethernet'
[14:46:19.152] [bmv2] [D] [thread 22510] [23.0] [cxt 0] Deparser 'deparser': end
[14:46:19.152] [bmv2] [D] [thread 22510] [24.0] [cxt 0] Pipeline 'egress': start
[14:46:19.152] [bmv2] [T] [thread 22510] [24.0] [cxt 0] int.p4(331) Condition "standard_metadata.instance_type == 0" (node_14) is true
[14:46:19.152] [bmv2] [T] [thread 22510] [24.0] [cxt 0] int.p4(332) Condition "hdr.ipv4_option.optionLength==4" (node_15) is false
[14:46:19.152] [bmv2] [T] [thread 22510] [24.0] [cxt 0] int.p4(340) Condition "standard_metadata.instance_type == 1" (node_18) is false
[14:46:19.152] [bmv2] [D] [thread 22510] [24.0] [cxt 0] Pipeline 'egress': end
[14:46:19.152] [bmv2] [D] [thread 22510] [24.0] [cxt 0] Deparser 'deparser': start
[14:46:19.152] [bmv2] [T] [thread 22510] [24.0] [cxt 0] Skipping checksum 'cksum' update because condition not met
[14:46:19.152] [bmv2] [D] [thread 22510] [24.0] [cxt 0] Deparsing header 'ethernet'
[14:46:19.152] [bmv2] [D] [thread 22510] [24.0] [cxt 0] Deparser 'deparser': end
[14:46:19.152] [bmv2] [D] [thread 22514] [23.0] [cxt 0] Transmitting packet of size 70 out of port 0
[14:46:19.152] [bmv2] [D] [thread 22514] [24.0] [cxt 0] Transmitting packet of size 70 out of port 0
[14:46:25.292] [bmv2] [D] [thread 22509] [25.0] [cxt 0] Processing packet received on port 2
[14:46:25.292] [bmv2] [D] [thread 22509] [25.0] [cxt 0] Parser 'parser': start
[14:46:25.292] [bmv2] [D] [thread 22509] [25.0] [cxt 0] Parser 'parser' entering state 'start'
[14:46:25.292] [bmv2] [D] [thread 22509] [25.0] [cxt 0] Extracting header 'ethernet'
[14:46:25.292] [bmv2] [D] [thread 22509] [25.0] [cxt 0] Parser state 'start': key is 86dd
[14:46:25.292] [bmv2] [T] [thread 22509] [25.0] [cxt 0] Bytes parsed: 14
[14:46:25.292] [bmv2] [D] [thread 22509] [25.0] [cxt 0] Parser 'parser': end
[14:46:25.292] [bmv2] [D] [thread 22509] [25.0] [cxt 0] Pipeline 'ingress': start
[14:46:25.292] [bmv2] [T] [thread 22509] [25.0] [cxt 0] int.p4(257) Condition "hdr.ipv4.isValid()" (node_2) is false
[14:46:25.292] [bmv2] [D] [thread 22509] [25.0] [cxt 0] Pipeline 'ingress': end
[14:46:25.292] [bmv2] [D] [thread 22509] [25.0] [cxt 0] Egress port is 0
[14:46:25.292] [bmv2] [D] [thread 22509] [26.0] [cxt 0] Processing packet received on port 3
[14:46:25.292] [bmv2] [D] [thread 22509] [26.0] [cxt 0] Parser 'parser': start
[14:46:25.292] [bmv2] [D] [thread 22509] [26.0] [cxt 0] Parser 'parser' entering state 'start'
[14:46:25.292] [bmv2] [D] [thread 22509] [26.0] [cxt 0] Extracting header 'ethernet'
[14:46:25.293] [bmv2] [D] [thread 22509] [26.0] [cxt 0] Parser state 'start': key is 86dd
[14:46:25.293] [bmv2] [T] [thread 22509] [26.0] [cxt 0] Bytes parsed: 14
[14:46:25.293] [bmv2] [D] [thread 22509] [26.0] [cxt 0] Parser 'parser': end
[14:46:25.293] [bmv2] [D] [thread 22510] [25.0] [cxt 0] Pipeline 'egress': start
[14:46:25.293] [bmv2] [T] [thread 22510] [25.0] [cxt 0] int.p4(331) Condition "standard_metadata.instance_type == 0" (node_14) is true
[14:46:25.293] [bmv2] [T] [thread 22510] [25.0] [cxt 0] int.p4(332) Condition "hdr.ipv4_option.optionLength==4" (node_15) is false
[14:46:25.293] [bmv2] [T] [thread 22510] [25.0] [cxt 0] int.p4(340) Condition "standard_metadata.instance_type == 1" (node_18) is false
[14:46:25.293] [bmv2] [D] [thread 22510] [25.0] [cxt 0] Pipeline 'egress': end
[14:46:25.293] [bmv2] [D] [thread 22510] [25.0] [cxt 0] Deparser 'deparser': start
[14:46:25.293] [bmv2] [T] [thread 22510] [25.0] [cxt 0] Skipping checksum 'cksum' update because condition not met
[14:46:25.293] [bmv2] [D] [thread 22510] [25.0] [cxt 0] Deparsing header 'ethernet'
[14:46:25.293] [bmv2] [D] [thread 22510] [25.0] [cxt 0] Deparser 'deparser': end
[14:46:25.293] [bmv2] [D] [thread 22514] [25.0] [cxt 0] Transmitting packet of size 70 out of port 0
[14:46:25.293] [bmv2] [D] [thread 22509] [26.0] [cxt 0] Pipeline 'ingress': start
[14:46:25.293] [bmv2] [T] [thread 22509] [26.0] [cxt 0] int.p4(257) Condition "hdr.ipv4.isValid()" (node_2) is false
[14:46:25.293] [bmv2] [D] [thread 22509] [26.0] [cxt 0] Pipeline 'ingress': end
[14:46:25.293] [bmv2] [D] [thread 22509] [26.0] [cxt 0] Egress port is 0
[14:46:25.293] [bmv2] [D] [thread 22510] [26.0] [cxt 0] Pipeline 'egress': start
[14:46:25.293] [bmv2] [T] [thread 22510] [26.0] [cxt 0] int.p4(331) Condition "standard_metadata.instance_type == 0" (node_14) is true
[14:46:25.293] [bmv2] [T] [thread 22510] [26.0] [cxt 0] int.p4(332) Condition "hdr.ipv4_option.optionLength==4" (node_15) is false
[14:46:25.293] [bmv2] [T] [thread 22510] [26.0] [cxt 0] int.p4(340) Condition "standard_metadata.instance_type == 1" (node_18) is false
[14:46:25.293] [bmv2] [D] [thread 22510] [26.0] [cxt 0] Pipeline 'egress': end
[14:46:25.293] [bmv2] [D] [thread 22510] [26.0] [cxt 0] Deparser 'deparser': start
[14:46:25.293] [bmv2] [T] [thread 22510] [26.0] [cxt 0] Skipping checksum 'cksum' update because condition not met
[14:46:25.293] [bmv2] [D] [thread 22510] [26.0] [cxt 0] Deparsing header 'ethernet'
[14:46:25.293] [bmv2] [D] [thread 22510] [26.0] [cxt 0] Deparser 'deparser': end
[14:46:25.293] [bmv2] [D] [thread 22514] [26.0] [cxt 0] Transmitting packet of size 70 out of port 0
[14:47:06.253] [bmv2] [D] [thread 22509] [27.0] [cxt 0] Processing packet received on port 4
[14:47:06.253] [bmv2] [D] [thread 22509] [27.0] [cxt 0] Parser 'parser': start
[14:47:06.253] [bmv2] [D] [thread 22509] [27.0] [cxt 0] Parser 'parser' entering state 'start'
[14:47:06.253] [bmv2] [D] [thread 22509] [27.0] [cxt 0] Extracting header 'ethernet'
[14:47:06.253] [bmv2] [D] [thread 22509] [27.0] [cxt 0] Parser state 'start': key is 86dd
[14:47:06.253] [bmv2] [T] [thread 22509] [27.0] [cxt 0] Bytes parsed: 14
[14:47:06.253] [bmv2] [D] [thread 22509] [27.0] [cxt 0] Parser 'parser': end
[14:47:06.253] [bmv2] [D] [thread 22509] [27.0] [cxt 0] Pipeline 'ingress': start
[14:47:06.253] [bmv2] [T] [thread 22509] [27.0] [cxt 0] int.p4(257) Condition "hdr.ipv4.isValid()" (node_2) is false
[14:47:06.253] [bmv2] [D] [thread 22509] [27.0] [cxt 0] Pipeline 'ingress': end
[14:47:06.253] [bmv2] [D] [thread 22509] [27.0] [cxt 0] Egress port is 0
[14:47:06.253] [bmv2] [D] [thread 22510] [27.0] [cxt 0] Pipeline 'egress': start
[14:47:06.254] [bmv2] [T] [thread 22510] [27.0] [cxt 0] int.p4(331) Condition "standard_metadata.instance_type == 0" (node_14) is true
[14:47:06.254] [bmv2] [T] [thread 22510] [27.0] [cxt 0] int.p4(332) Condition "hdr.ipv4_option.optionLength==4" (node_15) is false
[14:47:06.254] [bmv2] [T] [thread 22510] [27.0] [cxt 0] int.p4(340) Condition "standard_metadata.instance_type == 1" (node_18) is false
[14:47:06.254] [bmv2] [D] [thread 22510] [27.0] [cxt 0] Pipeline 'egress': end
[14:47:06.254] [bmv2] [D] [thread 22510] [27.0] [cxt 0] Deparser 'deparser': start
[14:47:06.254] [bmv2] [T] [thread 22510] [27.0] [cxt 0] Skipping checksum 'cksum' update because condition not met
[14:47:06.254] [bmv2] [D] [thread 22510] [27.0] [cxt 0] Deparsing header 'ethernet'
[14:47:06.254] [bmv2] [D] [thread 22510] [27.0] [cxt 0] Deparser 'deparser': end
[14:47:06.254] [bmv2] [D] [thread 22514] [27.0] [cxt 0] Transmitting packet of size 70 out of port 0
[14:47:20.592] [bmv2] [D] [thread 22509] [28.0] [cxt 0] Processing packet received on port 3
[14:47:20.592] [bmv2] [D] [thread 22509] [28.0] [cxt 0] Parser 'parser': start
[14:47:20.592] [bmv2] [D] [thread 22509] [28.0] [cxt 0] Parser 'parser' entering state 'start'
[14:47:20.592] [bmv2] [D] [thread 22509] [28.0] [cxt 0] Extracting header 'ethernet'
[14:47:20.592] [bmv2] [D] [thread 22509] [28.0] [cxt 0] Parser state 'start': key is 86dd
[14:47:20.592] [bmv2] [T] [thread 22509] [28.0] [cxt 0] Bytes parsed: 14
[14:47:20.592] [bmv2] [D] [thread 22509] [28.0] [cxt 0] Parser 'parser': end
[14:47:20.592] [bmv2] [D] [thread 22509] [28.0] [cxt 0] Pipeline 'ingress': start
[14:47:20.592] [bmv2] [T] [thread 22509] [28.0] [cxt 0] int.p4(257) Condition "hdr.ipv4.isValid()" (node_2) is false
[14:47:20.592] [bmv2] [D] [thread 22509] [28.0] [cxt 0] Pipeline 'ingress': end
[14:47:20.592] [bmv2] [D] [thread 22509] [28.0] [cxt 0] Egress port is 0
[14:47:20.592] [bmv2] [D] [thread 22510] [28.0] [cxt 0] Pipeline 'egress': start
[14:47:20.592] [bmv2] [T] [thread 22510] [28.0] [cxt 0] int.p4(331) Condition "standard_metadata.instance_type == 0" (node_14) is true
[14:47:20.592] [bmv2] [T] [thread 22510] [28.0] [cxt 0] int.p4(332) Condition "hdr.ipv4_option.optionLength==4" (node_15) is false
[14:47:20.592] [bmv2] [T] [thread 22510] [28.0] [cxt 0] int.p4(340) Condition "standard_metadata.instance_type == 1" (node_18) is false
[14:47:20.592] [bmv2] [D] [thread 22510] [28.0] [cxt 0] Pipeline 'egress': end
[14:47:20.592] [bmv2] [D] [thread 22510] [28.0] [cxt 0] Deparser 'deparser': start
[14:47:20.592] [bmv2] [T] [thread 22510] [28.0] [cxt 0] Skipping checksum 'cksum' update because condition not met
[14:47:20.592] [bmv2] [D] [thread 22510] [28.0] [cxt 0] Deparsing header 'ethernet'
[14:47:20.592] [bmv2] [D] [thread 22510] [28.0] [cxt 0] Deparser 'deparser': end
[14:47:20.592] [bmv2] [D] [thread 22514] [28.0] [cxt 0] Transmitting packet of size 70 out of port 0
[14:47:24.689] [bmv2] [D] [thread 22509] [29.0] [cxt 0] Processing packet received on port 4
[14:47:24.689] [bmv2] [D] [thread 22509] [29.0] [cxt 0] Parser 'parser': start
[14:47:24.689] [bmv2] [D] [thread 22509] [29.0] [cxt 0] Parser 'parser' entering state 'start'
[14:47:24.689] [bmv2] [D] [thread 22509] [29.0] [cxt 0] Extracting header 'ethernet'
[14:47:24.689] [bmv2] [D] [thread 22509] [29.0] [cxt 0] Parser state 'start': key is 86dd
[14:47:24.689] [bmv2] [T] [thread 22509] [29.0] [cxt 0] Bytes parsed: 14
[14:47:24.689] [bmv2] [D] [thread 22509] [29.0] [cxt 0] Parser 'parser': end
[14:47:24.689] [bmv2] [D] [thread 22509] [29.0] [cxt 0] Pipeline 'ingress': start
[14:47:24.689] [bmv2] [T] [thread 22509] [29.0] [cxt 0] int.p4(257) Condition "hdr.ipv4.isValid()" (node_2) is false
[14:47:24.689] [bmv2] [D] [thread 22509] [29.0] [cxt 0] Pipeline 'ingress': end
[14:47:24.689] [bmv2] [D] [thread 22509] [29.0] [cxt 0] Egress port is 0
[14:47:24.689] [bmv2] [D] [thread 22510] [29.0] [cxt 0] Pipeline 'egress': start
[14:47:24.689] [bmv2] [T] [thread 22510] [29.0] [cxt 0] int.p4(331) Condition "standard_metadata.instance_type == 0" (node_14) is true
[14:47:24.689] [bmv2] [T] [thread 22510] [29.0] [cxt 0] int.p4(332) Condition "hdr.ipv4_option.optionLength==4" (node_15) is false
[14:47:24.689] [bmv2] [T] [thread 22510] [29.0] [cxt 0] int.p4(340) Condition "standard_metadata.instance_type == 1" (node_18) is false
[14:47:24.689] [bmv2] [D] [thread 22510] [29.0] [cxt 0] Pipeline 'egress': end
[14:47:24.689] [bmv2] [D] [thread 22510] [29.0] [cxt 0] Deparser 'deparser': start
[14:47:24.689] [bmv2] [T] [thread 22510] [29.0] [cxt 0] Skipping checksum 'cksum' update because condition not met
[14:47:24.689] [bmv2] [D] [thread 22510] [29.0] [cxt 0] Deparsing header 'ethernet'
[14:47:24.689] [bmv2] [D] [thread 22510] [29.0] [cxt 0] Deparser 'deparser': end
[14:47:24.689] [bmv2] [D] [thread 22514] [29.0] [cxt 0] Transmitting packet of size 70 out of port 0
[14:47:26.735] [bmv2] [D] [thread 22509] [30.0] [cxt 0] Processing packet received on port 1
[14:47:26.735] [bmv2] [D] [thread 22509] [30.0] [cxt 0] Parser 'parser': start
[14:47:26.735] [bmv2] [D] [thread 22509] [30.0] [cxt 0] Parser 'parser' entering state 'start'
[14:47:26.735] [bmv2] [D] [thread 22509] [30.0] [cxt 0] Extracting header 'ethernet'
[14:47:26.735] [bmv2] [D] [thread 22509] [30.0] [cxt 0] Parser state 'start': key is 86dd
[14:47:26.735] [bmv2] [T] [thread 22509] [30.0] [cxt 0] Bytes parsed: 14
[14:47:26.735] [bmv2] [D] [thread 22509] [30.0] [cxt 0] Parser 'parser': end
[14:47:26.735] [bmv2] [D] [thread 22509] [30.0] [cxt 0] Pipeline 'ingress': start
[14:47:26.735] [bmv2] [T] [thread 22509] [30.0] [cxt 0] int.p4(257) Condition "hdr.ipv4.isValid()" (node_2) is false
[14:47:26.735] [bmv2] [D] [thread 22509] [30.0] [cxt 0] Pipeline 'ingress': end
[14:47:26.735] [bmv2] [D] [thread 22509] [30.0] [cxt 0] Egress port is 0
[14:47:26.735] [bmv2] [D] [thread 22510] [30.0] [cxt 0] Pipeline 'egress': start
[14:47:26.735] [bmv2] [T] [thread 22510] [30.0] [cxt 0] int.p4(331) Condition "standard_metadata.instance_type == 0" (node_14) is true
[14:47:26.735] [bmv2] [T] [thread 22510] [30.0] [cxt 0] int.p4(332) Condition "hdr.ipv4_option.optionLength==4" (node_15) is false
[14:47:26.735] [bmv2] [T] [thread 22510] [30.0] [cxt 0] int.p4(340) Condition "standard_metadata.instance_type == 1" (node_18) is false
[14:47:26.735] [bmv2] [D] [thread 22510] [30.0] [cxt 0] Pipeline 'egress': end
[14:47:26.735] [bmv2] [D] [thread 22510] [30.0] [cxt 0] Deparser 'deparser': start
[14:47:26.735] [bmv2] [T] [thread 22510] [30.0] [cxt 0] Skipping checksum 'cksum' update because condition not met
[14:47:26.735] [bmv2] [D] [thread 22510] [30.0] [cxt 0] Deparsing header 'ethernet'
[14:47:26.735] [bmv2] [D] [thread 22510] [30.0] [cxt 0] Deparser 'deparser': end
[14:47:26.735] [bmv2] [D] [thread 22514] [30.0] [cxt 0] Transmitting packet of size 70 out of port 0
[14:47:36.972] [bmv2] [D] [thread 22509] [31.0] [cxt 0] Processing packet received on port 3
[14:47:36.972] [bmv2] [D] [thread 22509] [31.0] [cxt 0] Parser 'parser': start
[14:47:36.972] [bmv2] [D] [thread 22509] [31.0] [cxt 0] Parser 'parser' entering state 'start'
[14:47:36.972] [bmv2] [D] [thread 22509] [31.0] [cxt 0] Extracting header 'ethernet'
[14:47:36.972] [bmv2] [D] [thread 22509] [31.0] [cxt 0] Parser state 'start': key is 86dd
[14:47:36.972] [bmv2] [T] [thread 22509] [31.0] [cxt 0] Bytes parsed: 14
[14:47:36.972] [bmv2] [D] [thread 22509] [31.0] [cxt 0] Parser 'parser': end
[14:47:36.972] [bmv2] [D] [thread 22509] [31.0] [cxt 0] Pipeline 'ingress': start
[14:47:36.972] [bmv2] [T] [thread 22509] [31.0] [cxt 0] int.p4(257) Condition "hdr.ipv4.isValid()" (node_2) is false
[14:47:36.972] [bmv2] [D] [thread 22509] [31.0] [cxt 0] Pipeline 'ingress': end
[14:47:36.972] [bmv2] [D] [thread 22509] [31.0] [cxt 0] Egress port is 0
[14:47:36.972] [bmv2] [D] [thread 22510] [31.0] [cxt 0] Pipeline 'egress': start
[14:47:36.972] [bmv2] [T] [thread 22510] [31.0] [cxt 0] int.p4(331) Condition "standard_metadata.instance_type == 0" (node_14) is true
[14:47:36.972] [bmv2] [T] [thread 22510] [31.0] [cxt 0] int.p4(332) Condition "hdr.ipv4_option.optionLength==4" (node_15) is false
[14:47:36.972] [bmv2] [T] [thread 22510] [31.0] [cxt 0] int.p4(340) Condition "standard_metadata.instance_type == 1" (node_18) is false
[14:47:36.972] [bmv2] [D] [thread 22510] [31.0] [cxt 0] Pipeline 'egress': end
[14:47:36.972] [bmv2] [D] [thread 22510] [31.0] [cxt 0] Deparser 'deparser': start
[14:47:36.972] [bmv2] [T] [thread 22510] [31.0] [cxt 0] Skipping checksum 'cksum' update because condition not met
[14:47:36.972] [bmv2] [D] [thread 22510] [31.0] [cxt 0] Deparsing header 'ethernet'
[14:47:36.972] [bmv2] [D] [thread 22510] [31.0] [cxt 0] Deparser 'deparser': end
[14:47:36.972] [bmv2] [D] [thread 22514] [31.0] [cxt 0] Transmitting packet of size 70 out of port 0
[14:47:39.021] [bmv2] [D] [thread 22509] [32.0] [cxt 0] Processing packet received on port 2
[14:47:39.021] [bmv2] [D] [thread 22509] [32.0] [cxt 0] Parser 'parser': start
[14:47:39.021] [bmv2] [D] [thread 22509] [32.0] [cxt 0] Parser 'parser' entering state 'start'
[14:47:39.021] [bmv2] [D] [thread 22509] [32.0] [cxt 0] Extracting header 'ethernet'
[14:47:39.021] [bmv2] [D] [thread 22509] [32.0] [cxt 0] Parser state 'start': key is 86dd
[14:47:39.021] [bmv2] [T] [thread 22509] [32.0] [cxt 0] Bytes parsed: 14
[14:47:39.021] [bmv2] [D] [thread 22509] [32.0] [cxt 0] Parser 'parser': end
[14:47:39.021] [bmv2] [D] [thread 22509] [32.0] [cxt 0] Pipeline 'ingress': start
[14:47:39.021] [bmv2] [T] [thread 22509] [32.0] [cxt 0] int.p4(257) Condition "hdr.ipv4.isValid()" (node_2) is false
[14:47:39.021] [bmv2] [D] [thread 22509] [32.0] [cxt 0] Pipeline 'ingress': end
[14:47:39.021] [bmv2] [D] [thread 22509] [32.0] [cxt 0] Egress port is 0
[14:47:39.021] [bmv2] [D] [thread 22510] [32.0] [cxt 0] Pipeline 'egress': start
[14:47:39.021] [bmv2] [T] [thread 22510] [32.0] [cxt 0] int.p4(331) Condition "standard_metadata.instance_type == 0" (node_14) is true
[14:47:39.021] [bmv2] [T] [thread 22510] [32.0] [cxt 0] int.p4(332) Condition "hdr.ipv4_option.optionLength==4" (node_15) is false
[14:47:39.021] [bmv2] [T] [thread 22510] [32.0] [cxt 0] int.p4(340) Condition "standard_metadata.instance_type == 1" (node_18) is false
[14:47:39.021] [bmv2] [D] [thread 22510] [32.0] [cxt 0] Pipeline 'egress': end
[14:47:39.021] [bmv2] [D] [thread 22510] [32.0] [cxt 0] Deparser 'deparser': start
[14:47:39.022] [bmv2] [T] [thread 22510] [32.0] [cxt 0] Skipping checksum 'cksum' update because condition not met
[14:47:39.022] [bmv2] [D] [thread 22510] [32.0] [cxt 0] Deparsing header 'ethernet'
[14:47:39.022] [bmv2] [D] [thread 22510] [32.0] [cxt 0] Deparser 'deparser': end
[14:47:39.022] [bmv2] [D] [thread 22514] [32.0] [cxt 0] Transmitting packet of size 70 out of port 0
[14:48:58.892] [bmv2] [D] [thread 22509] [33.0] [cxt 0] Processing packet received on port 4
[14:48:58.893] [bmv2] [D] [thread 22509] [33.0] [cxt 0] Parser 'parser': start
[14:48:58.893] [bmv2] [D] [thread 22509] [33.0] [cxt 0] Parser 'parser' entering state 'start'
[14:48:58.893] [bmv2] [D] [thread 22509] [33.0] [cxt 0] Extracting header 'ethernet'
[14:48:58.893] [bmv2] [D] [thread 22509] [33.0] [cxt 0] Parser state 'start': key is 86dd
[14:48:58.893] [bmv2] [T] [thread 22509] [33.0] [cxt 0] Bytes parsed: 14
[14:48:58.893] [bmv2] [D] [thread 22509] [33.0] [cxt 0] Parser 'parser': end
[14:48:58.893] [bmv2] [D] [thread 22509] [33.0] [cxt 0] Pipeline 'ingress': start
[14:48:58.893] [bmv2] [T] [thread 22509] [33.0] [cxt 0] int.p4(257) Condition "hdr.ipv4.isValid()" (node_2) is false
[14:48:58.893] [bmv2] [D] [thread 22509] [33.0] [cxt 0] Pipeline 'ingress': end
[14:48:58.893] [bmv2] [D] [thread 22509] [33.0] [cxt 0] Egress port is 0
[14:48:58.895] [bmv2] [D] [thread 22510] [33.0] [cxt 0] Pipeline 'egress': start
[14:48:58.895] [bmv2] [T] [thread 22510] [33.0] [cxt 0] int.p4(331) Condition "standard_metadata.instance_type == 0" (node_14) is true
[14:48:58.895] [bmv2] [T] [thread 22510] [33.0] [cxt 0] int.p4(332) Condition "hdr.ipv4_option.optionLength==4" (node_15) is false
[14:48:58.895] [bmv2] [T] [thread 22510] [33.0] [cxt 0] int.p4(340) Condition "standard_metadata.instance_type == 1" (node_18) is false
[14:48:58.895] [bmv2] [D] [thread 22510] [33.0] [cxt 0] Pipeline 'egress': end
[14:48:58.895] [bmv2] [D] [thread 22510] [33.0] [cxt 0] Deparser 'deparser': start
[14:48:58.895] [bmv2] [T] [thread 22510] [33.0] [cxt 0] Skipping checksum 'cksum' update because condition not met
[14:48:58.895] [bmv2] [D] [thread 22510] [33.0] [cxt 0] Deparsing header 'ethernet'
[14:48:58.895] [bmv2] [D] [thread 22510] [33.0] [cxt 0] Deparser 'deparser': end
[14:48:58.895] [bmv2] [D] [thread 22514] [33.0] [cxt 0] Transmitting packet of size 70 out of port 0
[14:49:27.568] [bmv2] [D] [thread 22509] [34.0] [cxt 0] Processing packet received on port 3
[14:49:27.568] [bmv2] [D] [thread 22509] [34.0] [cxt 0] Parser 'parser': start
[14:49:27.568] [bmv2] [D] [thread 22509] [34.0] [cxt 0] Parser 'parser' entering state 'start'
[14:49:27.568] [bmv2] [D] [thread 22509] [34.0] [cxt 0] Extracting header 'ethernet'
[14:49:27.568] [bmv2] [D] [thread 22509] [34.0] [cxt 0] Parser state 'start': key is 86dd
[14:49:27.568] [bmv2] [T] [thread 22509] [34.0] [cxt 0] Bytes parsed: 14
[14:49:27.568] [bmv2] [D] [thread 22509] [34.0] [cxt 0] Parser 'parser': end
[14:49:27.568] [bmv2] [D] [thread 22509] [34.0] [cxt 0] Pipeline 'ingress': start
[14:49:27.568] [bmv2] [T] [thread 22509] [34.0] [cxt 0] int.p4(257) Condition "hdr.ipv4.isValid()" (node_2) is false
[14:49:27.568] [bmv2] [D] [thread 22509] [34.0] [cxt 0] Pipeline 'ingress': end
[14:49:27.568] [bmv2] [D] [thread 22509] [34.0] [cxt 0] Egress port is 0
[14:49:27.568] [bmv2] [D] [thread 22510] [34.0] [cxt 0] Pipeline 'egress': start
[14:49:27.568] [bmv2] [T] [thread 22510] [34.0] [cxt 0] int.p4(331) Condition "standard_metadata.instance_type == 0" (node_14) is true
[14:49:27.568] [bmv2] [T] [thread 22510] [34.0] [cxt 0] int.p4(332) Condition "hdr.ipv4_option.optionLength==4" (node_15) is false
[14:49:27.568] [bmv2] [T] [thread 22510] [34.0] [cxt 0] int.p4(340) Condition "standard_metadata.instance_type == 1" (node_18) is false
[14:49:27.568] [bmv2] [D] [thread 22510] [34.0] [cxt 0] Pipeline 'egress': end
[14:49:27.568] [bmv2] [D] [thread 22510] [34.0] [cxt 0] Deparser 'deparser': start
[14:49:27.568] [bmv2] [T] [thread 22510] [34.0] [cxt 0] Skipping checksum 'cksum' update because condition not met
[14:49:27.568] [bmv2] [D] [thread 22510] [34.0] [cxt 0] Deparsing header 'ethernet'
[14:49:27.568] [bmv2] [D] [thread 22510] [34.0] [cxt 0] Deparser 'deparser': end
[14:49:27.568] [bmv2] [D] [thread 22514] [34.0] [cxt 0] Transmitting packet of size 70 out of port 0
[14:49:50.096] [bmv2] [D] [thread 22509] [35.0] [cxt 0] Processing packet received on port 1
[14:49:50.096] [bmv2] [D] [thread 22509] [35.0] [cxt 0] Parser 'parser': start
[14:49:50.096] [bmv2] [D] [thread 22509] [35.0] [cxt 0] Parser 'parser' entering state 'start'
[14:49:50.096] [bmv2] [D] [thread 22509] [35.0] [cxt 0] Extracting header 'ethernet'
[14:49:50.096] [bmv2] [D] [thread 22509] [35.0] [cxt 0] Parser state 'start': key is 86dd
[14:49:50.096] [bmv2] [T] [thread 22509] [35.0] [cxt 0] Bytes parsed: 14
[14:49:50.096] [bmv2] [D] [thread 22509] [35.0] [cxt 0] Parser 'parser': end
[14:49:50.096] [bmv2] [D] [thread 22509] [35.0] [cxt 0] Pipeline 'ingress': start
[14:49:50.096] [bmv2] [T] [thread 22509] [35.0] [cxt 0] int.p4(257) Condition "hdr.ipv4.isValid()" (node_2) is false
[14:49:50.096] [bmv2] [D] [thread 22509] [35.0] [cxt 0] Pipeline 'ingress': end
[14:49:50.096] [bmv2] [D] [thread 22509] [35.0] [cxt 0] Egress port is 0
[14:49:50.096] [bmv2] [D] [thread 22509] [36.0] [cxt 0] Processing packet received on port 4
[14:49:50.096] [bmv2] [D] [thread 22509] [36.0] [cxt 0] Parser 'parser': start
[14:49:50.096] [bmv2] [D] [thread 22509] [36.0] [cxt 0] Parser 'parser' entering state 'start'
[14:49:50.096] [bmv2] [D] [thread 22509] [36.0] [cxt 0] Extracting header 'ethernet'
[14:49:50.096] [bmv2] [D] [thread 22509] [36.0] [cxt 0] Parser state 'start': key is 86dd
[14:49:50.096] [bmv2] [T] [thread 22509] [36.0] [cxt 0] Bytes parsed: 14
[14:49:50.096] [bmv2] [D] [thread 22509] [36.0] [cxt 0] Parser 'parser': end
[14:49:50.096] [bmv2] [D] [thread 22509] [36.0] [cxt 0] Pipeline 'ingress': start
[14:49:50.096] [bmv2] [T] [thread 22509] [36.0] [cxt 0] int.p4(257) Condition "hdr.ipv4.isValid()" (node_2) is false
[14:49:50.096] [bmv2] [D] [thread 22509] [36.0] [cxt 0] Pipeline 'ingress': end
[14:49:50.096] [bmv2] [D] [thread 22509] [36.0] [cxt 0] Egress port is 0
[14:49:50.096] [bmv2] [D] [thread 22510] [35.0] [cxt 0] Pipeline 'egress': start
[14:49:50.096] [bmv2] [T] [thread 22510] [35.0] [cxt 0] int.p4(331) Condition "standard_metadata.instance_type == 0" (node_14) is true
[14:49:50.096] [bmv2] [T] [thread 22510] [35.0] [cxt 0] int.p4(332) Condition "hdr.ipv4_option.optionLength==4" (node_15) is false
[14:49:50.096] [bmv2] [T] [thread 22510] [35.0] [cxt 0] int.p4(340) Condition "standard_metadata.instance_type == 1" (node_18) is false
[14:49:50.096] [bmv2] [D] [thread 22510] [35.0] [cxt 0] Pipeline 'egress': end
[14:49:50.096] [bmv2] [D] [thread 22510] [35.0] [cxt 0] Deparser 'deparser': start
[14:49:50.096] [bmv2] [T] [thread 22510] [35.0] [cxt 0] Skipping checksum 'cksum' update because condition not met
[14:49:50.096] [bmv2] [D] [thread 22510] [35.0] [cxt 0] Deparsing header 'ethernet'
[14:49:50.096] [bmv2] [D] [thread 22510] [35.0] [cxt 0] Deparser 'deparser': end
[14:49:50.096] [bmv2] [D] [thread 22510] [36.0] [cxt 0] Pipeline 'egress': start
[14:49:50.096] [bmv2] [T] [thread 22510] [36.0] [cxt 0] int.p4(331) Condition "standard_metadata.instance_type == 0" (node_14) is true
[14:49:50.096] [bmv2] [T] [thread 22510] [36.0] [cxt 0] int.p4(332) Condition "hdr.ipv4_option.optionLength==4" (node_15) is false
[14:49:50.096] [bmv2] [T] [thread 22510] [36.0] [cxt 0] int.p4(340) Condition "standard_metadata.instance_type == 1" (node_18) is false
[14:49:50.096] [bmv2] [D] [thread 22510] [36.0] [cxt 0] Pipeline 'egress': end
[14:49:50.096] [bmv2] [D] [thread 22510] [36.0] [cxt 0] Deparser 'deparser': start
[14:49:50.096] [bmv2] [T] [thread 22510] [36.0] [cxt 0] Skipping checksum 'cksum' update because condition not met
[14:49:50.096] [bmv2] [D] [thread 22510] [36.0] [cxt 0] Deparsing header 'ethernet'
[14:49:50.096] [bmv2] [D] [thread 22510] [36.0] [cxt 0] Deparser 'deparser': end
[14:49:50.096] [bmv2] [D] [thread 22514] [35.0] [cxt 0] Transmitting packet of size 70 out of port 0
[14:49:50.096] [bmv2] [D] [thread 22514] [36.0] [cxt 0] Transmitting packet of size 70 out of port 0
[14:50:06.478] [bmv2] [D] [thread 22509] [37.0] [cxt 0] Processing packet received on port 3
[14:50:06.478] [bmv2] [D] [thread 22509] [37.0] [cxt 0] Parser 'parser': start
[14:50:06.478] [bmv2] [D] [thread 22509] [37.0] [cxt 0] Parser 'parser' entering state 'start'
[14:50:06.478] [bmv2] [D] [thread 22509] [37.0] [cxt 0] Extracting header 'ethernet'
[14:50:06.478] [bmv2] [D] [thread 22509] [37.0] [cxt 0] Parser state 'start': key is 86dd
[14:50:06.478] [bmv2] [T] [thread 22509] [37.0] [cxt 0] Bytes parsed: 14
[14:50:06.478] [bmv2] [D] [thread 22509] [37.0] [cxt 0] Parser 'parser': end
[14:50:06.478] [bmv2] [D] [thread 22509] [37.0] [cxt 0] Pipeline 'ingress': start
[14:50:06.478] [bmv2] [T] [thread 22509] [37.0] [cxt 0] int.p4(257) Condition "hdr.ipv4.isValid()" (node_2) is false
[14:50:06.478] [bmv2] [D] [thread 22509] [37.0] [cxt 0] Pipeline 'ingress': end
[14:50:06.478] [bmv2] [D] [thread 22509] [37.0] [cxt 0] Egress port is 0
[14:50:06.478] [bmv2] [D] [thread 22510] [37.0] [cxt 0] Pipeline 'egress': start
[14:50:06.478] [bmv2] [T] [thread 22510] [37.0] [cxt 0] int.p4(331) Condition "standard_metadata.instance_type == 0" (node_14) is true
[14:50:06.478] [bmv2] [T] [thread 22510] [37.0] [cxt 0] int.p4(332) Condition "hdr.ipv4_option.optionLength==4" (node_15) is false
[14:50:06.478] [bmv2] [T] [thread 22510] [37.0] [cxt 0] int.p4(340) Condition "standard_metadata.instance_type == 1" (node_18) is false
[14:50:06.478] [bmv2] [D] [thread 22510] [37.0] [cxt 0] Pipeline 'egress': end
[14:50:06.478] [bmv2] [D] [thread 22510] [37.0] [cxt 0] Deparser 'deparser': start
[14:50:06.478] [bmv2] [T] [thread 22510] [37.0] [cxt 0] Skipping checksum 'cksum' update because condition not met
[14:50:06.478] [bmv2] [D] [thread 22510] [37.0] [cxt 0] Deparsing header 'ethernet'
[14:50:06.478] [bmv2] [D] [thread 22510] [37.0] [cxt 0] Deparser 'deparser': end
[14:50:06.479] [bmv2] [D] [thread 22514] [37.0] [cxt 0] Transmitting packet of size 70 out of port 0
[14:50:22.859] [bmv2] [D] [thread 22509] [38.0] [cxt 0] Processing packet received on port 2
[14:50:22.860] [bmv2] [D] [thread 22509] [38.0] [cxt 0] Parser 'parser': start
[14:50:22.860] [bmv2] [D] [thread 22509] [38.0] [cxt 0] Parser 'parser' entering state 'start'
[14:50:22.860] [bmv2] [D] [thread 22509] [38.0] [cxt 0] Extracting header 'ethernet'
[14:50:22.860] [bmv2] [D] [thread 22509] [38.0] [cxt 0] Parser state 'start': key is 86dd
[14:50:22.860] [bmv2] [T] [thread 22509] [38.0] [cxt 0] Bytes parsed: 14
[14:50:22.860] [bmv2] [D] [thread 22509] [38.0] [cxt 0] Parser 'parser': end
[14:50:22.860] [bmv2] [D] [thread 22509] [38.0] [cxt 0] Pipeline 'ingress': start
[14:50:22.860] [bmv2] [T] [thread 22509] [38.0] [cxt 0] int.p4(257) Condition "hdr.ipv4.isValid()" (node_2) is false
[14:50:22.860] [bmv2] [D] [thread 22509] [38.0] [cxt 0] Pipeline 'ingress': end
[14:50:22.860] [bmv2] [D] [thread 22509] [38.0] [cxt 0] Egress port is 0
[14:50:22.860] [bmv2] [D] [thread 22510] [38.0] [cxt 0] Pipeline 'egress': start
[14:50:22.860] [bmv2] [T] [thread 22510] [38.0] [cxt 0] int.p4(331) Condition "standard_metadata.instance_type == 0" (node_14) is true
[14:50:22.860] [bmv2] [T] [thread 22510] [38.0] [cxt 0] int.p4(332) Condition "hdr.ipv4_option.optionLength==4" (node_15) is false
[14:50:22.860] [bmv2] [T] [thread 22510] [38.0] [cxt 0] int.p4(340) Condition "standard_metadata.instance_type == 1" (node_18) is false
[14:50:22.860] [bmv2] [D] [thread 22510] [38.0] [cxt 0] Pipeline 'egress': end
[14:50:22.860] [bmv2] [D] [thread 22510] [38.0] [cxt 0] Deparser 'deparser': start
[14:50:22.860] [bmv2] [T] [thread 22510] [38.0] [cxt 0] Skipping checksum 'cksum' update because condition not met
[14:50:22.860] [bmv2] [D] [thread 22510] [38.0] [cxt 0] Deparsing header 'ethernet'
[14:50:22.860] [bmv2] [D] [thread 22510] [38.0] [cxt 0] Deparser 'deparser': end
[14:50:22.860] [bmv2] [D] [thread 22514] [38.0] [cxt 0] Transmitting packet of size 70 out of port 0
[14:52:50.316] [bmv2] [D] [thread 22509] [39.0] [cxt 0] Processing packet received on port 4
[14:52:50.316] [bmv2] [D] [thread 22509] [39.0] [cxt 0] Parser 'parser': start
[14:52:50.316] [bmv2] [D] [thread 22509] [39.0] [cxt 0] Parser 'parser' entering state 'start'
[14:52:50.316] [bmv2] [D] [thread 22509] [39.0] [cxt 0] Extracting header 'ethernet'
[14:52:50.316] [bmv2] [D] [thread 22509] [39.0] [cxt 0] Parser state 'start': key is 86dd
[14:52:50.316] [bmv2] [T] [thread 22509] [39.0] [cxt 0] Bytes parsed: 14
[14:52:50.316] [bmv2] [D] [thread 22509] [39.0] [cxt 0] Parser 'parser': end
[14:52:50.316] [bmv2] [D] [thread 22509] [39.0] [cxt 0] Pipeline 'ingress': start
[14:52:50.316] [bmv2] [T] [thread 22509] [39.0] [cxt 0] int.p4(257) Condition "hdr.ipv4.isValid()" (node_2) is false
[14:52:50.316] [bmv2] [D] [thread 22509] [39.0] [cxt 0] Pipeline 'ingress': end
[14:52:50.316] [bmv2] [D] [thread 22509] [39.0] [cxt 0] Egress port is 0
[14:52:50.316] [bmv2] [D] [thread 22510] [39.0] [cxt 0] Pipeline 'egress': start
[14:52:50.316] [bmv2] [T] [thread 22510] [39.0] [cxt 0] int.p4(331) Condition "standard_metadata.instance_type == 0" (node_14) is true
[14:52:50.316] [bmv2] [T] [thread 22510] [39.0] [cxt 0] int.p4(332) Condition "hdr.ipv4_option.optionLength==4" (node_15) is false
[14:52:50.316] [bmv2] [T] [thread 22510] [39.0] [cxt 0] int.p4(340) Condition "standard_metadata.instance_type == 1" (node_18) is false
[14:52:50.316] [bmv2] [D] [thread 22510] [39.0] [cxt 0] Pipeline 'egress': end
[14:52:50.316] [bmv2] [D] [thread 22510] [39.0] [cxt 0] Deparser 'deparser': start
[14:52:50.316] [bmv2] [T] [thread 22510] [39.0] [cxt 0] Skipping checksum 'cksum' update because condition not met
[14:52:50.316] [bmv2] [D] [thread 22510] [39.0] [cxt 0] Deparsing header 'ethernet'
[14:52:50.316] [bmv2] [D] [thread 22510] [39.0] [cxt 0] Deparser 'deparser': end
[14:52:50.316] [bmv2] [D] [thread 22514] [39.0] [cxt 0] Transmitting packet of size 70 out of port 0
[14:53:39.469] [bmv2] [D] [thread 22509] [40.0] [cxt 0] Processing packet received on port 3
[14:53:39.469] [bmv2] [D] [thread 22509] [40.0] [cxt 0] Parser 'parser': start
[14:53:39.469] [bmv2] [D] [thread 22509] [40.0] [cxt 0] Parser 'parser' entering state 'start'
[14:53:39.469] [bmv2] [D] [thread 22509] [40.0] [cxt 0] Extracting header 'ethernet'
[14:53:39.469] [bmv2] [D] [thread 22509] [40.0] [cxt 0] Parser state 'start': key is 86dd
[14:53:39.469] [bmv2] [T] [thread 22509] [40.0] [cxt 0] Bytes parsed: 14
[14:53:39.469] [bmv2] [D] [thread 22509] [40.0] [cxt 0] Parser 'parser': end
[14:53:39.469] [bmv2] [D] [thread 22509] [40.0] [cxt 0] Pipeline 'ingress': start
[14:53:39.469] [bmv2] [T] [thread 22509] [40.0] [cxt 0] int.p4(257) Condition "hdr.ipv4.isValid()" (node_2) is false
[14:53:39.469] [bmv2] [D] [thread 22509] [40.0] [cxt 0] Pipeline 'ingress': end
[14:53:39.469] [bmv2] [D] [thread 22509] [40.0] [cxt 0] Egress port is 0
[14:53:39.470] [bmv2] [D] [thread 22510] [40.0] [cxt 0] Pipeline 'egress': start
[14:53:39.470] [bmv2] [T] [thread 22510] [40.0] [cxt 0] int.p4(331) Condition "standard_metadata.instance_type == 0" (node_14) is true
[14:53:39.470] [bmv2] [T] [thread 22510] [40.0] [cxt 0] int.p4(332) Condition "hdr.ipv4_option.optionLength==4" (node_15) is false
[14:53:39.470] [bmv2] [T] [thread 22510] [40.0] [cxt 0] int.p4(340) Condition "standard_metadata.instance_type == 1" (node_18) is false
[14:53:39.470] [bmv2] [D] [thread 22510] [40.0] [cxt 0] Pipeline 'egress': end
[14:53:39.470] [bmv2] [D] [thread 22510] [40.0] [cxt 0] Deparser 'deparser': start
[14:53:39.470] [bmv2] [T] [thread 22510] [40.0] [cxt 0] Skipping checksum 'cksum' update because condition not met
[14:53:39.470] [bmv2] [D] [thread 22510] [40.0] [cxt 0] Deparsing header 'ethernet'
[14:53:39.470] [bmv2] [D] [thread 22510] [40.0] [cxt 0] Deparser 'deparser': end
[14:53:39.470] [bmv2] [D] [thread 22514] [40.0] [cxt 0] Transmitting packet of size 70 out of port 0
[14:54:12.237] [bmv2] [D] [thread 22509] [41.0] [cxt 0] Processing packet received on port 1
[14:54:12.237] [bmv2] [D] [thread 22509] [41.0] [cxt 0] Parser 'parser': start
[14:54:12.237] [bmv2] [D] [thread 22509] [41.0] [cxt 0] Parser 'parser' entering state 'start'
[14:54:12.237] [bmv2] [D] [thread 22509] [41.0] [cxt 0] Extracting header 'ethernet'
[14:54:12.237] [bmv2] [D] [thread 22509] [41.0] [cxt 0] Parser state 'start': key is 86dd
[14:54:12.237] [bmv2] [T] [thread 22509] [41.0] [cxt 0] Bytes parsed: 14
[14:54:12.238] [bmv2] [D] [thread 22509] [41.0] [cxt 0] Parser 'parser': end
[14:54:12.238] [bmv2] [D] [thread 22509] [41.0] [cxt 0] Pipeline 'ingress': start
[14:54:12.238] [bmv2] [T] [thread 22509] [41.0] [cxt 0] int.p4(257) Condition "hdr.ipv4.isValid()" (node_2) is false
[14:54:12.238] [bmv2] [D] [thread 22509] [41.0] [cxt 0] Pipeline 'ingress': end
[14:54:12.238] [bmv2] [D] [thread 22509] [41.0] [cxt 0] Egress port is 0
[14:54:12.238] [bmv2] [D] [thread 22509] [42.0] [cxt 0] Processing packet received on port 4
[14:54:12.238] [bmv2] [D] [thread 22509] [42.0] [cxt 0] Parser 'parser': start
[14:54:12.238] [bmv2] [D] [thread 22509] [42.0] [cxt 0] Parser 'parser' entering state 'start'
[14:54:12.238] [bmv2] [D] [thread 22509] [42.0] [cxt 0] Extracting header 'ethernet'
[14:54:12.238] [bmv2] [D] [thread 22509] [42.0] [cxt 0] Parser state 'start': key is 86dd
[14:54:12.238] [bmv2] [T] [thread 22509] [42.0] [cxt 0] Bytes parsed: 14
[14:54:12.238] [bmv2] [D] [thread 22509] [42.0] [cxt 0] Parser 'parser': end
[14:54:12.238] [bmv2] [D] [thread 22509] [42.0] [cxt 0] Pipeline 'ingress': start
[14:54:12.238] [bmv2] [T] [thread 22509] [42.0] [cxt 0] int.p4(257) Condition "hdr.ipv4.isValid()" (node_2) is false
[14:54:12.238] [bmv2] [D] [thread 22509] [42.0] [cxt 0] Pipeline 'ingress': end
[14:54:12.238] [bmv2] [D] [thread 22509] [42.0] [cxt 0] Egress port is 0
[14:54:12.238] [bmv2] [D] [thread 22510] [41.0] [cxt 0] Pipeline 'egress': start
[14:54:12.238] [bmv2] [T] [thread 22510] [41.0] [cxt 0] int.p4(331) Condition "standard_metadata.instance_type == 0" (node_14) is true
[14:54:12.238] [bmv2] [T] [thread 22510] [41.0] [cxt 0] int.p4(332) Condition "hdr.ipv4_option.optionLength==4" (node_15) is false
[14:54:12.238] [bmv2] [T] [thread 22510] [41.0] [cxt 0] int.p4(340) Condition "standard_metadata.instance_type == 1" (node_18) is false
[14:54:12.238] [bmv2] [D] [thread 22510] [41.0] [cxt 0] Pipeline 'egress': end
[14:54:12.238] [bmv2] [D] [thread 22510] [41.0] [cxt 0] Deparser 'deparser': start
[14:54:12.238] [bmv2] [T] [thread 22510] [41.0] [cxt 0] Skipping checksum 'cksum' update because condition not met
[14:54:12.238] [bmv2] [D] [thread 22510] [41.0] [cxt 0] Deparsing header 'ethernet'
[14:54:12.238] [bmv2] [D] [thread 22510] [41.0] [cxt 0] Deparser 'deparser': end
[14:54:12.238] [bmv2] [D] [thread 22510] [42.0] [cxt 0] Pipeline 'egress': start
[14:54:12.238] [bmv2] [T] [thread 22510] [42.0] [cxt 0] int.p4(331) Condition "standard_metadata.instance_type == 0" (node_14) is true
[14:54:12.238] [bmv2] [T] [thread 22510] [42.0] [cxt 0] int.p4(332) Condition "hdr.ipv4_option.optionLength==4" (node_15) is false
[14:54:12.238] [bmv2] [T] [thread 22510] [42.0] [cxt 0] int.p4(340) Condition "standard_metadata.instance_type == 1" (node_18) is false
[14:54:12.238] [bmv2] [D] [thread 22510] [42.0] [cxt 0] Pipeline 'egress': end
[14:54:12.238] [bmv2] [D] [thread 22510] [42.0] [cxt 0] Deparser 'deparser': start
[14:54:12.238] [bmv2] [T] [thread 22510] [42.0] [cxt 0] Skipping checksum 'cksum' update because condition not met
[14:54:12.238] [bmv2] [D] [thread 22510] [42.0] [cxt 0] Deparsing header 'ethernet'
[14:54:12.238] [bmv2] [D] [thread 22510] [42.0] [cxt 0] Deparser 'deparser': end
[14:54:12.238] [bmv2] [D] [thread 22514] [41.0] [cxt 0] Transmitting packet of size 70 out of port 0
[14:54:12.238] [bmv2] [D] [thread 22514] [42.0] [cxt 0] Transmitting packet of size 70 out of port 0
[14:54:45.007] [bmv2] [D] [thread 22509] [43.0] [cxt 0] Processing packet received on port 3
[14:54:45.007] [bmv2] [D] [thread 22509] [43.0] [cxt 0] Parser 'parser': start
[14:54:45.007] [bmv2] [D] [thread 22509] [43.0] [cxt 0] Parser 'parser' entering state 'start'
[14:54:45.007] [bmv2] [D] [thread 22509] [43.0] [cxt 0] Extracting header 'ethernet'
[14:54:45.007] [bmv2] [D] [thread 22509] [43.0] [cxt 0] Parser state 'start': key is 86dd
[14:54:45.007] [bmv2] [T] [thread 22509] [43.0] [cxt 0] Bytes parsed: 14
[14:54:45.007] [bmv2] [D] [thread 22509] [43.0] [cxt 0] Parser 'parser': end
[14:54:45.007] [bmv2] [D] [thread 22509] [43.0] [cxt 0] Pipeline 'ingress': start
[14:54:45.007] [bmv2] [T] [thread 22509] [43.0] [cxt 0] int.p4(257) Condition "hdr.ipv4.isValid()" (node_2) is false
[14:54:45.007] [bmv2] [D] [thread 22509] [43.0] [cxt 0] Pipeline 'ingress': end
[14:54:45.007] [bmv2] [D] [thread 22509] [43.0] [cxt 0] Egress port is 0
[14:54:45.007] [bmv2] [D] [thread 22510] [43.0] [cxt 0] Pipeline 'egress': start
[14:54:45.007] [bmv2] [T] [thread 22510] [43.0] [cxt 0] int.p4(331) Condition "standard_metadata.instance_type == 0" (node_14) is true
[14:54:45.007] [bmv2] [T] [thread 22510] [43.0] [cxt 0] int.p4(332) Condition "hdr.ipv4_option.optionLength==4" (node_15) is false
[14:54:45.007] [bmv2] [T] [thread 22510] [43.0] [cxt 0] int.p4(340) Condition "standard_metadata.instance_type == 1" (node_18) is false
[14:54:45.007] [bmv2] [D] [thread 22510] [43.0] [cxt 0] Pipeline 'egress': end
[14:54:45.007] [bmv2] [D] [thread 22510] [43.0] [cxt 0] Deparser 'deparser': start
[14:54:45.007] [bmv2] [T] [thread 22510] [43.0] [cxt 0] Skipping checksum 'cksum' update because condition not met
[14:54:45.007] [bmv2] [D] [thread 22510] [43.0] [cxt 0] Deparsing header 'ethernet'
[14:54:45.007] [bmv2] [D] [thread 22510] [43.0] [cxt 0] Deparser 'deparser': end
[14:54:45.008] [bmv2] [D] [thread 22514] [43.0] [cxt 0] Transmitting packet of size 70 out of port 0
[14:55:17.772] [bmv2] [D] [thread 22509] [44.0] [cxt 0] Processing packet received on port 2
[14:55:17.772] [bmv2] [D] [thread 22509] [44.0] [cxt 0] Parser 'parser': start
[14:55:17.772] [bmv2] [D] [thread 22509] [44.0] [cxt 0] Parser 'parser' entering state 'start'
[14:55:17.772] [bmv2] [D] [thread 22509] [44.0] [cxt 0] Extracting header 'ethernet'
[14:55:17.772] [bmv2] [D] [thread 22509] [44.0] [cxt 0] Parser state 'start': key is 86dd
[14:55:17.772] [bmv2] [T] [thread 22509] [44.0] [cxt 0] Bytes parsed: 14
[14:55:17.772] [bmv2] [D] [thread 22509] [44.0] [cxt 0] Parser 'parser': end
[14:55:17.772] [bmv2] [D] [thread 22509] [44.0] [cxt 0] Pipeline 'ingress': start
[14:55:17.772] [bmv2] [T] [thread 22509] [44.0] [cxt 0] int.p4(257) Condition "hdr.ipv4.isValid()" (node_2) is false
[14:55:17.772] [bmv2] [D] [thread 22509] [44.0] [cxt 0] Pipeline 'ingress': end
[14:55:17.772] [bmv2] [D] [thread 22509] [44.0] [cxt 0] Egress port is 0
[14:55:17.772] [bmv2] [D] [thread 22510] [44.0] [cxt 0] Pipeline 'egress': start
[14:55:17.772] [bmv2] [T] [thread 22510] [44.0] [cxt 0] int.p4(331) Condition "standard_metadata.instance_type == 0" (node_14) is true
[14:55:17.772] [bmv2] [T] [thread 22510] [44.0] [cxt 0] int.p4(332) Condition "hdr.ipv4_option.optionLength==4" (node_15) is false
[14:55:17.772] [bmv2] [T] [thread 22510] [44.0] [cxt 0] int.p4(340) Condition "standard_metadata.instance_type == 1" (node_18) is false
[14:55:17.772] [bmv2] [D] [thread 22510] [44.0] [cxt 0] Pipeline 'egress': end
[14:55:17.772] [bmv2] [D] [thread 22510] [44.0] [cxt 0] Deparser 'deparser': start
[14:55:17.772] [bmv2] [T] [thread 22510] [44.0] [cxt 0] Skipping checksum 'cksum' update because condition not met
[14:55:17.772] [bmv2] [D] [thread 22510] [44.0] [cxt 0] Deparsing header 'ethernet'
[14:55:17.772] [bmv2] [D] [thread 22510] [44.0] [cxt 0] Deparser 'deparser': end
[14:55:17.772] [bmv2] [D] [thread 22514] [44.0] [cxt 0] Transmitting packet of size 70 out of port 0
[15:00:12.690] [bmv2] [D] [thread 22509] [45.0] [cxt 0] Processing packet received on port 4
[15:00:12.690] [bmv2] [D] [thread 22509] [45.0] [cxt 0] Parser 'parser': start
[15:00:12.690] [bmv2] [D] [thread 22509] [45.0] [cxt 0] Parser 'parser' entering state 'start'
[15:00:12.690] [bmv2] [D] [thread 22509] [45.0] [cxt 0] Extracting header 'ethernet'
[15:00:12.690] [bmv2] [D] [thread 22509] [45.0] [cxt 0] Parser state 'start': key is 86dd
[15:00:12.690] [bmv2] [T] [thread 22509] [45.0] [cxt 0] Bytes parsed: 14
[15:00:12.690] [bmv2] [D] [thread 22509] [45.0] [cxt 0] Parser 'parser': end
[15:00:12.690] [bmv2] [D] [thread 22509] [45.0] [cxt 0] Pipeline 'ingress': start
[15:00:12.690] [bmv2] [T] [thread 22509] [45.0] [cxt 0] int.p4(257) Condition "hdr.ipv4.isValid()" (node_2) is false
[15:00:12.690] [bmv2] [D] [thread 22509] [45.0] [cxt 0] Pipeline 'ingress': end
[15:00:12.690] [bmv2] [D] [thread 22509] [45.0] [cxt 0] Egress port is 0
[15:00:12.690] [bmv2] [D] [thread 22510] [45.0] [cxt 0] Pipeline 'egress': start
[15:00:12.690] [bmv2] [T] [thread 22510] [45.0] [cxt 0] int.p4(331) Condition "standard_metadata.instance_type == 0" (node_14) is true
[15:00:12.690] [bmv2] [T] [thread 22510] [45.0] [cxt 0] int.p4(332) Condition "hdr.ipv4_option.optionLength==4" (node_15) is false
[15:00:12.690] [bmv2] [T] [thread 22510] [45.0] [cxt 0] int.p4(340) Condition "standard_metadata.instance_type == 1" (node_18) is false
[15:00:12.690] [bmv2] [D] [thread 22510] [45.0] [cxt 0] Pipeline 'egress': end
[15:00:12.690] [bmv2] [D] [thread 22510] [45.0] [cxt 0] Deparser 'deparser': start
[15:00:12.690] [bmv2] [T] [thread 22510] [45.0] [cxt 0] Skipping checksum 'cksum' update because condition not met
[15:00:12.690] [bmv2] [D] [thread 22510] [45.0] [cxt 0] Deparsing header 'ethernet'
[15:00:12.690] [bmv2] [D] [thread 22510] [45.0] [cxt 0] Deparser 'deparser': end
[15:00:12.690] [bmv2] [D] [thread 22514] [45.0] [cxt 0] Transmitting packet of size 70 out of port 0
open: No such file or directory
open: No such file or directory
open: No such file or directory
open: No such file or directory
open: No such file or directory
open: No such file or directory
open: No such file or directory
open: No such file or directory
open: No such file or directory
open: No such file or directory
open: No such file or directory
open: No such file or directory
open: No such file or directory
