Calling target program-options parser
[07:14:18.085] [bmv2] [D] [thread 5040] Set default default entry for table 'MyIngress.ipv4_lpm': NoAction - 
[07:14:18.086] [bmv2] [D] [thread 5040] Set default default entry for table 'tbl_activate_INT': MyIngress.activate_INT - 
[07:14:18.086] [bmv2] [D] [thread 5040] Set default default entry for table 'MyIngress.INT_tab': NoAction - 
[07:14:18.086] [bmv2] [D] [thread 5040] Set default default entry for table 'MyIngress.sink_config': NoAction - 
[07:14:18.086] [bmv2] [D] [thread 5040] Set default default entry for table 'tbl_int285': int285 - 
[07:14:18.087] [bmv2] [D] [thread 5040] Set default default entry for table 'tbl_remove_sink_header': MyEgress.remove_sink_header - 
[07:14:18.087] [bmv2] [D] [thread 5040] Set default default entry for table 'MyEgress.direct_report': NoAction - 
[07:14:18.087] [bmv2] [D] [thread 5040] Set default default entry for table 'tbl_int343': int343 - 
Adding interface s6-eth1 as port 1
[07:14:18.088] [bmv2] [D] [thread 5040] Adding interface s6-eth1 as port 1
Adding interface s6-eth2 as port 2
[07:14:18.118] [bmv2] [D] [thread 5040] Adding interface s6-eth2 as port 2
Adding interface s6-eth3 as port 3
[07:14:18.179] [bmv2] [D] [thread 5040] Adding interface s6-eth3 as port 3
Adding interface s6-eth4 as port 4
[07:14:18.210] [bmv2] [D] [thread 5040] Adding interface s6-eth4 as port 4
Server listening on 0.0.0.0:50056
[07:14:18.267] [bmv2] [I] [thread 5040] Starting Thrift server on port 9095
[07:14:18.267] [bmv2] [I] [thread 5040] Thrift server was started
[07:14:18.269] [bmv2] [D] [thread 5050] [0.0] [cxt 0] Processing packet received on port 1
[07:14:18.269] [bmv2] [D] [thread 5050] [0.0] [cxt 0] Parser 'parser': start
[07:14:18.269] [bmv2] [D] [thread 5050] [0.0] [cxt 0] Parser 'parser' entering state 'start'
[07:14:18.269] [bmv2] [D] [thread 5050] [0.0] [cxt 0] Extracting header 'ethernet'
[07:14:18.269] [bmv2] [D] [thread 5050] [0.0] [cxt 0] Parser state 'start': key is 86dd
[07:14:18.269] [bmv2] [T] [thread 5050] [0.0] [cxt 0] Bytes parsed: 14
[07:14:18.269] [bmv2] [D] [thread 5050] [0.0] [cxt 0] Parser 'parser': end
[07:14:18.269] [bmv2] [D] [thread 5050] [0.0] [cxt 0] Pipeline 'ingress': start
[07:14:18.269] [bmv2] [T] [thread 5050] [0.0] [cxt 0] int.p4(257) Condition "hdr.ipv4.isValid()" (node_2) is false
[07:14:18.269] [bmv2] [D] [thread 5050] [0.0] [cxt 0] Pipeline 'ingress': end
[07:14:18.269] [bmv2] [D] [thread 5050] [0.0] [cxt 0] Egress port is 0
[07:14:18.269] [bmv2] [D] [thread 5051] [0.0] [cxt 0] Pipeline 'egress': start
[07:14:18.269] [bmv2] [T] [thread 5051] [0.0] [cxt 0] int.p4(331) Condition "standard_metadata.instance_type == 0" (node_14) is true
[07:14:18.269] [bmv2] [T] [thread 5051] [0.0] [cxt 0] int.p4(332) Condition "hdr.ipv4_option.optionLength==4" (node_15) is false
[07:14:18.269] [bmv2] [T] [thread 5051] [0.0] [cxt 0] int.p4(340) Condition "standard_metadata.instance_type == 1" (node_18) is false
[07:14:18.269] [bmv2] [D] [thread 5051] [0.0] [cxt 0] Pipeline 'egress': end
[07:14:18.269] [bmv2] [D] [thread 5051] [0.0] [cxt 0] Deparser 'deparser': start
[07:14:18.269] [bmv2] [T] [thread 5051] [0.0] [cxt 0] Skipping checksum 'cksum' update because condition not met
[07:14:18.269] [bmv2] [D] [thread 5051] [0.0] [cxt 0] Deparsing header 'ethernet'
[07:14:18.269] [bmv2] [D] [thread 5051] [0.0] [cxt 0] Deparser 'deparser': end
[07:14:18.270] [bmv2] [D] [thread 5055] [0.0] [cxt 0] Transmitting packet of size 70 out of port 0
[07:14:18.661] [bmv2] [D] [thread 5050] [1.0] [cxt 0] Processing packet received on port 3
[07:14:18.661] [bmv2] [D] [thread 5050] [1.0] [cxt 0] Parser 'parser': start
[07:14:18.661] [bmv2] [D] [thread 5050] [1.0] [cxt 0] Parser 'parser' entering state 'start'
[07:14:18.661] [bmv2] [D] [thread 5050] [1.0] [cxt 0] Extracting header 'ethernet'
[07:14:18.661] [bmv2] [D] [thread 5050] [1.0] [cxt 0] Parser state 'start': key is 86dd
[07:14:18.661] [bmv2] [T] [thread 5050] [1.0] [cxt 0] Bytes parsed: 14
[07:14:18.661] [bmv2] [D] [thread 5050] [1.0] [cxt 0] Parser 'parser': end
[07:14:18.661] [bmv2] [D] [thread 5050] [1.0] [cxt 0] Pipeline 'ingress': start
[07:14:18.661] [bmv2] [T] [thread 5050] [1.0] [cxt 0] int.p4(257) Condition "hdr.ipv4.isValid()" (node_2) is false
[07:14:18.662] [bmv2] [D] [thread 5050] [1.0] [cxt 0] Pipeline 'ingress': end
[07:14:18.662] [bmv2] [D] [thread 5050] [1.0] [cxt 0] Egress port is 0
[07:14:18.662] [bmv2] [D] [thread 5050] [2.0] [cxt 0] Processing packet received on port 4
[07:14:18.662] [bmv2] [D] [thread 5050] [2.0] [cxt 0] Parser 'parser': start
[07:14:18.662] [bmv2] [D] [thread 5050] [2.0] [cxt 0] Parser 'parser' entering state 'start'
[07:14:18.662] [bmv2] [D] [thread 5050] [2.0] [cxt 0] Extracting header 'ethernet'
[07:14:18.662] [bmv2] [D] [thread 5050] [2.0] [cxt 0] Parser state 'start': key is 86dd
[07:14:18.662] [bmv2] [T] [thread 5050] [2.0] [cxt 0] Bytes parsed: 14
[07:14:18.662] [bmv2] [D] [thread 5050] [2.0] [cxt 0] Parser 'parser': end
[07:14:18.662] [bmv2] [D] [thread 5050] [2.0] [cxt 0] Pipeline 'ingress': start
[07:14:18.662] [bmv2] [T] [thread 5050] [2.0] [cxt 0] int.p4(257) Condition "hdr.ipv4.isValid()" (node_2) is false
[07:14:18.662] [bmv2] [D] [thread 5050] [2.0] [cxt 0] Pipeline 'ingress': end
[07:14:18.662] [bmv2] [D] [thread 5050] [2.0] [cxt 0] Egress port is 0
[07:14:18.662] [bmv2] [D] [thread 5050] [3.0] [cxt 0] Processing packet received on port 2
[07:14:18.662] [bmv2] [D] [thread 5050] [3.0] [cxt 0] Parser 'parser': start
[07:14:18.662] [bmv2] [D] [thread 5050] [3.0] [cxt 0] Parser 'parser' entering state 'start'
[07:14:18.662] [bmv2] [D] [thread 5050] [3.0] [cxt 0] Extracting header 'ethernet'
[07:14:18.662] [bmv2] [D] [thread 5050] [3.0] [cxt 0] Parser state 'start': key is 86dd
[07:14:18.662] [bmv2] [T] [thread 5050] [3.0] [cxt 0] Bytes parsed: 14
[07:14:18.662] [bmv2] [D] [thread 5050] [3.0] [cxt 0] Parser 'parser': end
[07:14:18.662] [bmv2] [D] [thread 5050] [3.0] [cxt 0] Pipeline 'ingress': start
[07:14:18.662] [bmv2] [T] [thread 5050] [3.0] [cxt 0] int.p4(257) Condition "hdr.ipv4.isValid()" (node_2) is false
[07:14:18.662] [bmv2] [D] [thread 5050] [3.0] [cxt 0] Pipeline 'ingress': end
[07:14:18.662] [bmv2] [D] [thread 5050] [3.0] [cxt 0] Egress port is 0
[07:14:18.664] [bmv2] [D] [thread 5051] [1.0] [cxt 0] Pipeline 'egress': start
[07:14:18.664] [bmv2] [T] [thread 5051] [1.0] [cxt 0] int.p4(331) Condition "standard_metadata.instance_type == 0" (node_14) is true
[07:14:18.664] [bmv2] [T] [thread 5051] [1.0] [cxt 0] int.p4(332) Condition "hdr.ipv4_option.optionLength==4" (node_15) is false
[07:14:18.664] [bmv2] [T] [thread 5051] [1.0] [cxt 0] int.p4(340) Condition "standard_metadata.instance_type == 1" (node_18) is false
[07:14:18.664] [bmv2] [D] [thread 5051] [1.0] [cxt 0] Pipeline 'egress': end
[07:14:18.664] [bmv2] [D] [thread 5051] [1.0] [cxt 0] Deparser 'deparser': start
[07:14:18.664] [bmv2] [T] [thread 5051] [1.0] [cxt 0] Skipping checksum 'cksum' update because condition not met
[07:14:18.665] [bmv2] [D] [thread 5051] [1.0] [cxt 0] Deparsing header 'ethernet'
[07:14:18.665] [bmv2] [D] [thread 5051] [1.0] [cxt 0] Deparser 'deparser': end
[07:14:18.665] [bmv2] [D] [thread 5051] [2.0] [cxt 0] Pipeline 'egress': start
[07:14:18.665] [bmv2] [T] [thread 5051] [2.0] [cxt 0] int.p4(331) Condition "standard_metadata.instance_type == 0" (node_14) is true
[07:14:18.665] [bmv2] [T] [thread 5051] [2.0] [cxt 0] int.p4(332) Condition "hdr.ipv4_option.optionLength==4" (node_15) is false
[07:14:18.665] [bmv2] [T] [thread 5051] [2.0] [cxt 0] int.p4(340) Condition "standard_metadata.instance_type == 1" (node_18) is false
[07:14:18.665] [bmv2] [D] [thread 5051] [2.0] [cxt 0] Pipeline 'egress': end
[07:14:18.665] [bmv2] [D] [thread 5051] [2.0] [cxt 0] Deparser 'deparser': start
[07:14:18.665] [bmv2] [T] [thread 5051] [2.0] [cxt 0] Skipping checksum 'cksum' update because condition not met
[07:14:18.665] [bmv2] [D] [thread 5051] [2.0] [cxt 0] Deparsing header 'ethernet'
[07:14:18.668] [bmv2] [D] [thread 5055] [1.0] [cxt 0] Transmitting packet of size 70 out of port 0
[07:14:18.668] [bmv2] [D] [thread 5051] [2.0] [cxt 0] Deparser 'deparser': end
[07:14:18.668] [bmv2] [D] [thread 5051] [3.0] [cxt 0] Pipeline 'egress': start
[07:14:18.668] [bmv2] [T] [thread 5051] [3.0] [cxt 0] int.p4(331) Condition "standard_metadata.instance_type == 0" (node_14) is true
[07:14:18.668] [bmv2] [T] [thread 5051] [3.0] [cxt 0] int.p4(332) Condition "hdr.ipv4_option.optionLength==4" (node_15) is false
[07:14:18.668] [bmv2] [T] [thread 5051] [3.0] [cxt 0] int.p4(340) Condition "standard_metadata.instance_type == 1" (node_18) is false
[07:14:18.668] [bmv2] [D] [thread 5051] [3.0] [cxt 0] Pipeline 'egress': end
[07:14:18.668] [bmv2] [D] [thread 5051] [3.0] [cxt 0] Deparser 'deparser': start
[07:14:18.668] [bmv2] [T] [thread 5051] [3.0] [cxt 0] Skipping checksum 'cksum' update because condition not met
[07:14:18.668] [bmv2] [D] [thread 5051] [3.0] [cxt 0] Deparsing header 'ethernet'
[07:14:18.668] [bmv2] [D] [thread 5051] [3.0] [cxt 0] Deparser 'deparser': end
[07:14:18.669] [bmv2] [D] [thread 5055] [2.0] [cxt 0] Transmitting packet of size 70 out of port 0
[07:14:18.669] [bmv2] [D] [thread 5055] [3.0] [cxt 0] Transmitting packet of size 70 out of port 0
[07:14:18.914] [bmv2] [D] [thread 5050] [4.0] [cxt 0] Processing packet received on port 2
[07:14:18.914] [bmv2] [D] [thread 5050] [4.0] [cxt 0] Parser 'parser': start
[07:14:18.914] [bmv2] [D] [thread 5050] [4.0] [cxt 0] Parser 'parser' entering state 'start'
[07:14:18.914] [bmv2] [D] [thread 5050] [4.0] [cxt 0] Extracting header 'ethernet'
[07:14:18.914] [bmv2] [D] [thread 5050] [4.0] [cxt 0] Parser state 'start': key is 86dd
[07:14:18.914] [bmv2] [T] [thread 5050] [4.0] [cxt 0] Bytes parsed: 14
[07:14:18.914] [bmv2] [D] [thread 5050] [4.0] [cxt 0] Parser 'parser': end
[07:14:18.914] [bmv2] [D] [thread 5050] [4.0] [cxt 0] Pipeline 'ingress': start
[07:14:18.914] [bmv2] [T] [thread 5050] [4.0] [cxt 0] int.p4(257) Condition "hdr.ipv4.isValid()" (node_2) is false
[07:14:18.914] [bmv2] [D] [thread 5050] [4.0] [cxt 0] Pipeline 'ingress': end
[07:14:18.914] [bmv2] [D] [thread 5050] [4.0] [cxt 0] Egress port is 0
[07:14:18.914] [bmv2] [D] [thread 5051] [4.0] [cxt 0] Pipeline 'egress': start
[07:14:18.914] [bmv2] [T] [thread 5051] [4.0] [cxt 0] int.p4(331) Condition "standard_metadata.instance_type == 0" (node_14) is true
[07:14:18.914] [bmv2] [T] [thread 5051] [4.0] [cxt 0] int.p4(332) Condition "hdr.ipv4_option.optionLength==4" (node_15) is false
[07:14:18.914] [bmv2] [T] [thread 5051] [4.0] [cxt 0] int.p4(340) Condition "standard_metadata.instance_type == 1" (node_18) is false
[07:14:18.915] [bmv2] [D] [thread 5051] [4.0] [cxt 0] Pipeline 'egress': end
[07:14:18.915] [bmv2] [D] [thread 5051] [4.0] [cxt 0] Deparser 'deparser': start
[07:14:18.915] [bmv2] [T] [thread 5051] [4.0] [cxt 0] Skipping checksum 'cksum' update because condition not met
[07:14:18.915] [bmv2] [D] [thread 5051] [4.0] [cxt 0] Deparsing header 'ethernet'
[07:14:18.915] [bmv2] [D] [thread 5051] [4.0] [cxt 0] Deparser 'deparser': end
[07:14:18.915] [bmv2] [D] [thread 5055] [4.0] [cxt 0] Transmitting packet of size 70 out of port 0
[07:14:19.173] [bmv2] [D] [thread 5050] [5.0] [cxt 0] Processing packet received on port 4
[07:14:19.173] [bmv2] [D] [thread 5050] [5.0] [cxt 0] Parser 'parser': start
[07:14:19.173] [bmv2] [D] [thread 5050] [5.0] [cxt 0] Parser 'parser' entering state 'start'
[07:14:19.173] [bmv2] [D] [thread 5050] [5.0] [cxt 0] Extracting header 'ethernet'
[07:14:19.173] [bmv2] [D] [thread 5050] [5.0] [cxt 0] Parser state 'start': key is 86dd
[07:14:19.173] [bmv2] [T] [thread 5050] [5.0] [cxt 0] Bytes parsed: 14
[07:14:19.173] [bmv2] [D] [thread 5050] [5.0] [cxt 0] Parser 'parser': end
[07:14:19.173] [bmv2] [D] [thread 5050] [5.0] [cxt 0] Pipeline 'ingress': start
[07:14:19.173] [bmv2] [T] [thread 5050] [5.0] [cxt 0] int.p4(257) Condition "hdr.ipv4.isValid()" (node_2) is false
[07:14:19.173] [bmv2] [D] [thread 5050] [5.0] [cxt 0] Pipeline 'ingress': end
[07:14:19.173] [bmv2] [D] [thread 5050] [5.0] [cxt 0] Egress port is 0
[07:14:19.174] [bmv2] [D] [thread 5051] [5.0] [cxt 0] Pipeline 'egress': start
[07:14:19.174] [bmv2] [T] [thread 5051] [5.0] [cxt 0] int.p4(331) Condition "standard_metadata.instance_type == 0" (node_14) is true
[07:14:19.174] [bmv2] [T] [thread 5051] [5.0] [cxt 0] int.p4(332) Condition "hdr.ipv4_option.optionLength==4" (node_15) is false
[07:14:19.174] [bmv2] [T] [thread 5051] [5.0] [cxt 0] int.p4(340) Condition "standard_metadata.instance_type == 1" (node_18) is false
[07:14:19.174] [bmv2] [D] [thread 5051] [5.0] [cxt 0] Pipeline 'egress': end
[07:14:19.174] [bmv2] [D] [thread 5051] [5.0] [cxt 0] Deparser 'deparser': start
[07:14:19.174] [bmv2] [T] [thread 5051] [5.0] [cxt 0] Skipping checksum 'cksum' update because condition not met
[07:14:19.174] [bmv2] [D] [thread 5051] [5.0] [cxt 0] Deparsing header 'ethernet'
[07:14:19.174] [bmv2] [D] [thread 5051] [5.0] [cxt 0] Deparser 'deparser': end
[07:14:19.174] [bmv2] [D] [thread 5055] [5.0] [cxt 0] Transmitting packet of size 70 out of port 0
[07:14:19.426] [bmv2] [D] [thread 5050] [6.0] [cxt 0] Processing packet received on port 3
[07:14:19.426] [bmv2] [D] [thread 5050] [6.0] [cxt 0] Parser 'parser': start
[07:14:19.426] [bmv2] [D] [thread 5050] [6.0] [cxt 0] Parser 'parser' entering state 'start'
[07:14:19.426] [bmv2] [D] [thread 5050] [6.0] [cxt 0] Extracting header 'ethernet'
[07:14:19.426] [bmv2] [D] [thread 5050] [6.0] [cxt 0] Parser state 'start': key is 86dd
[07:14:19.426] [bmv2] [T] [thread 5050] [6.0] [cxt 0] Bytes parsed: 14
[07:14:19.426] [bmv2] [D] [thread 5050] [6.0] [cxt 0] Parser 'parser': end
[07:14:19.426] [bmv2] [D] [thread 5050] [6.0] [cxt 0] Pipeline 'ingress': start
[07:14:19.426] [bmv2] [T] [thread 5050] [6.0] [cxt 0] int.p4(257) Condition "hdr.ipv4.isValid()" (node_2) is false
[07:14:19.426] [bmv2] [D] [thread 5050] [6.0] [cxt 0] Pipeline 'ingress': end
[07:14:19.426] [bmv2] [D] [thread 5050] [6.0] [cxt 0] Egress port is 0
[07:14:19.426] [bmv2] [D] [thread 5051] [6.0] [cxt 0] Pipeline 'egress': start
[07:14:19.426] [bmv2] [T] [thread 5051] [6.0] [cxt 0] int.p4(331) Condition "standard_metadata.instance_type == 0" (node_14) is true
[07:14:19.427] [bmv2] [T] [thread 5051] [6.0] [cxt 0] int.p4(332) Condition "hdr.ipv4_option.optionLength==4" (node_15) is false
[07:14:19.427] [bmv2] [T] [thread 5051] [6.0] [cxt 0] int.p4(340) Condition "standard_metadata.instance_type == 1" (node_18) is false
[07:14:19.427] [bmv2] [D] [thread 5051] [6.0] [cxt 0] Pipeline 'egress': end
[07:14:19.427] [bmv2] [D] [thread 5051] [6.0] [cxt 0] Deparser 'deparser': start
[07:14:19.427] [bmv2] [T] [thread 5051] [6.0] [cxt 0] Skipping checksum 'cksum' update because condition not met
[07:14:19.427] [bmv2] [D] [thread 5051] [6.0] [cxt 0] Deparsing header 'ethernet'
[07:14:19.427] [bmv2] [D] [thread 5051] [6.0] [cxt 0] Deparser 'deparser': end
[07:14:19.427] [bmv2] [D] [thread 5055] [6.0] [cxt 0] Transmitting packet of size 70 out of port 0
