Calling target program-options parser
[07:14:18.713] [bmv2] [D] [thread 5057] Set default default entry for table 'MyIngress.ipv4_lpm': NoAction - 
[07:14:18.713] [bmv2] [D] [thread 5057] Set default default entry for table 'tbl_activate_INT': MyIngress.activate_INT - 
[07:14:18.713] [bmv2] [D] [thread 5057] Set default default entry for table 'MyIngress.INT_tab': NoAction - 
[07:14:18.713] [bmv2] [D] [thread 5057] Set default default entry for table 'MyIngress.sink_config': NoAction - 
[07:14:18.713] [bmv2] [D] [thread 5057] Set default default entry for table 'tbl_int285': int285 - 
[07:14:18.714] [bmv2] [D] [thread 5057] Set default default entry for table 'tbl_remove_sink_header': MyEgress.remove_sink_header - 
[07:14:18.714] [bmv2] [D] [thread 5057] Set default default entry for table 'MyEgress.direct_report': NoAction - 
[07:14:18.714] [bmv2] [D] [thread 5057] Set default default entry for table 'tbl_int343': int343 - 
Adding interface s7-eth1 as port 1
[07:14:18.716] [bmv2] [D] [thread 5057] Adding interface s7-eth1 as port 1
Adding interface s7-eth2 as port 2
[07:14:18.766] [bmv2] [D] [thread 5057] Adding interface s7-eth2 as port 2
Adding interface s7-eth4 as port 4
[07:14:18.810] [bmv2] [D] [thread 5057] Adding interface s7-eth4 as port 4
Server listening on 0.0.0.0:50057
[07:14:18.893] [bmv2] [I] [thread 5057] Starting Thrift server on port 9096
[07:14:18.894] [bmv2] [I] [thread 5057] Thrift server was started
[07:14:18.918] [bmv2] [D] [thread 5067] [0.0] [cxt 0] Processing packet received on port 1
[07:14:18.918] [bmv2] [D] [thread 5067] [0.0] [cxt 0] Parser 'parser': start
[07:14:18.918] [bmv2] [D] [thread 5067] [0.0] [cxt 0] Parser 'parser' entering state 'start'
[07:14:18.918] [bmv2] [D] [thread 5067] [0.0] [cxt 0] Extracting header 'ethernet'
[07:14:18.918] [bmv2] [D] [thread 5067] [0.0] [cxt 0] Parser state 'start': key is 86dd
[07:14:18.918] [bmv2] [T] [thread 5067] [0.0] [cxt 0] Bytes parsed: 14
[07:14:18.918] [bmv2] [D] [thread 5067] [0.0] [cxt 0] Parser 'parser': end
[07:14:18.918] [bmv2] [D] [thread 5067] [0.0] [cxt 0] Pipeline 'ingress': start
[07:14:18.918] [bmv2] [T] [thread 5067] [0.0] [cxt 0] int.p4(257) Condition "hdr.ipv4.isValid()" (node_2) is false
[07:14:18.918] [bmv2] [D] [thread 5067] [0.0] [cxt 0] Pipeline 'ingress': end
[07:14:18.918] [bmv2] [D] [thread 5067] [0.0] [cxt 0] Egress port is 0
[07:14:18.918] [bmv2] [D] [thread 5067] [1.0] [cxt 0] Processing packet received on port 1
[07:14:18.918] [bmv2] [D] [thread 5067] [1.0] [cxt 0] Parser 'parser': start
[07:14:18.918] [bmv2] [D] [thread 5067] [1.0] [cxt 0] Parser 'parser' entering state 'start'
[07:14:18.918] [bmv2] [D] [thread 5067] [1.0] [cxt 0] Extracting header 'ethernet'
[07:14:18.918] [bmv2] [D] [thread 5067] [1.0] [cxt 0] Parser state 'start': key is 86dd
[07:14:18.918] [bmv2] [T] [thread 5067] [1.0] [cxt 0] Bytes parsed: 14
[07:14:18.918] [bmv2] [D] [thread 5067] [1.0] [cxt 0] Parser 'parser': end
[07:14:18.918] [bmv2] [D] [thread 5067] [1.0] [cxt 0] Pipeline 'ingress': start
[07:14:18.918] [bmv2] [T] [thread 5067] [1.0] [cxt 0] int.p4(257) Condition "hdr.ipv4.isValid()" (node_2) is false
[07:14:18.918] [bmv2] [D] [thread 5067] [1.0] [cxt 0] Pipeline 'ingress': end
[07:14:18.918] [bmv2] [D] [thread 5067] [1.0] [cxt 0] Egress port is 0
[07:14:18.919] [bmv2] [D] [thread 5068] [0.0] [cxt 0] Pipeline 'egress': start
[07:14:18.919] [bmv2] [T] [thread 5068] [0.0] [cxt 0] int.p4(331) Condition "standard_metadata.instance_type == 0" (node_14) is true
[07:14:18.919] [bmv2] [T] [thread 5068] [0.0] [cxt 0] int.p4(332) Condition "hdr.ipv4_option.optionLength==4" (node_15) is false
[07:14:18.919] [bmv2] [T] [thread 5068] [0.0] [cxt 0] int.p4(340) Condition "standard_metadata.instance_type == 1" (node_18) is false
[07:14:18.919] [bmv2] [D] [thread 5068] [0.0] [cxt 0] Pipeline 'egress': end
[07:14:18.919] [bmv2] [D] [thread 5068] [0.0] [cxt 0] Deparser 'deparser': start
[07:14:18.919] [bmv2] [T] [thread 5068] [0.0] [cxt 0] Skipping checksum 'cksum' update because condition not met
[07:14:18.919] [bmv2] [D] [thread 5068] [0.0] [cxt 0] Deparsing header 'ethernet'
[07:14:18.919] [bmv2] [D] [thread 5068] [0.0] [cxt 0] Deparser 'deparser': end
[07:14:18.919] [bmv2] [D] [thread 5068] [1.0] [cxt 0] Pipeline 'egress': start
[07:14:18.919] [bmv2] [T] [thread 5068] [1.0] [cxt 0] int.p4(331) Condition "standard_metadata.instance_type == 0" (node_14) is true
[07:14:18.919] [bmv2] [T] [thread 5068] [1.0] [cxt 0] int.p4(332) Condition "hdr.ipv4_option.optionLength==4" (node_15) is false
[07:14:18.919] [bmv2] [T] [thread 5068] [1.0] [cxt 0] int.p4(340) Condition "standard_metadata.instance_type == 1" (node_18) is false
[07:14:18.919] [bmv2] [D] [thread 5068] [1.0] [cxt 0] Pipeline 'egress': end
[07:14:18.919] [bmv2] [D] [thread 5068] [1.0] [cxt 0] Deparser 'deparser': start
[07:14:18.919] [bmv2] [T] [thread 5068] [1.0] [cxt 0] Skipping checksum 'cksum' update because condition not met
[07:14:18.919] [bmv2] [D] [thread 5068] [1.0] [cxt 0] Deparsing header 'ethernet'
[07:14:18.919] [bmv2] [D] [thread 5068] [1.0] [cxt 0] Deparser 'deparser': end
[07:14:18.919] [bmv2] [D] [thread 5072] [0.0] [cxt 0] Transmitting packet of size 70 out of port 0
[07:14:18.919] [bmv2] [D] [thread 5072] [1.0] [cxt 0] Transmitting packet of size 70 out of port 0
[07:14:19.171] [bmv2] [D] [thread 5067] [2.0] [cxt 0] Processing packet received on port 4
[07:14:19.171] [bmv2] [D] [thread 5067] [2.0] [cxt 0] Parser 'parser': start
[07:14:19.171] [bmv2] [D] [thread 5067] [2.0] [cxt 0] Parser 'parser' entering state 'start'
[07:14:19.171] [bmv2] [D] [thread 5067] [2.0] [cxt 0] Extracting header 'ethernet'
[07:14:19.171] [bmv2] [D] [thread 5067] [2.0] [cxt 0] Parser state 'start': key is 86dd
[07:14:19.171] [bmv2] [T] [thread 5067] [2.0] [cxt 0] Bytes parsed: 14
[07:14:19.171] [bmv2] [D] [thread 5067] [2.0] [cxt 0] Parser 'parser': end
[07:14:19.171] [bmv2] [D] [thread 5067] [2.0] [cxt 0] Pipeline 'ingress': start
[07:14:19.171] [bmv2] [T] [thread 5067] [2.0] [cxt 0] int.p4(257) Condition "hdr.ipv4.isValid()" (node_2) is false
[07:14:19.171] [bmv2] [D] [thread 5067] [2.0] [cxt 0] Pipeline 'ingress': end
[07:14:19.171] [bmv2] [D] [thread 5067] [2.0] [cxt 0] Egress port is 0
[07:14:19.171] [bmv2] [D] [thread 5067] [3.0] [cxt 0] Processing packet received on port 4
[07:14:19.171] [bmv2] [D] [thread 5067] [3.0] [cxt 0] Parser 'parser': start
[07:14:19.171] [bmv2] [D] [thread 5067] [3.0] [cxt 0] Parser 'parser' entering state 'start'
[07:14:19.171] [bmv2] [D] [thread 5067] [3.0] [cxt 0] Extracting header 'ethernet'
[07:14:19.171] [bmv2] [D] [thread 5067] [3.0] [cxt 0] Parser state 'start': key is 86dd
[07:14:19.171] [bmv2] [T] [thread 5067] [3.0] [cxt 0] Bytes parsed: 14
[07:14:19.172] [bmv2] [D] [thread 5067] [3.0] [cxt 0] Parser 'parser': end
[07:14:19.172] [bmv2] [D] [thread 5067] [3.0] [cxt 0] Pipeline 'ingress': start
[07:14:19.172] [bmv2] [T] [thread 5067] [3.0] [cxt 0] int.p4(257) Condition "hdr.ipv4.isValid()" (node_2) is false
[07:14:19.172] [bmv2] [D] [thread 5067] [3.0] [cxt 0] Pipeline 'ingress': end
[07:14:19.172] [bmv2] [D] [thread 5067] [3.0] [cxt 0] Egress port is 0
[07:14:19.172] [bmv2] [D] [thread 5068] [2.0] [cxt 0] Pipeline 'egress': start
[07:14:19.172] [bmv2] [T] [thread 5068] [2.0] [cxt 0] int.p4(331) Condition "standard_metadata.instance_type == 0" (node_14) is true
[07:14:19.172] [bmv2] [T] [thread 5068] [2.0] [cxt 0] int.p4(332) Condition "hdr.ipv4_option.optionLength==4" (node_15) is false
[07:14:19.172] [bmv2] [T] [thread 5068] [2.0] [cxt 0] int.p4(340) Condition "standard_metadata.instance_type == 1" (node_18) is false
[07:14:19.172] [bmv2] [D] [thread 5068] [2.0] [cxt 0] Pipeline 'egress': end
[07:14:19.172] [bmv2] [D] [thread 5068] [2.0] [cxt 0] Deparser 'deparser': start
[07:14:19.172] [bmv2] [T] [thread 5068] [2.0] [cxt 0] Skipping checksum 'cksum' update because condition not met
[07:14:19.172] [bmv2] [D] [thread 5068] [2.0] [cxt 0] Deparsing header 'ethernet'
[07:14:19.172] [bmv2] [D] [thread 5068] [2.0] [cxt 0] Deparser 'deparser': end
[07:14:19.172] [bmv2] [D] [thread 5068] [3.0] [cxt 0] Pipeline 'egress': start
[07:14:19.172] [bmv2] [T] [thread 5068] [3.0] [cxt 0] int.p4(331) Condition "standard_metadata.instance_type == 0" (node_14) is true
[07:14:19.172] [bmv2] [T] [thread 5068] [3.0] [cxt 0] int.p4(332) Condition "hdr.ipv4_option.optionLength==4" (node_15) is false
[07:14:19.172] [bmv2] [T] [thread 5068] [3.0] [cxt 0] int.p4(340) Condition "standard_metadata.instance_type == 1" (node_18) is false
[07:14:19.172] [bmv2] [D] [thread 5068] [3.0] [cxt 0] Pipeline 'egress': end
[07:14:19.172] [bmv2] [D] [thread 5068] [3.0] [cxt 0] Deparser 'deparser': start
[07:14:19.172] [bmv2] [T] [thread 5068] [3.0] [cxt 0] Skipping checksum 'cksum' update because condition not met
[07:14:19.172] [bmv2] [D] [thread 5068] [3.0] [cxt 0] Deparsing header 'ethernet'
[07:14:19.172] [bmv2] [D] [thread 5068] [3.0] [cxt 0] Deparser 'deparser': end
[07:14:19.172] [bmv2] [D] [thread 5072] [2.0] [cxt 0] Transmitting packet of size 70 out of port 0
[07:14:19.172] [bmv2] [D] [thread 5072] [3.0] [cxt 0] Transmitting packet of size 70 out of port 0
[07:14:19.428] [bmv2] [D] [thread 5067] [4.0] [cxt 0] Processing packet received on port 2
[07:14:19.428] [bmv2] [D] [thread 5067] [4.0] [cxt 0] Parser 'parser': start
[07:14:19.428] [bmv2] [D] [thread 5067] [4.0] [cxt 0] Parser 'parser' entering state 'start'
[07:14:19.428] [bmv2] [D] [thread 5067] [4.0] [cxt 0] Extracting header 'ethernet'
[07:14:19.428] [bmv2] [D] [thread 5067] [4.0] [cxt 0] Parser state 'start': key is 86dd
[07:14:19.428] [bmv2] [T] [thread 5067] [4.0] [cxt 0] Bytes parsed: 14
[07:14:19.428] [bmv2] [D] [thread 5067] [4.0] [cxt 0] Parser 'parser': end
[07:14:19.428] [bmv2] [D] [thread 5067] [4.0] [cxt 0] Pipeline 'ingress': start
[07:14:19.428] [bmv2] [T] [thread 5067] [4.0] [cxt 0] int.p4(257) Condition "hdr.ipv4.isValid()" (node_2) is false
[07:14:19.428] [bmv2] [D] [thread 5067] [4.0] [cxt 0] Pipeline 'ingress': end
[07:14:19.428] [bmv2] [D] [thread 5067] [4.0] [cxt 0] Egress port is 0
[07:14:19.429] [bmv2] [D] [thread 5068] [4.0] [cxt 0] Pipeline 'egress': start
[07:14:19.429] [bmv2] [T] [thread 5068] [4.0] [cxt 0] int.p4(331) Condition "standard_metadata.instance_type == 0" (node_14) is true
[07:14:19.429] [bmv2] [T] [thread 5068] [4.0] [cxt 0] int.p4(332) Condition "hdr.ipv4_option.optionLength==4" (node_15) is false
[07:14:19.429] [bmv2] [T] [thread 5068] [4.0] [cxt 0] int.p4(340) Condition "standard_metadata.instance_type == 1" (node_18) is false
[07:14:19.429] [bmv2] [D] [thread 5068] [4.0] [cxt 0] Pipeline 'egress': end
[07:14:19.429] [bmv2] [D] [thread 5068] [4.0] [cxt 0] Deparser 'deparser': start
[07:14:19.430] [bmv2] [T] [thread 5068] [4.0] [cxt 0] Skipping checksum 'cksum' update because condition not met
[07:14:19.430] [bmv2] [D] [thread 5068] [4.0] [cxt 0] Deparsing header 'ethernet'
[07:14:19.430] [bmv2] [D] [thread 5068] [4.0] [cxt 0] Deparser 'deparser': end
[07:14:19.430] [bmv2] [D] [thread 5072] [4.0] [cxt 0] Transmitting packet of size 70 out of port 0
